Script started on 2009Âπ¥08Êúà12Êó• ÊòüÊúü‰∏â 13Êó∂11ÂàÜ44Áßí
]0;root@ubuntu: ~/work/knightroot@ubuntu:~/work/knight# rake db
(in /root/work/knight)
]0;root@ubuntu: ~/work/knightroot@ubuntu:~/work/knight# rake db:drop:all
(in /root/work/knight)
]0;root@ubuntu: ~/work/knightroot@ubuntu:~/work/knight# rake db:create:all
(in /root/work/knight)
]0;root@ubuntu: ~/work/knightroot@ubuntu:~/work/knight# rake db:migrate
(in /root/work/knight)
==  CreateUsers: migrating ====================================================
-- create_table(:users)
   -> 0.0031s
==  CreateUsers: migrated (0.0236s) ===========================================

==  CreateProfiles: migrating =================================================
-- create_table(:profiles)
   -> 0.0035s
==  CreateProfiles: migrated (0.0037s) ========================================

==  CreateBlogs: migrating ====================================================
-- create_table(:blogs)
   -> 0.0107s
==  CreateBlogs: migrated (0.0109s) ===========================================

==  CreateCategories: migrating ===============================================
-- create_table(:categories)
   -> 0.0027s
==  CreateCategories: migrated (0.0028s) ======================================

==  CreateCategorizations: migrating ==========================================
-- create_table(:categorizations)
   -> 0.0029s
==  CreateCategorizations: migrated (0.0030s) =================================

==  CreateBlogVotes: migrating ================================================
-- create_table(:blog_votes)
   -> 0.0027s
==  CreateBlogVotes: migrated (0.0029s) =======================================

==  CreateForums: migrating ===================================================
-- create_table(:forums)
   -> 0.0032s
==  CreateForums: migrated (0.0108s) ==========================================

==  CreateTopics: migrating ===================================================
-- create_table(:topics)
   -> 0.0041s
==  CreateTopics: migrated (0.0044s) ==========================================

==  CreateComments: migrating =================================================
-- create_table(:comments)
   -> 0.0030s
==  CreateComments: migrated (0.0031s) ========================================

==  CreateBlogComments: migrating =============================================
-- create_table(:blog_comments)
   -> 0.0036s
==  CreateBlogComments: migrated (0.0038s) ====================================

==  CreateBanners: migrating ==================================================
-- create_table(:banners)
   -> 0.0030s
==  CreateBanners: migrated (0.0031s) =========================================

==  CreateCovers: migrating ===================================================
-- create_table(:covers)
   -> 0.0031s
==  CreateCovers: migrated (0.0032s) ==========================================

==  CreateImages: migrating ===================================================
-- create_table(:images)
   -> 0.0045s
==  CreateImages: migrated (0.0046s) ==========================================

==  CreateAdmins: migrating ===================================================
-- create_table(:admins)
   -> 0.0025s
==  CreateAdmins: migrated (0.0108s) ==========================================

]0;root@ubuntu: ~/work/knightroot@ubuntu:~/work/knight# rake
(in /root/work/knight)
[31mF[0m[32m.[0m[32m.[0m[32m.[0m[32m.[0m[32m.[0m[32m.[0m[32m.[0m[32m.[0m[32m.[0m[32m.[0m[32m.[0m[32m.[0m[32m.[0m[32m.[0m[32m.[0m[31mF[0m[31mF[0m[31mF[0m[31mF[0m[31mF[0m[31mF[0m/usr/local/lib/ruby/gems/1.8/gems/rspec-1.2.7/lib/spec/matchers/equal.rb:26: warning: multiple values for a block parameter (0 for 1)
	from /usr/local/lib/ruby/gems/1.8/gems/rspec-1.2.7/lib/spec/matchers/matcher.rb:72
[31mF[0m[31mF[0m[31mF[0m/usr/local/lib/ruby/gems/1.8/gems/rspec-1.2.7/lib/spec/matchers/equal.rb:26: warning: multiple values for a block parameter (0 for 1)
	from /usr/local/lib/ruby/gems/1.8/gems/rspec-1.2.7/lib/spec/matchers/matcher.rb:72
[31mF[0m[31mF[0m[32m.[0m[32m.[0m[32m.[0m[32m.[0m/usr/local/lib/ruby/gems/1.8/gems/rspec-1.2.7/lib/spec/matchers/equal.rb:26: warning: multiple values for a block parameter (0 for 1)
	from /usr/local/lib/ruby/gems/1.8/gems/rspec-1.2.7/lib/spec/matchers/matcher.rb:72
[31mF[0m[32m.[0m[32m.[0m[31mF[0m[31mF[0m[31mF[0m[32m.[0m[31mF[0m[31mF[0m[31mF[0m[31mF[0m[31mF[0m[31mF[0m[31mF[0m[31mF[0m[31mF[0m[31mF[0m[31mF[0m[31mF[0m[31mF[0m[31mF[0m[31mF[0m[31mF[0m[31mF[0m[31mF[0m[32m.[0m[31mF[0m[31mF[0m[31mF[0m[31mF[0m[31mF[0m[31mF[0m[31mF[0m[31mF[0m[31mF[0m[31mF[0m[31mF[0m[31mF[0m[31mF[0m[31mF[0m[31mF[0m[32m.[0m[31mF[0m[31mF[0m[31mF[0m[31mF[0m[31mF[0m[31mF[0m[31mF[0m[31mF[0m[31mF[0m[31mF[0m[31mF[0m[31mF[0m[31mF[0m[31mF[0m[31mF[0m[31mF[0m[31mF[0m[31mF[0m[31mF[0m[31mF[0m[31mF[0m[31mF[0m[31mF[0m[31mF[0m[31mF[0m[31mF[0m[31mF[0m[31mF[0m[31mF[0m[31mF[0m[31mF[0m[31mF[0m[31mF[0m[31mF[0m[31mF[0m[31mF[0m[31mF[0m[31mF[0m[31mF[0m[31mF[0m[31mF[0m[31mF[0m[31mF[0m[31mF[0m[31mF[0m[31mF[0m[31mF[0m[31mF[0m[31mF[0m[31mF[0m[31mF[0m[31mF[0m[31mF[0m[31mF[0m[32m.[0m[31mF[0m[32m.[0m[32m.[0m[32m.[0m[31mF[0m[31mF[0m[31mF[0m[32m.[0m[32m.[0m[32m.[0m[32m.[0m[32m.[0m[32m.[0m[32m.[0m[32m.[0m[32m.[0m[32m.[0m[32m.[0m[32m.[0m[32m.[0m[32m.[0m[32m.[0m[32m.[0m[31mF[0m[31mF[0m[31mF[0m[31mF[0m[31mF[0m[31mF[0m[31mF[0m[31mF[0m[31mF[0m[31mF[0m[31mF[0m[31mF[0m[31mF[0m[31mF[0m[31mF[0m[31mF[0m[32m.[0m[31mF[0m[31mF[0m[31mF[0m[31mF[0m[31mF[0m[31mF[0m[31mF[0m[31mF[0m[31mF[0m[31mF[0m[31mF[0m[31mF[0m[31mF[0m[31mF[0m[31mF[0m[31mF[0m[32m.[0m[31mF[0m[31mF[0m[31mF[0m[31mF[0m[31mF[0m[31mF[0m[31mF[0m[31mF[0m[31mF[0m[31mF[0m[31mF[0m[31mF[0m[31mF[0m[31mF[0m[31mF[0m[31mF[0m[31mF[0m[31mF[0m[32m.[0m[31mF[0m[31mF[0m[31mF[0m[31mF[0m[31mF[0m[31mF[0m[31mF[0m[31mF[0m[31mF[0m[31mF[0m[31mF[0m[31mF[0m[31mF[0m[31mF[0m[31mF[0m[31mF[0m[31mF[0m[31mF[0m[31mF[0m[31mF[0m[31mF[0m[31mF[0m[31mF[0m[31mF[0m[31mF[0m[31mF[0m[31mF[0m[31mF[0m[31mF[0m[31mF[0m[31mF[0m[31mF[0m[31mF[0m[31mF[0m[31mF[0m[32m.[0m[31mF[0m[31mF[0m[31mF[0m[31mF[0m[31mF[0m[31mF[0m[31mF[0m[31mF[0m[31mF[0m[31mF[0m[31mF[0m[31mF[0m[31mF[0m[31mF[0m[31mF[0m[31mF[0m[31mF[0m[31mF[0m[31mF[0m[31mF[0m[31mF[0m[31mF[0m[31mF[0m[31mF[0m[31mF[0m[31mF[0m[31mF[0m[31mF[0m[31mF[0m[31mF[0m[31mF[0m[31mF[0m[31mF[0m[31mF[0m[32m.[0m[32m.[0m[31mF[0m[31mF[0m[31mF[0m[31mF[0m[31mF[0m[31mF[0m[31mF[0m[31mF[0m[31mF[0m[31mF[0m[31mF[0m[31mF[0m[31mF[0m[31mF[0m[31mF[0m[31mF[0m[31mF[0m[31mF[0m[31mF[0m[31mF[0m[31mF[0m[31mF[0m[31mF[0m[31mF[0m[31mF[0m[31mF[0m[31mF[0m[31mF[0m[31mF[0m[31mF[0m[31mF[0m[31mF[0m[31mF[0m[32m.[0m[32m.[0m[31mF[0m[31mF[0m[32m.[0m[31mF[0m[31mF[0m[31mF[0m[31mF[0m[31mF[0m[31mF[0m[31mF[0m[31mF[0m[31mF[0m[31mF[0m[31mF[0m[31mF[0m[31mF[0m[31mF[0m[31mF[0m[31mF[0m[31mF[0m[32m.[0m[31mF[0m[31mF[0m[31mF[0m[31mF[0m[31mF[0m[31mF[0m[31mF[0m[31mF[0m[31mF[0m[31mF[0m[31mF[0m[31mF[0m[31mF[0m[31mF[0m[31mF[0m[31mF[0m[31mF[0m[31mF[0m[31mF[0m[31mF[0m[31mF[0m[31mF[0m[31mF[0m[31mF[0m[31mF[0m[31mF[0m[31mF[0m[31mF[0m[31mF[0m[31mF[0m[31mF[0m[31mF[0m[31mF[0m[31mF[0m[31mF[0m[31mF[0m[31mF[0m[31mF[0m[31mF[0m[31mF[0m[31mF[0m[31mF[0m[31mF[0m[31mF[0m[31mF[0m[31mF[0m[31mF[0m[31mF[0m[32m.[0m[32m.[0m[31mF[0m[31mF[0m[31mF[0m[31mF[0m[31mF[0m[31mF[0m[31mF[0m[31mF[0m[31mF[0m[32m.[0m[32m.[0m[32m.[0m[32m.[0m[32m.[0m[32m.[0m[32m.[0m[31mF[0m[31mF[0m[31mF[0m/usr/local/lib/ruby/gems/1.8/gems/rspec-1.2.7/lib/spec/matchers/equal.rb:26: warning: multiple values for a block parameter (0 for 1)
	from /usr/local/lib/ruby/gems/1.8/gems/rspec-1.2.7/lib/spec/matchers/matcher.rb:72
[31mF[0m[31mF[0m[31mF[0m/usr/local/lib/ruby/gems/1.8/gems/rspec-1.2.7/lib/spec/matchers/equal.rb:26: warning: multiple values for a block parameter (0 for 1)
	from /usr/local/lib/ruby/gems/1.8/gems/rspec-1.2.7/lib/spec/matchers/matcher.rb:72
[31mF[0m[31mF[0m/usr/local/lib/ruby/gems/1.8/gems/rspec-1.2.7/lib/spec/matchers/equal.rb:26: warning: multiple values for a block parameter (0 for 1)
	from /usr/local/lib/ruby/gems/1.8/gems/rspec-1.2.7/lib/spec/matchers/matcher.rb:72
[31mF[0m[31mF[0m/usr/local/lib/ruby/gems/1.8/gems/rspec-1.2.7/lib/spec/matchers/equal.rb:26: warning: multiple values for a block parameter (0 for 1)
	from /usr/local/lib/ruby/gems/1.8/gems/rspec-1.2.7/lib/spec/matchers/matcher.rb:72
[31mF[0m[31mF[0m/usr/local/lib/ruby/gems/1.8/gems/rspec-1.2.7/lib/spec/matchers/equal.rb:26: warning: multiple values for a block parameter (0 for 1)
	from /usr/local/lib/ruby/gems/1.8/gems/rspec-1.2.7/lib/spec/matchers/matcher.rb:72
[31mF[0m/usr/local/lib/ruby/gems/1.8/gems/rspec-1.2.7/lib/spec/matchers/equal.rb:26: warning: multiple values for a block parameter (0 for 1)
	from /usr/local/lib/ruby/gems/1.8/gems/rspec-1.2.7/lib/spec/matchers/matcher.rb:72
[31mF[0m/usr/local/lib/ruby/gems/1.8/gems/rspec-1.2.7/lib/spec/matchers/equal.rb:26: warning: multiple values for a block parameter (0 for 1)
	from /usr/local/lib/ruby/gems/1.8/gems/rspec-1.2.7/lib/spec/matchers/matcher.rb:72
[31mF[0m[31mF[0m[31mF[0m[32m.[0m[31mF[0m[32m.[0m[32m.[0m[31mF[0m[32m.[0m[32m.[0m[32m.[0m[32m.[0m[32m.[0m[32m.[0m[32m.[0m[32m.[0m[32m.[0m[32m.[0m[32m.[0m[32m.[0m[32m.[0m[32m.[0m

1)
[31m'/users/show.html.erb renders attributes in <p>' FAILED
expected /value\ for\ hashed_password/, got "<p>\n  \n    <img alt=\"User_logo\" src=\"/images/custom/user_logo.gif?1234344665\" />\n  \n\n<p>\n  <b>ÊòµÁß∞:</b>\n  value for name\n</p>\n\n<p>\n  <b>‰∏™‰∫∫‰ø°ÊÅØ:</b>\n  value for info\n</p>\n\n<p>\n  <b>Êù•Ëá™:</b>\n  value for from\n</p>\n\n<p>\n  <b>ÊÄßÂà´:</b>\n  value for sex\n</p>\n\n<p>\n  <b>ËÅå‰∏ö:</b>\n  value for profession\n</p>\n\n<p>\n  <b>ÂÖ¥Ë∂£:</b>\n  value for taste\n</p>\n\n<p>\n  <b>Email:</b>\n  value for email\n</p>\n\n\n\n"[0m
./spec/views/users/show.html.erb_spec.rb:28:

2)
[31m'/users/new.html.erb renders new user form' FAILED
Expected at least 1 element matching "input#user_hashed_password[name='user[hashed_password]']", found 0.
<false> is not true.[0m
./spec/views/users/new.html.erb_spec.rb:32:
./spec/views/users/new.html.erb_spec.rb:24:

3)
[31m'/users/edit.html.erb renders the edit user form' FAILED
Expected at least 1 element matching "input#user_hashed_password[name='user[hashed_password]']", found 0.
<false> is not true.[0m
./spec/views/users/edit.html.erb_spec.rb:32:
./spec/views/users/edit.html.erb_spec.rb:24:

4)
[31mActionView::MissingTemplate in '/users/index.html.erb renders a list of users'
Missing template users/index.html.erb in view path /root/work/knight/app/views:[0m
./spec/views/users/index.html.erb_spec.rb:34:

5)
[31mSpec::Mocks::MockExpectationError in 'UsersController DELETE destroy destroys the requested user'
<User(id: integer, name: string, info: text, from: string, sex: string, profession: string, taste: string, email: string, hashed_password: string, salt: string, created_at: datetime, updated_at: datetime) (class)> expected :find with ("37") once, but received it 0 times[0m
./spec/controllers/users_controller_spec.rb:119:

6)
[31m'UsersController DELETE destroy redirects to the users list' FAILED
expected redirect to "http://test.host/users", got no redirect[0m
./spec/controllers/users_controller_spec.rb:127:

7)
[31mSpec::Mocks::MockExpectationError in 'UsersController PUT update with invalid params updates the requested user'
<User(id: integer, name: string, info: text, from: string, sex: string, profession: string, taste: string, email: string, hashed_password: string, salt: string, created_at: datetime, updated_at: datetime) (class)> expected :find with ("37") once, but received it 0 times[0m
./spec/controllers/users_controller_spec.rb:97:

8)
[31m'UsersController PUT update with invalid params assigns the user as @user' FAILED

expected #<User:70231583264980> => #<User:0x3fe0109290d4 @name="User_1009">
     got #<NilClass:4> => nil

Compared using equal?, which compares object identity,
but expected and actual are not the same object. Use
'actual.should == expected' if you don't care about
object identity in this example.

[0m
./spec/controllers/users_controller_spec.rb:105:

9)
[31m'UsersController PUT update with invalid params re-renders the 'edit' template' FAILED
expected "edit", got "/root/work/knight/public/404.html"[0m
./spec/controllers/users_controller_spec.rb:111:

10)
[31mSpec::Mocks::MockExpectationError in 'UsersController PUT update with valid params updates the requested user'
<User(id: integer, name: string, info: text, from: string, sex: string, profession: string, taste: string, email: string, hashed_password: string, salt: string, created_at: datetime, updated_at: datetime) (class)> expected :find with ("37") once, but received it 0 times[0m
./spec/controllers/users_controller_spec.rb:77:

11)
[31m'UsersController PUT update with valid params assigns the requested user as @user' FAILED

expected #<User:70231583077120> => #<User:0x3fe0108fb300 @name="User_1012">
     got #<NilClass:4> => nil

Compared using equal?, which compares object identity,
but expected and actual are not the same object. Use
'actual.should == expected' if you don't care about
object identity in this example.

[0m
./spec/controllers/users_controller_spec.rb:85:

12)
[31m'UsersController PUT update with valid params redirects to the user' FAILED
expected redirect to "http://test.host/users/1013", got no redirect[0m
./spec/controllers/users_controller_spec.rb:91:

13)
[31m'UsersController GET edit assigns the requested user as @user' FAILED

expected #<User:70231582729780> => #<User:0x3fe0108a6634 @name="User_1018">
     got #<NilClass:4> => nil

Compared using equal?, which compares object identity,
but expected and actual are not the same object. Use
'actual.should == expected' if you don't care about
object identity in this example.

[0m
./spec/controllers/users_controller_spec.rb:37:

14)
[31mActionController::UnknownAction in 'UsersController GET index assigns all users as @users'
No action responded to index. Actions: create, edit, exception, exception=, new, rescue_action_without_handler, show, and update[0m
./spec/controllers/users_controller_spec.rb:12:

15)
[31mActiveRecord::RecordInvalid in 'User should create a new instance given valid attributes'
Validation failed: Password is too short (minimum is 6 characters), Email ÈÇÆÁÆ±ÊúâËØØ[0m
./spec/models/user_spec.rb:19:

16)
[31mActionView::MissingTemplate in '/profiles/index.html.erb renders a list of profiles'
Missing template profiles/index.html.erb in view path /root/work/knight/app/views:[0m
./spec/views/profiles/index.html.erb_spec.rb:30:

17)
[31mActionView::MissingTemplate in '/profiles/edit.html.erb renders the edit profile form'
Missing template profiles/edit.html.erb in view path /root/work/knight/app/views:[0m
./spec/views/profiles/edit.html.erb_spec.rb:20:

18)
[31mActionView::TemplateError in '/profiles/new.html.erb renders new profile form'
user_profiles_url failed to generate from {:action=>"index", :controller=>"profiles"} - you may have ambiguous routes, or you may need to supply additional parameters for this route.  content_url has the following required parameters: ["users", :user_id, "profiles"] - are they all satisfied?[0m
On line #4 of app/views/profiles/new.html.erb

    1: ÊàëËøòÊ≤°ÊúâÂ§¥ÂÉèÔºåÊòØÂê¶‰∏ä‰º†‰∏ÄÂº†Ôºü
    2: <br />
    3: <br />
    4: <% form_for(@profile,:url => user_profiles_path, :html=>{:multipart=>true}) do |f| %>
    5:   <%= f.error_messages %>
    6:   <p>
    7:     <%= f.file_field :uploaded_data %>

    /usr/local/lib/ruby/gems/1.8/gems/actionpack-2.2.2/lib/action_controller/routing/route_set.rb:381:in `raise_named_route_error'
    /usr/local/lib/ruby/gems/1.8/gems/actionpack-2.2.2/lib/action_controller/routing/route_set.rb:341:in `generate'
    /usr/local/lib/ruby/gems/1.8/gems/actionpack-2.2.2/lib/action_controller/url_rewriter.rb:208:in `rewrite_path'
    /usr/local/lib/ruby/gems/1.8/gems/actionpack-2.2.2/lib/action_controller/url_rewriter.rb:187:in `rewrite_url'
    /usr/local/lib/ruby/gems/1.8/gems/actionpack-2.2.2/lib/action_controller/url_rewriter.rb:165:in `rewrite'
    /usr/local/lib/ruby/gems/1.8/gems/actionpack-2.2.2/lib/action_controller/base.rb:626:in `url_for'
    /usr/local/lib/ruby/gems/1.8/gems/actionpack-2.2.2/lib/action_view/helpers/url_helper.rb:85:in `send'
    /usr/local/lib/ruby/gems/1.8/gems/actionpack-2.2.2/lib/action_view/helpers/url_helper.rb:85:in `url_for'
    (eval):18:in `user_profiles_path'
    app/views/profiles/new.html.erb:4
    /usr/local/lib/ruby/gems/1.8/gems/actionpack-2.2.2/lib/action_view/renderable.rb:39:in `send'
    /usr/local/lib/ruby/gems/1.8/gems/actionpack-2.2.2/lib/action_view/renderable.rb:39:in `render'
    /usr/local/lib/ruby/gems/1.8/gems/actionpack-2.2.2/lib/action_view/template.rb:73:in `render_template'
    /usr/local/lib/ruby/gems/1.8/gems/actionpack-2.2.2/lib/action_view/base.rb:256:in `render_without_mock_proxy'
    /usr/local/lib/ruby/gems/1.8/gems/rspec-rails-1.2.7.1/lib/spec/rails/extensions/action_view/base.rb:27:in `render'
    /usr/local/lib/ruby/gems/1.8/gems/actionpack-2.2.2/lib/action_controller/base.rb:1174:in `render_for_file'
    /usr/local/lib/ruby/gems/1.8/gems/actionpack-2.2.2/lib/action_controller/base.rb:899:in `render_without_benchmark'
    /usr/local/lib/ruby/gems/1.8/gems/actionpack-2.2.2/lib/action_controller/benchmarking.rb:51:in `render'
    /usr/local/lib/ruby/gems/1.8/gems/activesupport-2.2.2/lib/active_support/core_ext/benchmark.rb:8:in `realtime'
    /usr/local/lib/ruby/gems/1.8/gems/actionpack-2.2.2/lib/action_controller/benchmarking.rb:51:in `render'
    /usr/local/lib/ruby/gems/1.8/gems/rspec-rails-1.2.7.1/lib/spec/rails/example/view_example_group.rb:170:in `__send__'
    /usr/local/lib/ruby/gems/1.8/gems/rspec-rails-1.2.7.1/lib/spec/rails/example/view_example_group.rb:170:in `render'
    spec/views/profiles/new.html.erb_spec.rb:20
    /usr/local/lib/ruby/gems/1.8/gems/rspec-1.2.7/lib/spec/example/example_methods.rb:40:in `instance_eval'
    /usr/local/lib/ruby/gems/1.8/gems/rspec-1.2.7/lib/spec/example/example_methods.rb:40:in `execute'
    /usr/local/lib/ruby/1.8/timeout.rb:53:in `timeout'
    /usr/local/lib/ruby/gems/1.8/gems/rspec-1.2.7/lib/spec/example/example_methods.rb:37:in `execute'
    /usr/local/lib/ruby/gems/1.8/gems/rspec-1.2.7/lib/spec/example/example_group_methods.rb:207:in `run_examples'
    /usr/local/lib/ruby/gems/1.8/gems/rspec-1.2.7/lib/spec/example/example_group_methods.rb:205:in `each'
    /usr/local/lib/ruby/gems/1.8/gems/rspec-1.2.7/lib/spec/example/example_group_methods.rb:205:in `run_examples'
    /usr/local/lib/ruby/gems/1.8/gems/rspec-1.2.7/lib/spec/example/example_group_methods.rb:103:in `run'
    /usr/local/lib/ruby/gems/1.8/gems/rspec-1.2.7/lib/spec/runner/example_group_runner.rb:23:in `run'
    /usr/local/lib/ruby/gems/1.8/gems/rspec-1.2.7/lib/spec/runner/example_group_runner.rb:22:in `each'
    /usr/local/lib/ruby/gems/1.8/gems/rspec-1.2.7/lib/spec/runner/example_group_runner.rb:22:in `run'
    /usr/local/lib/ruby/gems/1.8/gems/rspec-1.2.7/lib/spec/runner/options.rb:127:in `run_examples'
    /usr/local/lib/ruby/gems/1.8/gems/rspec-1.2.7/lib/spec/runner/command_line.rb:9:in `run'
    /usr/local/lib/ruby/gems/1.8/gems/rspec-1.2.7/bin/spec:4

19)
[31mActionController::RoutingError in 'ProfilesController DELETE destroy destroys the requested profile'
No route matches {:action=>"destroy", :controller=>"profiles", :id=>"37"}[0m
./spec/controllers/profiles_controller_spec.rb:121:

20)
[31mActionController::RoutingError in 'ProfilesController DELETE destroy redirects to the profiles list'
No route matches {:action=>"destroy", :controller=>"profiles", :id=>"1"}[0m
./spec/controllers/profiles_controller_spec.rb:126:

21)
[31mActionController::RoutingError in 'ProfilesController PUT update with invalid params updates the requested profile'
No route matches {:action=>"update", :controller=>"profiles", :profile=>{:these=>"params"}, :id=>"37"}[0m
./spec/controllers/profiles_controller_spec.rb:99:

22)
[31mActionController::RoutingError in 'ProfilesController PUT update with invalid params assigns the profile as @profile'
No route matches {:action=>"update", :controller=>"profiles", :id=>"1"}[0m
./spec/controllers/profiles_controller_spec.rb:104:

23)
[31mActionController::RoutingError in 'ProfilesController PUT update with invalid params re-renders the 'edit' template'
No route matches {:action=>"update", :controller=>"profiles", :id=>"1"}[0m
./spec/controllers/profiles_controller_spec.rb:110:

24)
[31mActionController::RoutingError in 'ProfilesController PUT update with valid params updates the requested profile'
No route matches {:action=>"update", :controller=>"profiles", :profile=>{:these=>"params"}, :id=>"37"}[0m
./spec/controllers/profiles_controller_spec.rb:79:

25)
[31mActionController::RoutingError in 'ProfilesController PUT update with valid params assigns the requested profile as @profile'
No route matches {:action=>"update", :controller=>"profiles", :id=>"1"}[0m
./spec/controllers/profiles_controller_spec.rb:84:

26)
[31mActionController::RoutingError in 'ProfilesController PUT update with valid params redirects to the profile'
No route matches {:action=>"update", :controller=>"profiles", :id=>"1"}[0m
./spec/controllers/profiles_controller_spec.rb:90:

27)
[31mActionController::RoutingError in 'ProfilesController POST create with invalid params assigns a newly created but unsaved profile as @profile'
No route matches {:action=>"create", :controller=>"profiles", :profile=>{:these=>"params"}}[0m
./spec/controllers/profiles_controller_spec.rb:60:

28)
[31mActionController::RoutingError in 'ProfilesController POST create with invalid params re-renders the 'new' template'
No route matches {:action=>"create", :controller=>"profiles", :profile=>{}}[0m
./spec/controllers/profiles_controller_spec.rb:66:

29)
[31mActionController::RoutingError in 'ProfilesController POST create with valid params assigns a newly created profile as @profile'
No route matches {:action=>"create", :controller=>"profiles", :profile=>{:these=>"params"}}[0m
./spec/controllers/profiles_controller_spec.rb:46:

30)
[31mActionController::RoutingError in 'ProfilesController POST create with valid params redirects to the created profile'
No route matches {:action=>"create", :controller=>"profiles", :profile=>{}}[0m
./spec/controllers/profiles_controller_spec.rb:52:

31)
[31mActionController::RoutingError in 'ProfilesController GET edit assigns the requested profile as @profile'
No route matches {:action=>"edit", :controller=>"profiles", :id=>"37"}[0m
./spec/controllers/profiles_controller_spec.rb:36:

32)
[31mActionController::RoutingError in 'ProfilesController GET new assigns a new profile as @profile'
No route matches {:action=>"new", :controller=>"profiles"}[0m
./spec/controllers/profiles_controller_spec.rb:28:

33)
[31mActionController::RoutingError in 'ProfilesController GET show assigns the requested profile as @profile'
No route matches {:action=>"show", :controller=>"profiles", :id=>"37"}[0m
./spec/controllers/profiles_controller_spec.rb:20:

34)
[31mActionController::RoutingError in 'ProfilesController GET index assigns all profiles as @profiles'
No route matches {:action=>"index", :controller=>"profiles"}[0m
./spec/controllers/profiles_controller_spec.rb:12:

35)
[31mActionController::RoutingError in 'ProfilesController route recognition generates params for #index'
No route matches "/profiles" with {:method=>:get}[0m
./spec/routing/profiles_routing_spec.rb:36:

36)
[31mActionController::RoutingError in 'ProfilesController route recognition generates params for #new'
No route matches "/profiles/new" with {:method=>:get}[0m
./spec/routing/profiles_routing_spec.rb:40:

37)
[31mActionController::RoutingError in 'ProfilesController route recognition generates params for #create'
No route matches "/profiles" with {:method=>:post}[0m
./spec/routing/profiles_routing_spec.rb:44:

38)
[31mActionController::RoutingError in 'ProfilesController route recognition generates params for #show'
No route matches "/profiles/1" with {:method=>:get}[0m
./spec/routing/profiles_routing_spec.rb:48:

39)
[31mActionController::RoutingError in 'ProfilesController route recognition generates params for #edit'
No route matches "/profiles/1/edit" with {:method=>:get}[0m
./spec/routing/profiles_routing_spec.rb:52:

40)
[31mActionController::RoutingError in 'ProfilesController route recognition generates params for #update'
No route matches "/profiles/1" with {:method=>:put}[0m
./spec/routing/profiles_routing_spec.rb:56:

41)
[31mActionController::RoutingError in 'ProfilesController route recognition generates params for #destroy'
No route matches "/profiles/1" with {:method=>:delete}[0m
./spec/routing/profiles_routing_spec.rb:60:

42)
[31mActionController::RoutingError in 'ProfilesController route generation maps #index'
No route matches "/profiles" with {:method=>:get}[0m
./spec/routing/profiles_routing_spec.rb:6:

43)
[31mActionController::RoutingError in 'ProfilesController route generation maps #new'
No route matches "/profiles/new" with {:method=>:get}[0m
./spec/routing/profiles_routing_spec.rb:10:

44)
[31mActionController::RoutingError in 'ProfilesController route generation maps #show'
No route matches "/profiles/1" with {:method=>:get}[0m
./spec/routing/profiles_routing_spec.rb:14:

45)
[31mActionController::RoutingError in 'ProfilesController route generation maps #edit'
No route matches "/profiles/1/edit" with {:method=>:get}[0m
./spec/routing/profiles_routing_spec.rb:18:

46)
[31mActionController::RoutingError in 'ProfilesController route generation maps #create'
No route matches "/profiles" with {:method=>:post}[0m
./spec/routing/profiles_routing_spec.rb:22:

47)
[31mActionController::RoutingError in 'ProfilesController route generation maps #update'
No route matches "/profiles/1" with {:method=>:put}[0m
./spec/routing/profiles_routing_spec.rb:26:

48)
[31mActionController::RoutingError in 'ProfilesController route generation maps #destroy'
No route matches "/profiles/1" with {:method=>:delete}[0m
./spec/routing/profiles_routing_spec.rb:30:

49)
[31m'/profiles/show.html.erb renders attributes in <p>' FAILED
expected /value\ for\ content_type/, got "<div id=\"cool_profile\">\n  <img alt=\"Value for filename\" src=\"/profiles/0000/0001/value for filename\" />\n</div>\n<br />\n<br />\n\n<div id=\"new_profile\" >\n   <input onclick=\"jQuery.ajax({dataType:'script', type:'get', url:'/users//profiles/new'});\" type=\"button\" value=\"Êç¢Êñ∞Â§¥ÂÉè\" />\n</div>\n\n\n\n"[0m
./spec/views/profiles/show.html.erb_spec.rb:24:

50)
[31mNoMethodError in 'Blog should create a new instance given valid attributes'
You have a nil object when you didn't expect it!
The error occurred while evaluating nil.categories[0m
/root/work/knight/app/models/blog.rb:24:in `category='
/root/work/knight/app/models/blog.rb:23:in `each'
/root/work/knight/app/models/blog.rb:23:in `category='
./spec/models/blog_spec.rb:15:

51)
[31mActionView::TemplateError in '/blogs/edit.html.erb renders the edit blog form'
user_blog_url failed to generate from {:action=>"show", :controller=>"blogs"} - you may have ambiguous routes, or you may need to supply additional parameters for this route.  content_url has the following required parameters: ["users", :user_id, "blogs", :id] - are they all satisfied?[0m
On line #1 of app/views/blogs/edit.html.erb

    1: <% form_for(@blog, :url => user_blog_path) do |f| %>
    2:   <%= f.error_messages %>
    3: 
    4:   <p>

    /usr/local/lib/ruby/gems/1.8/gems/actionpack-2.2.2/lib/action_controller/routing/route_set.rb:381:in `raise_named_route_error'
    /usr/local/lib/ruby/gems/1.8/gems/actionpack-2.2.2/lib/action_controller/routing/route_set.rb:341:in `generate'
    /usr/local/lib/ruby/gems/1.8/gems/actionpack-2.2.2/lib/action_controller/url_rewriter.rb:208:in `rewrite_path'
    /usr/local/lib/ruby/gems/1.8/gems/actionpack-2.2.2/lib/action_controller/url_rewriter.rb:187:in `rewrite_url'
    /usr/local/lib/ruby/gems/1.8/gems/actionpack-2.2.2/lib/action_controller/url_rewriter.rb:165:in `rewrite'
    /usr/local/lib/ruby/gems/1.8/gems/actionpack-2.2.2/lib/action_controller/base.rb:626:in `url_for'
    /usr/local/lib/ruby/gems/1.8/gems/actionpack-2.2.2/lib/action_view/helpers/url_helper.rb:85:in `send'
    /usr/local/lib/ruby/gems/1.8/gems/actionpack-2.2.2/lib/action_view/helpers/url_helper.rb:85:in `url_for'
    (eval):16:in `user_blog_path'
    app/views/blogs/edit.html.erb:1
    /usr/local/lib/ruby/gems/1.8/gems/actionpack-2.2.2/lib/action_view/renderable.rb:39:in `send'
    /usr/local/lib/ruby/gems/1.8/gems/actionpack-2.2.2/lib/action_view/renderable.rb:39:in `render'
    /usr/local/lib/ruby/gems/1.8/gems/actionpack-2.2.2/lib/action_view/template.rb:73:in `render_template'
    /usr/local/lib/ruby/gems/1.8/gems/actionpack-2.2.2/lib/action_view/base.rb:256:in `render_without_mock_proxy'
    /usr/local/lib/ruby/gems/1.8/gems/rspec-rails-1.2.7.1/lib/spec/rails/extensions/action_view/base.rb:27:in `render'
    /usr/local/lib/ruby/gems/1.8/gems/actionpack-2.2.2/lib/action_controller/base.rb:1174:in `render_for_file'
    /usr/local/lib/ruby/gems/1.8/gems/actionpack-2.2.2/lib/action_controller/base.rb:899:in `render_without_benchmark'
    /usr/local/lib/ruby/gems/1.8/gems/actionpack-2.2.2/lib/action_controller/benchmarking.rb:51:in `render'
    /usr/local/lib/ruby/gems/1.8/gems/activesupport-2.2.2/lib/active_support/core_ext/benchmark.rb:8:in `realtime'
    /usr/local/lib/ruby/gems/1.8/gems/actionpack-2.2.2/lib/action_controller/benchmarking.rb:51:in `render'
    /usr/local/lib/ruby/gems/1.8/gems/rspec-rails-1.2.7.1/lib/spec/rails/example/view_example_group.rb:170:in `__send__'
    /usr/local/lib/ruby/gems/1.8/gems/rspec-rails-1.2.7.1/lib/spec/rails/example/view_example_group.rb:170:in `render'
    spec/views/blogs/edit.html.erb_spec.rb:18
    /usr/local/lib/ruby/gems/1.8/gems/rspec-1.2.7/lib/spec/example/example_methods.rb:40:in `instance_eval'
    /usr/local/lib/ruby/gems/1.8/gems/rspec-1.2.7/lib/spec/example/example_methods.rb:40:in `execute'
    /usr/local/lib/ruby/1.8/timeout.rb:53:in `timeout'
    /usr/local/lib/ruby/gems/1.8/gems/rspec-1.2.7/lib/spec/example/example_methods.rb:37:in `execute'
    /usr/local/lib/ruby/gems/1.8/gems/rspec-1.2.7/lib/spec/example/example_group_methods.rb:207:in `run_examples'
    /usr/local/lib/ruby/gems/1.8/gems/rspec-1.2.7/lib/spec/example/example_group_methods.rb:205:in `each'
    /usr/local/lib/ruby/gems/1.8/gems/rspec-1.2.7/lib/spec/example/example_group_methods.rb:205:in `run_examples'
    /usr/local/lib/ruby/gems/1.8/gems/rspec-1.2.7/lib/spec/example/example_group_methods.rb:103:in `run'
    /usr/local/lib/ruby/gems/1.8/gems/rspec-1.2.7/lib/spec/runner/example_group_runner.rb:23:in `run'
    /usr/local/lib/ruby/gems/1.8/gems/rspec-1.2.7/lib/spec/runner/example_group_runner.rb:22:in `each'
    /usr/local/lib/ruby/gems/1.8/gems/rspec-1.2.7/lib/spec/runner/example_group_runner.rb:22:in `run'
    /usr/local/lib/ruby/gems/1.8/gems/rspec-1.2.7/lib/spec/runner/options.rb:127:in `run_examples'
    /usr/local/lib/ruby/gems/1.8/gems/rspec-1.2.7/lib/spec/runner/command_line.rb:9:in `run'
    /usr/local/lib/ruby/gems/1.8/gems/rspec-1.2.7/bin/spec:4

52)
[31mActionController::RoutingError in 'BlogsController DELETE destroy destroys the requested blog'
No route matches {:action=>"destroy", :controller=>"blogs", :id=>"37"}[0m
./spec/controllers/blogs_controller_spec.rb:121:

53)
[31mActionController::RoutingError in 'BlogsController DELETE destroy redirects to the blogs list'
No route matches {:action=>"destroy", :controller=>"blogs", :id=>"1"}[0m
./spec/controllers/blogs_controller_spec.rb:126:

54)
[31mActionController::RoutingError in 'BlogsController PUT update with invalid params updates the requested blog'
No route matches {:blog=>{:these=>"params"}, :action=>"update", :controller=>"blogs", :id=>"37"}[0m
./spec/controllers/blogs_controller_spec.rb:99:

55)
[31mActionController::RoutingError in 'BlogsController PUT update with invalid params assigns the blog as @blog'
No route matches {:action=>"update", :controller=>"blogs", :id=>"1"}[0m
./spec/controllers/blogs_controller_spec.rb:104:

56)
[31mActionController::RoutingError in 'BlogsController PUT update with invalid params re-renders the 'edit' template'
No route matches {:action=>"update", :controller=>"blogs", :id=>"1"}[0m
./spec/controllers/blogs_controller_spec.rb:110:

57)
[31mActionController::RoutingError in 'BlogsController PUT update with valid params updates the requested blog'
No route matches {:blog=>{:these=>"params"}, :action=>"update", :controller=>"blogs", :id=>"37"}[0m
./spec/controllers/blogs_controller_spec.rb:79:

58)
[31mActionController::RoutingError in 'BlogsController PUT update with valid params assigns the requested blog as @blog'
No route matches {:action=>"update", :controller=>"blogs", :id=>"1"}[0m
./spec/controllers/blogs_controller_spec.rb:84:

59)
[31mActionController::RoutingError in 'BlogsController PUT update with valid params redirects to the blog'
No route matches {:action=>"update", :controller=>"blogs", :id=>"1"}[0m
./spec/controllers/blogs_controller_spec.rb:90:

60)
[31mActionController::RoutingError in 'BlogsController POST create with invalid params assigns a newly created but unsaved blog as @blog'
No route matches {:blog=>{:these=>"params"}, :action=>"create", :controller=>"blogs"}[0m
./spec/controllers/blogs_controller_spec.rb:60:

61)
[31mActionController::RoutingError in 'BlogsController POST create with invalid params re-renders the 'new' template'
No route matches {:blog=>{}, :action=>"create", :controller=>"blogs"}[0m
./spec/controllers/blogs_controller_spec.rb:66:

62)
[31mActionController::RoutingError in 'BlogsController POST create with valid params assigns a newly created blog as @blog'
No route matches {:blog=>{:these=>"params"}, :action=>"create", :controller=>"blogs"}[0m
./spec/controllers/blogs_controller_spec.rb:46:

63)
[31mActionController::RoutingError in 'BlogsController POST create with valid params redirects to the created blog'
No route matches {:blog=>{}, :action=>"create", :controller=>"blogs"}[0m
./spec/controllers/blogs_controller_spec.rb:52:

64)
[31mActionController::RoutingError in 'BlogsController GET edit assigns the requested blog as @blog'
No route matches {:action=>"edit", :controller=>"blogs", :id=>"37"}[0m
./spec/controllers/blogs_controller_spec.rb:36:

65)
[31mActionController::RoutingError in 'BlogsController GET new assigns a new blog as @blog'
No route matches {:action=>"new", :controller=>"blogs"}[0m
./spec/controllers/blogs_controller_spec.rb:28:

66)
[31mActionController::RoutingError in 'BlogsController GET show assigns the requested blog as @blog'
No route matches {:action=>"show", :controller=>"blogs", :id=>"37"}[0m
./spec/controllers/blogs_controller_spec.rb:20:

67)
[31mActionController::RoutingError in 'BlogsController GET index assigns all blogs as @blogs'
No route matches {:action=>"index", :controller=>"blogs"}[0m
./spec/controllers/blogs_controller_spec.rb:12:

68)
[31mActionView::TemplateError in '/blogs/index.html.erb renders a list of blogs'
user_blog_url failed to generate from {:action=>"show", :controller=>"blogs", :id=>1060}, expected: {:action=>"show", :controller=>"blogs"}, diff: {:id=>1060}[0m
On line #23 of app/views/blogs/index.html.erb

    20: 
    21: 	<% for blog in @blogs %>
    22: 		<tr>
    23: 		  <td class="index_blog_title" ><%= link_to h(blog.title), user_blog_path(:id => blog.id) %></td>
    24: 		  <td><%= blog.updated_at.to_formatted_s(:short) %></td>
    25: 		  <td><%= blog.view_times %></td>
    26: 		  <td><%=h blog.blog_comments.size %></td>

    /usr/local/lib/ruby/gems/1.8/gems/actionpack-2.2.2/lib/action_controller/routing/route_set.rb:377:in `raise_named_route_error'
    /usr/local/lib/ruby/gems/1.8/gems/actionpack-2.2.2/lib/action_controller/routing/route_set.rb:341:in `generate'
    /usr/local/lib/ruby/gems/1.8/gems/actionpack-2.2.2/lib/action_controller/url_rewriter.rb:208:in `rewrite_path'
    /usr/local/lib/ruby/gems/1.8/gems/actionpack-2.2.2/lib/action_controller/url_rewriter.rb:187:in `rewrite_url'
    /usr/local/lib/ruby/gems/1.8/gems/actionpack-2.2.2/lib/action_controller/url_rewriter.rb:165:in `rewrite'
    /usr/local/lib/ruby/gems/1.8/gems/actionpack-2.2.2/lib/action_controller/base.rb:626:in `url_for'
    /usr/local/lib/ruby/gems/1.8/gems/actionpack-2.2.2/lib/action_view/helpers/url_helper.rb:85:in `send'
    /usr/local/lib/ruby/gems/1.8/gems/actionpack-2.2.2/lib/action_view/helpers/url_helper.rb:85:in `url_for'
    (eval):16:in `user_blog_path'
    app/views/blogs/index.html.erb:23
    app/views/blogs/index.html.erb:21:in `each'
    app/views/blogs/index.html.erb:21
    /usr/local/lib/ruby/gems/1.8/gems/actionpack-2.2.2/lib/action_view/renderable.rb:39:in `send'
    /usr/local/lib/ruby/gems/1.8/gems/actionpack-2.2.2/lib/action_view/renderable.rb:39:in `render'
    /usr/local/lib/ruby/gems/1.8/gems/actionpack-2.2.2/lib/action_view/template.rb:73:in `render_template'
    /usr/local/lib/ruby/gems/1.8/gems/actionpack-2.2.2/lib/action_view/base.rb:256:in `render_without_mock_proxy'
    /usr/local/lib/ruby/gems/1.8/gems/rspec-rails-1.2.7.1/lib/spec/rails/extensions/action_view/base.rb:27:in `render'
    /usr/local/lib/ruby/gems/1.8/gems/actionpack-2.2.2/lib/action_controller/base.rb:1174:in `render_for_file'
    /usr/local/lib/ruby/gems/1.8/gems/actionpack-2.2.2/lib/action_controller/base.rb:899:in `render_without_benchmark'
    /usr/local/lib/ruby/gems/1.8/gems/actionpack-2.2.2/lib/action_controller/benchmarking.rb:51:in `render'
    /usr/local/lib/ruby/gems/1.8/gems/activesupport-2.2.2/lib/active_support/core_ext/benchmark.rb:8:in `realtime'
    /usr/local/lib/ruby/gems/1.8/gems/actionpack-2.2.2/lib/action_controller/benchmarking.rb:51:in `render'
    /usr/local/lib/ruby/gems/1.8/gems/rspec-rails-1.2.7.1/lib/spec/rails/example/view_example_group.rb:170:in `__send__'
    /usr/local/lib/ruby/gems/1.8/gems/rspec-rails-1.2.7.1/lib/spec/rails/example/view_example_group.rb:170:in `render'
    spec/views/blogs/index.html.erb_spec.rb:26
    /usr/local/lib/ruby/gems/1.8/gems/rspec-1.2.7/lib/spec/example/example_methods.rb:40:in `instance_eval'
    /usr/local/lib/ruby/gems/1.8/gems/rspec-1.2.7/lib/spec/example/example_methods.rb:40:in `execute'
    /usr/local/lib/ruby/1.8/timeout.rb:53:in `timeout'
    /usr/local/lib/ruby/gems/1.8/gems/rspec-1.2.7/lib/spec/example/example_methods.rb:37:in `execute'
    /usr/local/lib/ruby/gems/1.8/gems/rspec-1.2.7/lib/spec/example/example_group_methods.rb:207:in `run_examples'
    /usr/local/lib/ruby/gems/1.8/gems/rspec-1.2.7/lib/spec/example/example_group_methods.rb:205:in `each'
    /usr/local/lib/ruby/gems/1.8/gems/rspec-1.2.7/lib/spec/example/example_group_methods.rb:205:in `run_examples'
    /usr/local/lib/ruby/gems/1.8/gems/rspec-1.2.7/lib/spec/example/example_group_methods.rb:103:in `run'
    /usr/local/lib/ruby/gems/1.8/gems/rspec-1.2.7/lib/spec/runner/example_group_runner.rb:23:in `run'
    /usr/local/lib/ruby/gems/1.8/gems/rspec-1.2.7/lib/spec/runner/example_group_runner.rb:22:in `each'
    /usr/local/lib/ruby/gems/1.8/gems/rspec-1.2.7/lib/spec/runner/example_group_runner.rb:22:in `run'
    /usr/local/lib/ruby/gems/1.8/gems/rspec-1.2.7/lib/spec/runner/options.rb:127:in `run_examples'
    /usr/local/lib/ruby/gems/1.8/gems/rspec-1.2.7/lib/spec/runner/command_line.rb:9:in `run'
    /usr/local/lib/ruby/gems/1.8/gems/rspec-1.2.7/bin/spec:4

69)
[31mActionView::TemplateError in '/blogs/new.html.erb renders new blog form'
user_blogs_url failed to generate from {:action=>"index", :controller=>"blogs"} - you may have ambiguous routes, or you may need to supply additional parameters for this route.  content_url has the following required parameters: ["users", :user_id, "blogs"] - are they all satisfied?[0m
On line #1 of app/views/blogs/new.html.erb

    1: <% form_for(@blog, :url => user_blogs_path ) do |f| %>
    2:   <%= f.error_messages %>
    3: 
    4:   <p>

    /usr/local/lib/ruby/gems/1.8/gems/actionpack-2.2.2/lib/action_controller/routing/route_set.rb:381:in `raise_named_route_error'
    /usr/local/lib/ruby/gems/1.8/gems/actionpack-2.2.2/lib/action_controller/routing/route_set.rb:341:in `generate'
    /usr/local/lib/ruby/gems/1.8/gems/actionpack-2.2.2/lib/action_controller/url_rewriter.rb:208:in `rewrite_path'
    /usr/local/lib/ruby/gems/1.8/gems/actionpack-2.2.2/lib/action_controller/url_rewriter.rb:187:in `rewrite_url'
    /usr/local/lib/ruby/gems/1.8/gems/actionpack-2.2.2/lib/action_controller/url_rewriter.rb:165:in `rewrite'
    /usr/local/lib/ruby/gems/1.8/gems/actionpack-2.2.2/lib/action_controller/base.rb:626:in `url_for'
    /usr/local/lib/ruby/gems/1.8/gems/actionpack-2.2.2/lib/action_view/helpers/url_helper.rb:85:in `send'
    /usr/local/lib/ruby/gems/1.8/gems/actionpack-2.2.2/lib/action_view/helpers/url_helper.rb:85:in `url_for'
    (eval):18:in `user_blogs_path'
    app/views/blogs/new.html.erb:1
    /usr/local/lib/ruby/gems/1.8/gems/actionpack-2.2.2/lib/action_view/renderable.rb:39:in `send'
    /usr/local/lib/ruby/gems/1.8/gems/actionpack-2.2.2/lib/action_view/renderable.rb:39:in `render'
    /usr/local/lib/ruby/gems/1.8/gems/actionpack-2.2.2/lib/action_view/template.rb:73:in `render_template'
    /usr/local/lib/ruby/gems/1.8/gems/actionpack-2.2.2/lib/action_view/base.rb:256:in `render_without_mock_proxy'
    /usr/local/lib/ruby/gems/1.8/gems/rspec-rails-1.2.7.1/lib/spec/rails/extensions/action_view/base.rb:27:in `render'
    /usr/local/lib/ruby/gems/1.8/gems/actionpack-2.2.2/lib/action_controller/base.rb:1174:in `render_for_file'
    /usr/local/lib/ruby/gems/1.8/gems/actionpack-2.2.2/lib/action_controller/base.rb:899:in `render_without_benchmark'
    /usr/local/lib/ruby/gems/1.8/gems/actionpack-2.2.2/lib/action_controller/benchmarking.rb:51:in `render'
    /usr/local/lib/ruby/gems/1.8/gems/activesupport-2.2.2/lib/active_support/core_ext/benchmark.rb:8:in `realtime'
    /usr/local/lib/ruby/gems/1.8/gems/actionpack-2.2.2/lib/action_controller/benchmarking.rb:51:in `render'
    /usr/local/lib/ruby/gems/1.8/gems/rspec-rails-1.2.7.1/lib/spec/rails/example/view_example_group.rb:170:in `__send__'
    /usr/local/lib/ruby/gems/1.8/gems/rspec-rails-1.2.7.1/lib/spec/rails/example/view_example_group.rb:170:in `render'
    spec/views/blogs/new.html.erb_spec.rb:18
    /usr/local/lib/ruby/gems/1.8/gems/rspec-1.2.7/lib/spec/example/example_methods.rb:40:in `instance_eval'
    /usr/local/lib/ruby/gems/1.8/gems/rspec-1.2.7/lib/spec/example/example_methods.rb:40:in `execute'
    /usr/local/lib/ruby/1.8/timeout.rb:53:in `timeout'
    /usr/local/lib/ruby/gems/1.8/gems/rspec-1.2.7/lib/spec/example/example_methods.rb:37:in `execute'
    /usr/local/lib/ruby/gems/1.8/gems/rspec-1.2.7/lib/spec/example/example_group_methods.rb:207:in `run_examples'
    /usr/local/lib/ruby/gems/1.8/gems/rspec-1.2.7/lib/spec/example/example_group_methods.rb:205:in `each'
    /usr/local/lib/ruby/gems/1.8/gems/rspec-1.2.7/lib/spec/example/example_group_methods.rb:205:in `run_examples'
    /usr/local/lib/ruby/gems/1.8/gems/rspec-1.2.7/lib/spec/example/example_group_methods.rb:103:in `run'
    /usr/local/lib/ruby/gems/1.8/gems/rspec-1.2.7/lib/spec/runner/example_group_runner.rb:23:in `run'
    /usr/local/lib/ruby/gems/1.8/gems/rspec-1.2.7/lib/spec/runner/example_group_runner.rb:22:in `each'
    /usr/local/lib/ruby/gems/1.8/gems/rspec-1.2.7/lib/spec/runner/example_group_runner.rb:22:in `run'
    /usr/local/lib/ruby/gems/1.8/gems/rspec-1.2.7/lib/spec/runner/options.rb:127:in `run_examples'
    /usr/local/lib/ruby/gems/1.8/gems/rspec-1.2.7/lib/spec/runner/command_line.rb:9:in `run'
    /usr/local/lib/ruby/gems/1.8/gems/rspec-1.2.7/bin/spec:4

70)
[31mActionView::TemplateError in '/blogs/show.html.erb renders attributes in <p>'
You have a nil object when you didn't expect it!
The error occurred while evaluating nil.name[0m
On line #17 of app/views/blogs/show.html.erb

    14:         <%= @blog.content %>
    15:       </p>   </div>
    16:      <div class="meta">
    17:         <p class="byline"><%= @blog.user.name %> ÂèëË°®‰∫é <%= @blog.updated_at %>
    18:           <span>
    19:              <% if rule  %>
    20:                <%= link_to 'ÁºñËæë', edit_user_blog_path %> |

    app/views/blogs/show.html.erb:17
    /usr/local/lib/ruby/gems/1.8/gems/actionpack-2.2.2/lib/action_view/renderable.rb:39:in `send'
    /usr/local/lib/ruby/gems/1.8/gems/actionpack-2.2.2/lib/action_view/renderable.rb:39:in `render'
    /usr/local/lib/ruby/gems/1.8/gems/actionpack-2.2.2/lib/action_view/template.rb:73:in `render_template'
    /usr/local/lib/ruby/gems/1.8/gems/actionpack-2.2.2/lib/action_view/base.rb:256:in `render_without_mock_proxy'
    /usr/local/lib/ruby/gems/1.8/gems/rspec-rails-1.2.7.1/lib/spec/rails/extensions/action_view/base.rb:27:in `render'
    /usr/local/lib/ruby/gems/1.8/gems/actionpack-2.2.2/lib/action_controller/base.rb:1174:in `render_for_file'
    /usr/local/lib/ruby/gems/1.8/gems/actionpack-2.2.2/lib/action_controller/base.rb:899:in `render_without_benchmark'
    /usr/local/lib/ruby/gems/1.8/gems/actionpack-2.2.2/lib/action_controller/benchmarking.rb:51:in `render'
    /usr/local/lib/ruby/gems/1.8/gems/activesupport-2.2.2/lib/active_support/core_ext/benchmark.rb:8:in `realtime'
    /usr/local/lib/ruby/gems/1.8/gems/actionpack-2.2.2/lib/action_controller/benchmarking.rb:51:in `render'
    /usr/local/lib/ruby/gems/1.8/gems/rspec-rails-1.2.7.1/lib/spec/rails/example/view_example_group.rb:170:in `__send__'
    /usr/local/lib/ruby/gems/1.8/gems/rspec-rails-1.2.7.1/lib/spec/rails/example/view_example_group.rb:170:in `render'
    spec/views/blogs/show.html.erb_spec.rb:16
    /usr/local/lib/ruby/gems/1.8/gems/rspec-1.2.7/lib/spec/example/example_methods.rb:40:in `instance_eval'
    /usr/local/lib/ruby/gems/1.8/gems/rspec-1.2.7/lib/spec/example/example_methods.rb:40:in `execute'
    /usr/local/lib/ruby/1.8/timeout.rb:53:in `timeout'
    /usr/local/lib/ruby/gems/1.8/gems/rspec-1.2.7/lib/spec/example/example_methods.rb:37:in `execute'
    /usr/local/lib/ruby/gems/1.8/gems/rspec-1.2.7/lib/spec/example/example_group_methods.rb:207:in `run_examples'
    /usr/local/lib/ruby/gems/1.8/gems/rspec-1.2.7/lib/spec/example/example_group_methods.rb:205:in `each'
    /usr/local/lib/ruby/gems/1.8/gems/rspec-1.2.7/lib/spec/example/example_group_methods.rb:205:in `run_examples'
    /usr/local/lib/ruby/gems/1.8/gems/rspec-1.2.7/lib/spec/example/example_group_methods.rb:103:in `run'
    /usr/local/lib/ruby/gems/1.8/gems/rspec-1.2.7/lib/spec/runner/example_group_runner.rb:23:in `run'
    /usr/local/lib/ruby/gems/1.8/gems/rspec-1.2.7/lib/spec/runner/example_group_runner.rb:22:in `each'
    /usr/local/lib/ruby/gems/1.8/gems/rspec-1.2.7/lib/spec/runner/example_group_runner.rb:22:in `run'
    /usr/local/lib/ruby/gems/1.8/gems/rspec-1.2.7/lib/spec/runner/options.rb:127:in `run_examples'
    /usr/local/lib/ruby/gems/1.8/gems/rspec-1.2.7/lib/spec/runner/command_line.rb:9:in `run'
    /usr/local/lib/ruby/gems/1.8/gems/rspec-1.2.7/bin/spec:4

71)
[31mActionView::TemplateError in '/categories/edit.html.erb renders the edit category form'
user_categories_url failed to generate from {:action=>"index", :controller=>"categories"} - you may have ambiguous routes, or you may need to supply additional parameters for this route.  content_url has the following required parameters: ["users", :user_id, "categories"] - are they all satisfied?[0m
On line #1 of app/views/categories/edit.html.erb

    1: <% form_for(@category, :url => user_categories_path ) do |f| %>
    2:   <%= f.error_messages %>
    3: 
    4:   <p>

    /usr/local/lib/ruby/gems/1.8/gems/actionpack-2.2.2/lib/action_controller/routing/route_set.rb:381:in `raise_named_route_error'
    /usr/local/lib/ruby/gems/1.8/gems/actionpack-2.2.2/lib/action_controller/routing/route_set.rb:341:in `generate'
    /usr/local/lib/ruby/gems/1.8/gems/actionpack-2.2.2/lib/action_controller/url_rewriter.rb:208:in `rewrite_path'
    /usr/local/lib/ruby/gems/1.8/gems/actionpack-2.2.2/lib/action_controller/url_rewriter.rb:187:in `rewrite_url'
    /usr/local/lib/ruby/gems/1.8/gems/actionpack-2.2.2/lib/action_controller/url_rewriter.rb:165:in `rewrite'
    /usr/local/lib/ruby/gems/1.8/gems/actionpack-2.2.2/lib/action_controller/base.rb:626:in `url_for'
    /usr/local/lib/ruby/gems/1.8/gems/actionpack-2.2.2/lib/action_view/helpers/url_helper.rb:85:in `send'
    /usr/local/lib/ruby/gems/1.8/gems/actionpack-2.2.2/lib/action_view/helpers/url_helper.rb:85:in `url_for'
    (eval):18:in `user_categories_path'
    app/views/categories/edit.html.erb:1
    /usr/local/lib/ruby/gems/1.8/gems/actionpack-2.2.2/lib/action_view/renderable.rb:39:in `send'
    /usr/local/lib/ruby/gems/1.8/gems/actionpack-2.2.2/lib/action_view/renderable.rb:39:in `render'
    /usr/local/lib/ruby/gems/1.8/gems/actionpack-2.2.2/lib/action_view/template.rb:73:in `render_template'
    /usr/local/lib/ruby/gems/1.8/gems/actionpack-2.2.2/lib/action_view/base.rb:256:in `render_without_mock_proxy'
    /usr/local/lib/ruby/gems/1.8/gems/rspec-rails-1.2.7.1/lib/spec/rails/extensions/action_view/base.rb:27:in `render'
    /usr/local/lib/ruby/gems/1.8/gems/actionpack-2.2.2/lib/action_controller/base.rb:1174:in `render_for_file'
    /usr/local/lib/ruby/gems/1.8/gems/actionpack-2.2.2/lib/action_controller/base.rb:899:in `render_without_benchmark'
    /usr/local/lib/ruby/gems/1.8/gems/actionpack-2.2.2/lib/action_controller/benchmarking.rb:51:in `render'
    /usr/local/lib/ruby/gems/1.8/gems/activesupport-2.2.2/lib/active_support/core_ext/benchmark.rb:8:in `realtime'
    /usr/local/lib/ruby/gems/1.8/gems/actionpack-2.2.2/lib/action_controller/benchmarking.rb:51:in `render'
    /usr/local/lib/ruby/gems/1.8/gems/rspec-rails-1.2.7.1/lib/spec/rails/example/view_example_group.rb:170:in `__send__'
    /usr/local/lib/ruby/gems/1.8/gems/rspec-rails-1.2.7.1/lib/spec/rails/example/view_example_group.rb:170:in `render'
    spec/views/categories/edit.html.erb_spec.rb:15
    /usr/local/lib/ruby/gems/1.8/gems/rspec-1.2.7/lib/spec/example/example_methods.rb:40:in `instance_eval'
    /usr/local/lib/ruby/gems/1.8/gems/rspec-1.2.7/lib/spec/example/example_methods.rb:40:in `execute'
    /usr/local/lib/ruby/1.8/timeout.rb:53:in `timeout'
    /usr/local/lib/ruby/gems/1.8/gems/rspec-1.2.7/lib/spec/example/example_methods.rb:37:in `execute'
    /usr/local/lib/ruby/gems/1.8/gems/rspec-1.2.7/lib/spec/example/example_group_methods.rb:207:in `run_examples'
    /usr/local/lib/ruby/gems/1.8/gems/rspec-1.2.7/lib/spec/example/example_group_methods.rb:205:in `each'
    /usr/local/lib/ruby/gems/1.8/gems/rspec-1.2.7/lib/spec/example/example_group_methods.rb:205:in `run_examples'
    /usr/local/lib/ruby/gems/1.8/gems/rspec-1.2.7/lib/spec/example/example_group_methods.rb:103:in `run'
    /usr/local/lib/ruby/gems/1.8/gems/rspec-1.2.7/lib/spec/runner/example_group_runner.rb:23:in `run'
    /usr/local/lib/ruby/gems/1.8/gems/rspec-1.2.7/lib/spec/runner/example_group_runner.rb:22:in `each'
    /usr/local/lib/ruby/gems/1.8/gems/rspec-1.2.7/lib/spec/runner/example_group_runner.rb:22:in `run'
    /usr/local/lib/ruby/gems/1.8/gems/rspec-1.2.7/lib/spec/runner/options.rb:127:in `run_examples'
    /usr/local/lib/ruby/gems/1.8/gems/rspec-1.2.7/lib/spec/runner/command_line.rb:9:in `run'
    /usr/local/lib/ruby/gems/1.8/gems/rspec-1.2.7/bin/spec:4

72)
[31mActionController::RoutingError in 'CategoriesController route recognition generates params for #index'
No route matches "/categories" with {:method=>:get}[0m
./spec/routing/categories_routing_spec.rb:36:

73)
[31mActionController::RoutingError in 'CategoriesController route recognition generates params for #new'
No route matches "/categories/new" with {:method=>:get}[0m
./spec/routing/categories_routing_spec.rb:40:

74)
[31mActionController::RoutingError in 'CategoriesController route recognition generates params for #create'
No route matches "/categories" with {:method=>:post}[0m
./spec/routing/categories_routing_spec.rb:44:

75)
[31mActionController::RoutingError in 'CategoriesController route recognition generates params for #show'
No route matches "/categories/1" with {:method=>:get}[0m
./spec/routing/categories_routing_spec.rb:48:

76)
[31mActionController::RoutingError in 'CategoriesController route recognition generates params for #edit'
No route matches "/categories/1/edit" with {:method=>:get}[0m
./spec/routing/categories_routing_spec.rb:52:

77)
[31mActionController::RoutingError in 'CategoriesController route recognition generates params for #update'
No route matches "/categories/1" with {:method=>:put}[0m
./spec/routing/categories_routing_spec.rb:56:

78)
[31mActionController::RoutingError in 'CategoriesController route recognition generates params for #destroy'
No route matches "/categories/1" with {:method=>:delete}[0m
./spec/routing/categories_routing_spec.rb:60:

79)
[31mActionController::RoutingError in 'CategoriesController route generation maps #index'
No route matches "/categories" with {:method=>:get}[0m
./spec/routing/categories_routing_spec.rb:6:

80)
[31mActionController::RoutingError in 'CategoriesController route generation maps #new'
No route matches "/categories/new" with {:method=>:get}[0m
./spec/routing/categories_routing_spec.rb:10:

81)
[31mActionController::RoutingError in 'CategoriesController route generation maps #show'
No route matches "/categories/1" with {:method=>:get}[0m
./spec/routing/categories_routing_spec.rb:14:

82)
[31mActionController::RoutingError in 'CategoriesController route generation maps #edit'
No route matches "/categories/1/edit" with {:method=>:get}[0m
./spec/routing/categories_routing_spec.rb:18:

83)
[31mActionController::RoutingError in 'CategoriesController route generation maps #create'
No route matches "/categories" with {:method=>:post}[0m
./spec/routing/categories_routing_spec.rb:22:

84)
[31mActionController::RoutingError in 'CategoriesController route generation maps #update'
No route matches "/categories/1" with {:method=>:put}[0m
./spec/routing/categories_routing_spec.rb:26:

85)
[31mActionController::RoutingError in 'CategoriesController route generation maps #destroy'
No route matches "/categories/1" with {:method=>:delete}[0m
./spec/routing/categories_routing_spec.rb:30:

86)
[31mActionController::RoutingError in 'CategoriesController DELETE destroy destroys the requested category'
No route matches {:action=>"destroy", :controller=>"categories", :id=>"37"}[0m
./spec/controllers/categories_controller_spec.rb:121:

87)
[31mActionController::RoutingError in 'CategoriesController DELETE destroy redirects to the categories list'
No route matches {:action=>"destroy", :controller=>"categories", :id=>"1"}[0m
./spec/controllers/categories_controller_spec.rb:126:

88)
[31mActionController::RoutingError in 'CategoriesController PUT update with invalid params updates the requested category'
No route matches {:action=>"update", :controller=>"categories", :id=>"37", :category=>{:these=>"params"}}[0m
./spec/controllers/categories_controller_spec.rb:99:

89)
[31mActionController::RoutingError in 'CategoriesController PUT update with invalid params assigns the category as @category'
No route matches {:action=>"update", :controller=>"categories", :id=>"1"}[0m
./spec/controllers/categories_controller_spec.rb:104:

90)
[31mActionController::RoutingError in 'CategoriesController PUT update with invalid params re-renders the 'edit' template'
No route matches {:action=>"update", :controller=>"categories", :id=>"1"}[0m
./spec/controllers/categories_controller_spec.rb:110:

91)
[31mActionController::RoutingError in 'CategoriesController PUT update with valid params updates the requested category'
No route matches {:action=>"update", :controller=>"categories", :id=>"37", :category=>{:these=>"params"}}[0m
./spec/controllers/categories_controller_spec.rb:79:

92)
[31mActionController::RoutingError in 'CategoriesController PUT update with valid params assigns the requested category as @category'
No route matches {:action=>"update", :controller=>"categories", :id=>"1"}[0m
./spec/controllers/categories_controller_spec.rb:84:

93)
[31mActionController::RoutingError in 'CategoriesController PUT update with valid params redirects to the category'
No route matches {:action=>"update", :controller=>"categories", :id=>"1"}[0m
./spec/controllers/categories_controller_spec.rb:90:

94)
[31mActionController::RoutingError in 'CategoriesController POST create with invalid params assigns a newly created but unsaved category as @category'
No route matches {:action=>"create", :controller=>"categories", :category=>{:these=>"params"}}[0m
./spec/controllers/categories_controller_spec.rb:60:

95)
[31mActionController::RoutingError in 'CategoriesController POST create with invalid params re-renders the 'new' template'
No route matches {:action=>"create", :controller=>"categories", :category=>{}}[0m
./spec/controllers/categories_controller_spec.rb:66:

96)
[31mActionController::RoutingError in 'CategoriesController POST create with valid params assigns a newly created category as @category'
No route matches {:action=>"create", :controller=>"categories", :category=>{:these=>"params"}}[0m
./spec/controllers/categories_controller_spec.rb:46:

97)
[31mActionController::RoutingError in 'CategoriesController POST create with valid params redirects to the created category'
No route matches {:action=>"create", :controller=>"categories", :category=>{}}[0m
./spec/controllers/categories_controller_spec.rb:52:

98)
[31mActionController::RoutingError in 'CategoriesController GET edit assigns the requested category as @category'
No route matches {:action=>"edit", :controller=>"categories", :id=>"37"}[0m
./spec/controllers/categories_controller_spec.rb:36:

99)
[31mActionController::RoutingError in 'CategoriesController GET new assigns a new category as @category'
No route matches {:action=>"new", :controller=>"categories"}[0m
./spec/controllers/categories_controller_spec.rb:28:

100)
[31mActionController::RoutingError in 'CategoriesController GET show assigns the requested category as @category'
No route matches {:action=>"show", :controller=>"categories", :id=>"37"}[0m
./spec/controllers/categories_controller_spec.rb:20:

101)
[31mActionController::RoutingError in 'CategoriesController GET index assigns all categories as @categories'
No route matches {:action=>"index", :controller=>"categories"}[0m
./spec/controllers/categories_controller_spec.rb:12:

102)
[31mActionView::TemplateError in '/categories/index.html.erb renders a list of categories'
user_category_url failed to generate from {:action=>"show", :controller=>"categories", :id=>1081}, expected: {:action=>"show", :controller=>"categories"}, diff: {:id=>1081}[0m
On line #11 of app/views/categories/index.html.erb

    8: 
    9: <% for category in @categories %>
    10:   <tr>
    11:     <td ><%= link_to h(category.name), user_category_path(:id => category.id) %></td>
    12:     <td><%= link_to 'ÁºñËæë', edit_user_category_path(params[:user_id] ,category.id) %></td>
    13:     <td><%= link_to 'Âà†Èô§', user_category_path(params[:user_id], category.id), :confirm => '‰Ω†Á°ÆÂÆöÂêó?', :method => :delete %></td>
    14:   </tr>

    /usr/local/lib/ruby/gems/1.8/gems/actionpack-2.2.2/lib/action_controller/routing/route_set.rb:377:in `raise_named_route_error'
    /usr/local/lib/ruby/gems/1.8/gems/actionpack-2.2.2/lib/action_controller/routing/route_set.rb:341:in `generate'
    /usr/local/lib/ruby/gems/1.8/gems/actionpack-2.2.2/lib/action_controller/url_rewriter.rb:208:in `rewrite_path'
    /usr/local/lib/ruby/gems/1.8/gems/actionpack-2.2.2/lib/action_controller/url_rewriter.rb:187:in `rewrite_url'
    /usr/local/lib/ruby/gems/1.8/gems/actionpack-2.2.2/lib/action_controller/url_rewriter.rb:165:in `rewrite'
    /usr/local/lib/ruby/gems/1.8/gems/actionpack-2.2.2/lib/action_controller/base.rb:626:in `url_for'
    /usr/local/lib/ruby/gems/1.8/gems/actionpack-2.2.2/lib/action_view/helpers/url_helper.rb:85:in `send'
    /usr/local/lib/ruby/gems/1.8/gems/actionpack-2.2.2/lib/action_view/helpers/url_helper.rb:85:in `url_for'
    (eval):16:in `user_category_path'
    app/views/categories/index.html.erb:11
    app/views/categories/index.html.erb:9:in `each'
    app/views/categories/index.html.erb:9
    /usr/local/lib/ruby/gems/1.8/gems/actionpack-2.2.2/lib/action_view/renderable.rb:39:in `send'
    /usr/local/lib/ruby/gems/1.8/gems/actionpack-2.2.2/lib/action_view/renderable.rb:39:in `render'
    /usr/local/lib/ruby/gems/1.8/gems/actionpack-2.2.2/lib/action_view/template.rb:73:in `render_template'
    /usr/local/lib/ruby/gems/1.8/gems/actionpack-2.2.2/lib/action_view/base.rb:256:in `render_without_mock_proxy'
    /usr/local/lib/ruby/gems/1.8/gems/rspec-rails-1.2.7.1/lib/spec/rails/extensions/action_view/base.rb:27:in `render'
    /usr/local/lib/ruby/gems/1.8/gems/actionpack-2.2.2/lib/action_controller/base.rb:1174:in `render_for_file'
    /usr/local/lib/ruby/gems/1.8/gems/actionpack-2.2.2/lib/action_controller/base.rb:899:in `render_without_benchmark'
    /usr/local/lib/ruby/gems/1.8/gems/actionpack-2.2.2/lib/action_controller/benchmarking.rb:51:in `render'
    /usr/local/lib/ruby/gems/1.8/gems/activesupport-2.2.2/lib/active_support/core_ext/benchmark.rb:8:in `realtime'
    /usr/local/lib/ruby/gems/1.8/gems/actionpack-2.2.2/lib/action_controller/benchmarking.rb:51:in `render'
    /usr/local/lib/ruby/gems/1.8/gems/rspec-rails-1.2.7.1/lib/spec/rails/example/view_example_group.rb:170:in `__send__'
    /usr/local/lib/ruby/gems/1.8/gems/rspec-rails-1.2.7.1/lib/spec/rails/example/view_example_group.rb:170:in `render'
    spec/views/categories/index.html.erb_spec.rb:20
    /usr/local/lib/ruby/gems/1.8/gems/rspec-1.2.7/lib/spec/example/example_methods.rb:40:in `instance_eval'
    /usr/local/lib/ruby/gems/1.8/gems/rspec-1.2.7/lib/spec/example/example_methods.rb:40:in `execute'
    /usr/local/lib/ruby/1.8/timeout.rb:53:in `timeout'
    /usr/local/lib/ruby/gems/1.8/gems/rspec-1.2.7/lib/spec/example/example_methods.rb:37:in `execute'
    /usr/local/lib/ruby/gems/1.8/gems/rspec-1.2.7/lib/spec/example/example_group_methods.rb:207:in `run_examples'
    /usr/local/lib/ruby/gems/1.8/gems/rspec-1.2.7/lib/spec/example/example_group_methods.rb:205:in `each'
    /usr/local/lib/ruby/gems/1.8/gems/rspec-1.2.7/lib/spec/example/example_group_methods.rb:205:in `run_examples'
    /usr/local/lib/ruby/gems/1.8/gems/rspec-1.2.7/lib/spec/example/example_group_methods.rb:103:in `run'
    /usr/local/lib/ruby/gems/1.8/gems/rspec-1.2.7/lib/spec/runner/example_group_runner.rb:23:in `run'
    /usr/local/lib/ruby/gems/1.8/gems/rspec-1.2.7/lib/spec/runner/example_group_runner.rb:22:in `each'
    /usr/local/lib/ruby/gems/1.8/gems/rspec-1.2.7/lib/spec/runner/example_group_runner.rb:22:in `run'
    /usr/local/lib/ruby/gems/1.8/gems/rspec-1.2.7/lib/spec/runner/options.rb:127:in `run_examples'
    /usr/local/lib/ruby/gems/1.8/gems/rspec-1.2.7/lib/spec/runner/command_line.rb:9:in `run'
    /usr/local/lib/ruby/gems/1.8/gems/rspec-1.2.7/bin/spec:4

103)
[31mActionView::TemplateError in '/categories/new.html.erb renders new category form'
undefined local variable or method `user_categorie_path' for #<ActionView::Base:0x7fc0212a9ea8>[0m
On line #2 of app/views/categories/new.html.erb

    1: <br />
    2: <% form_for(@category, :url => user_categorie_path ) do |f| %>
    3:   <%= f.error_messages %>
    4: 
    5:   <p>

    app/views/categories/new.html.erb:2
    /usr/local/lib/ruby/gems/1.8/gems/actionpack-2.2.2/lib/action_view/renderable.rb:39:in `send'
    /usr/local/lib/ruby/gems/1.8/gems/actionpack-2.2.2/lib/action_view/renderable.rb:39:in `render'
    /usr/local/lib/ruby/gems/1.8/gems/actionpack-2.2.2/lib/action_view/template.rb:73:in `render_template'
    /usr/local/lib/ruby/gems/1.8/gems/actionpack-2.2.2/lib/action_view/base.rb:256:in `render_without_mock_proxy'
    /usr/local/lib/ruby/gems/1.8/gems/rspec-rails-1.2.7.1/lib/spec/rails/extensions/action_view/base.rb:27:in `render'
    /usr/local/lib/ruby/gems/1.8/gems/actionpack-2.2.2/lib/action_controller/base.rb:1174:in `render_for_file'
    /usr/local/lib/ruby/gems/1.8/gems/actionpack-2.2.2/lib/action_controller/base.rb:899:in `render_without_benchmark'
    /usr/local/lib/ruby/gems/1.8/gems/actionpack-2.2.2/lib/action_controller/benchmarking.rb:51:in `render'
    /usr/local/lib/ruby/gems/1.8/gems/activesupport-2.2.2/lib/active_support/core_ext/benchmark.rb:8:in `realtime'
    /usr/local/lib/ruby/gems/1.8/gems/actionpack-2.2.2/lib/action_controller/benchmarking.rb:51:in `render'
    /usr/local/lib/ruby/gems/1.8/gems/rspec-rails-1.2.7.1/lib/spec/rails/example/view_example_group.rb:170:in `__send__'
    /usr/local/lib/ruby/gems/1.8/gems/rspec-rails-1.2.7.1/lib/spec/rails/example/view_example_group.rb:170:in `render'
    spec/views/categories/new.html.erb_spec.rb:15
    /usr/local/lib/ruby/gems/1.8/gems/rspec-1.2.7/lib/spec/example/example_methods.rb:40:in `instance_eval'
    /usr/local/lib/ruby/gems/1.8/gems/rspec-1.2.7/lib/spec/example/example_methods.rb:40:in `execute'
    /usr/local/lib/ruby/1.8/timeout.rb:53:in `timeout'
    /usr/local/lib/ruby/gems/1.8/gems/rspec-1.2.7/lib/spec/example/example_methods.rb:37:in `execute'
    /usr/local/lib/ruby/gems/1.8/gems/rspec-1.2.7/lib/spec/example/example_group_methods.rb:207:in `run_examples'
    /usr/local/lib/ruby/gems/1.8/gems/rspec-1.2.7/lib/spec/example/example_group_methods.rb:205:in `each'
    /usr/local/lib/ruby/gems/1.8/gems/rspec-1.2.7/lib/spec/example/example_group_methods.rb:205:in `run_examples'
    /usr/local/lib/ruby/gems/1.8/gems/rspec-1.2.7/lib/spec/example/example_group_methods.rb:103:in `run'
    /usr/local/lib/ruby/gems/1.8/gems/rspec-1.2.7/lib/spec/runner/example_group_runner.rb:23:in `run'
    /usr/local/lib/ruby/gems/1.8/gems/rspec-1.2.7/lib/spec/runner/example_group_runner.rb:22:in `each'
    /usr/local/lib/ruby/gems/1.8/gems/rspec-1.2.7/lib/spec/runner/example_group_runner.rb:22:in `run'
    /usr/local/lib/ruby/gems/1.8/gems/rspec-1.2.7/lib/spec/runner/options.rb:127:in `run_examples'
    /usr/local/lib/ruby/gems/1.8/gems/rspec-1.2.7/lib/spec/runner/command_line.rb:9:in `run'
    /usr/local/lib/ruby/gems/1.8/gems/rspec-1.2.7/bin/spec:4

104)
[31m'/categories/show.html.erb renders attributes in <p>' FAILED
expected /1/, got "<p>\n  <b>ÂàÜÁ±ª:</b>\n  value for name\n\n\n  \n</p>\n\n\n"[0m
./spec/views/categories/show.html.erb_spec.rb:15:

105)
[31mActionView::TemplateError in '/forums/show.html.erb renders attributes in <p>'
The @forums variable appears to be empty. Did you forget to pass the collection object for will_paginate?[0m
On line #32 of app/views/forums/show.html.erb

    29: </table>
    30: 
    31: <hr />
    32: <%= will_paginate @topics, :previous_label => '‰∏ä‰∏ÄÈ°µ', :next_label => '‰∏ã‰∏ÄÈ°µ' %>

    vendor/plugins/will_paginate/lib/will_paginate/view_helpers.rb:94:in `will_paginate'
    app/views/forums/show.html.erb:32
    /usr/local/lib/ruby/gems/1.8/gems/actionpack-2.2.2/lib/action_view/renderable.rb:39:in `send'
    /usr/local/lib/ruby/gems/1.8/gems/actionpack-2.2.2/lib/action_view/renderable.rb:39:in `render'
    /usr/local/lib/ruby/gems/1.8/gems/actionpack-2.2.2/lib/action_view/template.rb:73:in `render_template'
    /usr/local/lib/ruby/gems/1.8/gems/actionpack-2.2.2/lib/action_view/base.rb:256:in `render_without_mock_proxy'
    /usr/local/lib/ruby/gems/1.8/gems/rspec-rails-1.2.7.1/lib/spec/rails/extensions/action_view/base.rb:27:in `render'
    /usr/local/lib/ruby/gems/1.8/gems/actionpack-2.2.2/lib/action_controller/base.rb:1174:in `render_for_file'
    /usr/local/lib/ruby/gems/1.8/gems/actionpack-2.2.2/lib/action_controller/base.rb:899:in `render_without_benchmark'
    /usr/local/lib/ruby/gems/1.8/gems/actionpack-2.2.2/lib/action_controller/benchmarking.rb:51:in `render'
    /usr/local/lib/ruby/gems/1.8/gems/activesupport-2.2.2/lib/active_support/core_ext/benchmark.rb:8:in `realtime'
    /usr/local/lib/ruby/gems/1.8/gems/actionpack-2.2.2/lib/action_controller/benchmarking.rb:51:in `render'
    /usr/local/lib/ruby/gems/1.8/gems/rspec-rails-1.2.7.1/lib/spec/rails/example/view_example_group.rb:170:in `__send__'
    /usr/local/lib/ruby/gems/1.8/gems/rspec-rails-1.2.7.1/lib/spec/rails/example/view_example_group.rb:170:in `render'
    spec/views/forums/show.html.erb_spec.rb:13
    /usr/local/lib/ruby/gems/1.8/gems/rspec-1.2.7/lib/spec/example/example_methods.rb:40:in `instance_eval'
    /usr/local/lib/ruby/gems/1.8/gems/rspec-1.2.7/lib/spec/example/example_methods.rb:40:in `execute'
    /usr/local/lib/ruby/1.8/timeout.rb:53:in `timeout'
    /usr/local/lib/ruby/gems/1.8/gems/rspec-1.2.7/lib/spec/example/example_methods.rb:37:in `execute'
    /usr/local/lib/ruby/gems/1.8/gems/rspec-1.2.7/lib/spec/example/example_group_methods.rb:207:in `run_examples'
    /usr/local/lib/ruby/gems/1.8/gems/rspec-1.2.7/lib/spec/example/example_group_methods.rb:205:in `each'
    /usr/local/lib/ruby/gems/1.8/gems/rspec-1.2.7/lib/spec/example/example_group_methods.rb:205:in `run_examples'
    /usr/local/lib/ruby/gems/1.8/gems/rspec-1.2.7/lib/spec/example/example_group_methods.rb:103:in `run'
    /usr/local/lib/ruby/gems/1.8/gems/rspec-1.2.7/lib/spec/runner/example_group_runner.rb:23:in `run'
    /usr/local/lib/ruby/gems/1.8/gems/rspec-1.2.7/lib/spec/runner/example_group_runner.rb:22:in `each'
    /usr/local/lib/ruby/gems/1.8/gems/rspec-1.2.7/lib/spec/runner/example_group_runner.rb:22:in `run'
    /usr/local/lib/ruby/gems/1.8/gems/rspec-1.2.7/lib/spec/runner/options.rb:127:in `run_examples'
    /usr/local/lib/ruby/gems/1.8/gems/rspec-1.2.7/lib/spec/runner/command_line.rb:9:in `run'
    /usr/local/lib/ruby/gems/1.8/gems/rspec-1.2.7/bin/spec:4

106)
[31m'/forums/index.html.erb renders a list of forums' FAILED
2.
<false> is not true.[0m
./spec/views/forums/index.html.erb_spec.rb:21:

107)
[31mActionView::MissingTemplate in '/forums/new.html.erb renders new forum form'
Missing template forums/new.html.erb in view path /root/work/knight/app/views:[0m
./spec/views/forums/new.html.erb_spec.rb:15:

108)
[31mActionView::MissingTemplate in '/forums/edit.html.erb renders the edit forum form'
Missing template forums/edit.html.erb in view path /root/work/knight/app/views:[0m
./spec/views/forums/edit.html.erb_spec.rb:15:

109)
[31mActionController::UnknownAction in 'ForumsController DELETE destroy destroys the requested forum'
No action responded to destroy. Actions: exception, exception=, index, rescue_action_without_handler, and show[0m
./spec/controllers/forums_controller_spec.rb:121:

110)
[31mActionController::UnknownAction in 'ForumsController DELETE destroy redirects to the forums list'
No action responded to destroy. Actions: exception, exception=, index, rescue_action_without_handler, and show[0m
./spec/controllers/forums_controller_spec.rb:126:

111)
[31mActionController::UnknownAction in 'ForumsController PUT update with invalid params updates the requested forum'
No action responded to update. Actions: exception, exception=, index, rescue_action_without_handler, and show[0m
./spec/controllers/forums_controller_spec.rb:99:

112)
[31mActionController::UnknownAction in 'ForumsController PUT update with invalid params assigns the forum as @forum'
No action responded to update. Actions: exception, exception=, index, rescue_action_without_handler, and show[0m
./spec/controllers/forums_controller_spec.rb:104:

113)
[31mActionController::UnknownAction in 'ForumsController PUT update with invalid params re-renders the 'edit' template'
No action responded to update. Actions: exception, exception=, index, rescue_action_without_handler, and show[0m
./spec/controllers/forums_controller_spec.rb:110:

114)
[31mActionController::UnknownAction in 'ForumsController PUT update with valid params updates the requested forum'
No action responded to update. Actions: exception, exception=, index, rescue_action_without_handler, and show[0m
./spec/controllers/forums_controller_spec.rb:79:

115)
[31mActionController::UnknownAction in 'ForumsController PUT update with valid params assigns the requested forum as @forum'
No action responded to update. Actions: exception, exception=, index, rescue_action_without_handler, and show[0m
./spec/controllers/forums_controller_spec.rb:84:

116)
[31mActionController::UnknownAction in 'ForumsController PUT update with valid params redirects to the forum'
No action responded to update. Actions: exception, exception=, index, rescue_action_without_handler, and show[0m
./spec/controllers/forums_controller_spec.rb:90:

117)
[31mActionController::UnknownAction in 'ForumsController POST create with invalid params assigns a newly created but unsaved forum as @forum'
No action responded to create. Actions: exception, exception=, index, rescue_action_without_handler, and show[0m
./spec/controllers/forums_controller_spec.rb:60:

118)
[31mActionController::UnknownAction in 'ForumsController POST create with invalid params re-renders the 'new' template'
No action responded to create. Actions: exception, exception=, index, rescue_action_without_handler, and show[0m
./spec/controllers/forums_controller_spec.rb:66:

119)
[31mActionController::UnknownAction in 'ForumsController POST create with valid params assigns a newly created forum as @forum'
No action responded to create. Actions: exception, exception=, index, rescue_action_without_handler, and show[0m
./spec/controllers/forums_controller_spec.rb:46:

120)
[31mActionController::UnknownAction in 'ForumsController POST create with valid params redirects to the created forum'
No action responded to create. Actions: exception, exception=, index, rescue_action_without_handler, and show[0m
./spec/controllers/forums_controller_spec.rb:52:

121)
[31mActionController::UnknownAction in 'ForumsController GET edit assigns the requested forum as @forum'
No action responded to edit. Actions: exception, exception=, index, rescue_action_without_handler, and show[0m
./spec/controllers/forums_controller_spec.rb:36:

122)
[31mActionController::UnknownAction in 'ForumsController GET new assigns a new forum as @forum'
No action responded to new. Actions: exception, exception=, index, rescue_action_without_handler, and show[0m
./spec/controllers/forums_controller_spec.rb:28:

123)
[31mNoMethodError in 'ForumsController GET show assigns the requested forum as @forum'
undefined method `find' for #<Class:0x7fc021721cd8>[0m
/root/work/knight/vendor/plugins/will_paginate/lib/will_paginate/finder.rb:170:in `method_missing'
/root/work/knight/app/controllers/forums_controller.rb:10:in `show'
./spec/controllers/forums_controller_spec.rb:20:

124)
[31mActionController::RoutingError in 'TopicsController DELETE destroy destroys the requested topic'
No route matches {:action=>"destroy", :controller=>"topics", :id=>"37"}[0m
./spec/controllers/topics_controller_spec.rb:121:

125)
[31mActionController::RoutingError in 'TopicsController DELETE destroy redirects to the topics list'
No route matches {:action=>"destroy", :controller=>"topics", :id=>"1"}[0m
./spec/controllers/topics_controller_spec.rb:126:

126)
[31mActionController::RoutingError in 'TopicsController PUT update with invalid params updates the requested topic'
No route matches {:action=>"update", :controller=>"topics", :id=>"37", :topic=>{:these=>"params"}}[0m
./spec/controllers/topics_controller_spec.rb:99:

127)
[31mActionController::RoutingError in 'TopicsController PUT update with invalid params assigns the topic as @topic'
No route matches {:action=>"update", :controller=>"topics", :id=>"1"}[0m
./spec/controllers/topics_controller_spec.rb:104:

128)
[31mActionController::RoutingError in 'TopicsController PUT update with invalid params re-renders the 'edit' template'
No route matches {:action=>"update", :controller=>"topics", :id=>"1"}[0m
./spec/controllers/topics_controller_spec.rb:110:

129)
[31mActionController::RoutingError in 'TopicsController PUT update with valid params updates the requested topic'
No route matches {:action=>"update", :controller=>"topics", :id=>"37", :topic=>{:these=>"params"}}[0m
./spec/controllers/topics_controller_spec.rb:79:

130)
[31mActionController::RoutingError in 'TopicsController PUT update with valid params assigns the requested topic as @topic'
No route matches {:action=>"update", :controller=>"topics", :id=>"1"}[0m
./spec/controllers/topics_controller_spec.rb:84:

131)
[31mActionController::RoutingError in 'TopicsController PUT update with valid params redirects to the topic'
No route matches {:action=>"update", :controller=>"topics", :id=>"1"}[0m
./spec/controllers/topics_controller_spec.rb:90:

132)
[31mActionController::RoutingError in 'TopicsController POST create with invalid params assigns a newly created but unsaved topic as @topic'
No route matches {:action=>"create", :controller=>"topics", :topic=>{:these=>"params"}}[0m
./spec/controllers/topics_controller_spec.rb:60:

133)
[31mActionController::RoutingError in 'TopicsController POST create with invalid params re-renders the 'new' template'
No route matches {:action=>"create", :controller=>"topics", :topic=>{}}[0m
./spec/controllers/topics_controller_spec.rb:66:

134)
[31mActionController::RoutingError in 'TopicsController POST create with valid params assigns a newly created topic as @topic'
No route matches {:action=>"create", :controller=>"topics", :topic=>{:these=>"params"}}[0m
./spec/controllers/topics_controller_spec.rb:46:

135)
[31mActionController::RoutingError in 'TopicsController POST create with valid params redirects to the created topic'
No route matches {:action=>"create", :controller=>"topics", :topic=>{}}[0m
./spec/controllers/topics_controller_spec.rb:52:

136)
[31mActionController::RoutingError in 'TopicsController GET edit assigns the requested topic as @topic'
No route matches {:action=>"edit", :controller=>"topics", :id=>"37"}[0m
./spec/controllers/topics_controller_spec.rb:36:

137)
[31mActionController::RoutingError in 'TopicsController GET new assigns a new topic as @topic'
No route matches {:action=>"new", :controller=>"topics"}[0m
./spec/controllers/topics_controller_spec.rb:28:

138)
[31mActionController::RoutingError in 'TopicsController GET show assigns the requested topic as @topic'
No route matches {:action=>"show", :controller=>"topics", :id=>"37"}[0m
./spec/controllers/topics_controller_spec.rb:20:

139)
[31mActionController::RoutingError in 'TopicsController GET index assigns all topics as @topics'
No route matches {:action=>"index", :controller=>"topics"}[0m
./spec/controllers/topics_controller_spec.rb:12:

140)
[31mActionController::RoutingError in 'TopicsController route recognition generates params for #index'
No route matches "/topics" with {:method=>:get}[0m
./spec/routing/topics_routing_spec.rb:36:

141)
[31mActionController::RoutingError in 'TopicsController route recognition generates params for #new'
No route matches "/topics/new" with {:method=>:get}[0m
./spec/routing/topics_routing_spec.rb:40:

142)
[31mActionController::RoutingError in 'TopicsController route recognition generates params for #create'
No route matches "/topics" with {:method=>:post}[0m
./spec/routing/topics_routing_spec.rb:44:

143)
[31mActionController::RoutingError in 'TopicsController route recognition generates params for #show'
No route matches "/topics/1" with {:method=>:get}[0m
./spec/routing/topics_routing_spec.rb:48:

144)
[31mActionController::RoutingError in 'TopicsController route recognition generates params for #edit'
No route matches "/topics/1/edit" with {:method=>:get}[0m
./spec/routing/topics_routing_spec.rb:52:

145)
[31mActionController::RoutingError in 'TopicsController route recognition generates params for #update'
No route matches "/topics/1" with {:method=>:put}[0m
./spec/routing/topics_routing_spec.rb:56:

146)
[31mActionController::RoutingError in 'TopicsController route recognition generates params for #destroy'
No route matches "/topics/1" with {:method=>:delete}[0m
./spec/routing/topics_routing_spec.rb:60:

147)
[31mActionController::RoutingError in 'TopicsController route generation maps #index'
No route matches "/topics" with {:method=>:get}[0m
./spec/routing/topics_routing_spec.rb:6:

148)
[31mActionController::RoutingError in 'TopicsController route generation maps #new'
No route matches "/topics/new" with {:method=>:get}[0m
./spec/routing/topics_routing_spec.rb:10:

149)
[31mActionController::RoutingError in 'TopicsController route generation maps #show'
No route matches "/topics/1" with {:method=>:get}[0m
./spec/routing/topics_routing_spec.rb:14:

150)
[31mActionController::RoutingError in 'TopicsController route generation maps #edit'
No route matches "/topics/1/edit" with {:method=>:get}[0m
./spec/routing/topics_routing_spec.rb:18:

151)
[31mActionController::RoutingError in 'TopicsController route generation maps #create'
No route matches "/topics" with {:method=>:post}[0m
./spec/routing/topics_routing_spec.rb:22:

152)
[31mActionController::RoutingError in 'TopicsController route generation maps #update'
No route matches "/topics/1" with {:method=>:put}[0m
./spec/routing/topics_routing_spec.rb:26:

153)
[31mActionController::RoutingError in 'TopicsController route generation maps #destroy'
No route matches "/topics/1" with {:method=>:delete}[0m
./spec/routing/topics_routing_spec.rb:30:

154)
[31mActionView::TemplateError in '/topics/show.html.erb renders attributes in <p>'
You have a nil object when you didn't expect it!
The error occurred while evaluating nil.title[0m
On line #2 of app/views/topics/show.html.erb

    1: <%= link_to 'ËÆ∫ÂùõÈ¶ñÈ°µ', forums_path %>&nbsp;‚Üí&nbsp;
    2: <%= link_to "#{@topic.forum.title }" , forum_path(:id => params[:forum_id]) %>&nbsp;‚Üí&nbsp;
    3: <%= link_to @topic.title , forum_topic_path %>
    4: <br />
    5: <br />

    app/views/topics/show.html.erb:2
    /usr/local/lib/ruby/gems/1.8/gems/actionpack-2.2.2/lib/action_view/renderable.rb:39:in `send'
    /usr/local/lib/ruby/gems/1.8/gems/actionpack-2.2.2/lib/action_view/renderable.rb:39:in `render'
    /usr/local/lib/ruby/gems/1.8/gems/actionpack-2.2.2/lib/action_view/template.rb:73:in `render_template'
    /usr/local/lib/ruby/gems/1.8/gems/actionpack-2.2.2/lib/action_view/base.rb:256:in `render_without_mock_proxy'
    /usr/local/lib/ruby/gems/1.8/gems/rspec-rails-1.2.7.1/lib/spec/rails/extensions/action_view/base.rb:27:in `render'
    /usr/local/lib/ruby/gems/1.8/gems/actionpack-2.2.2/lib/action_controller/base.rb:1174:in `render_for_file'
    /usr/local/lib/ruby/gems/1.8/gems/actionpack-2.2.2/lib/action_controller/base.rb:899:in `render_without_benchmark'
    /usr/local/lib/ruby/gems/1.8/gems/actionpack-2.2.2/lib/action_controller/benchmarking.rb:51:in `render'
    /usr/local/lib/ruby/gems/1.8/gems/activesupport-2.2.2/lib/active_support/core_ext/benchmark.rb:8:in `realtime'
    /usr/local/lib/ruby/gems/1.8/gems/actionpack-2.2.2/lib/action_controller/benchmarking.rb:51:in `render'
    /usr/local/lib/ruby/gems/1.8/gems/rspec-rails-1.2.7.1/lib/spec/rails/example/view_example_group.rb:170:in `__send__'
    /usr/local/lib/ruby/gems/1.8/gems/rspec-rails-1.2.7.1/lib/spec/rails/example/view_example_group.rb:170:in `render'
    spec/views/topics/show.html.erb_spec.rb:16
    /usr/local/lib/ruby/gems/1.8/gems/rspec-1.2.7/lib/spec/example/example_methods.rb:40:in `instance_eval'
    /usr/local/lib/ruby/gems/1.8/gems/rspec-1.2.7/lib/spec/example/example_methods.rb:40:in `execute'
    /usr/local/lib/ruby/1.8/timeout.rb:53:in `timeout'
    /usr/local/lib/ruby/gems/1.8/gems/rspec-1.2.7/lib/spec/example/example_methods.rb:37:in `execute'
    /usr/local/lib/ruby/gems/1.8/gems/rspec-1.2.7/lib/spec/example/example_group_methods.rb:207:in `run_examples'
    /usr/local/lib/ruby/gems/1.8/gems/rspec-1.2.7/lib/spec/example/example_group_methods.rb:205:in `each'
    /usr/local/lib/ruby/gems/1.8/gems/rspec-1.2.7/lib/spec/example/example_group_methods.rb:205:in `run_examples'
    /usr/local/lib/ruby/gems/1.8/gems/rspec-1.2.7/lib/spec/example/example_group_methods.rb:103:in `run'
    /usr/local/lib/ruby/gems/1.8/gems/rspec-1.2.7/lib/spec/runner/example_group_runner.rb:23:in `run'
    /usr/local/lib/ruby/gems/1.8/gems/rspec-1.2.7/lib/spec/runner/example_group_runner.rb:22:in `each'
    /usr/local/lib/ruby/gems/1.8/gems/rspec-1.2.7/lib/spec/runner/example_group_runner.rb:22:in `run'
    /usr/local/lib/ruby/gems/1.8/gems/rspec-1.2.7/lib/spec/runner/options.rb:127:in `run_examples'
    /usr/local/lib/ruby/gems/1.8/gems/rspec-1.2.7/lib/spec/runner/command_line.rb:9:in `run'
    /usr/local/lib/ruby/gems/1.8/gems/rspec-1.2.7/bin/spec:4

155)
[31mActionView::MissingTemplate in '/topics/index.html.erb renders a list of topics'
Missing template topics/index.html.erb in view path /root/work/knight/app/views:[0m
./spec/views/topics/index.html.erb_spec.rb:26:

156)
[31mActionView::MissingTemplate in '/topics/edit.html.erb renders the edit topic form'
Missing template topics/edit.html.erb in view path /root/work/knight/app/views:[0m
./spec/views/topics/edit.html.erb_spec.rb:18:

157)
[31mActionView::TemplateError in '/topics/new.html.erb renders new topic form'
forum_topics_url failed to generate from {:action=>"index", :controller=>"topics"} - you may have ambiguous routes, or you may need to supply additional parameters for this route.  content_url has the following required parameters: ["forums", :forum_id, "topics"] - are they all satisfied?[0m
On line #2 of app/views/topics/new.html.erb

    1: <%= error_messages_for 'topic', 'comment' %>
    2: <% form_for( @topic, :url => forum_topics_path ) do |f| %>
    3:   <b>‰∏ªÈ¢ò</b>
    4:   <br />
    5:   <br />

    /usr/local/lib/ruby/gems/1.8/gems/actionpack-2.2.2/lib/action_controller/routing/route_set.rb:381:in `raise_named_route_error'
    /usr/local/lib/ruby/gems/1.8/gems/actionpack-2.2.2/lib/action_controller/routing/route_set.rb:341:in `generate'
    /usr/local/lib/ruby/gems/1.8/gems/actionpack-2.2.2/lib/action_controller/url_rewriter.rb:208:in `rewrite_path'
    /usr/local/lib/ruby/gems/1.8/gems/actionpack-2.2.2/lib/action_controller/url_rewriter.rb:187:in `rewrite_url'
    /usr/local/lib/ruby/gems/1.8/gems/actionpack-2.2.2/lib/action_controller/url_rewriter.rb:165:in `rewrite'
    /usr/local/lib/ruby/gems/1.8/gems/actionpack-2.2.2/lib/action_controller/base.rb:626:in `url_for'
    /usr/local/lib/ruby/gems/1.8/gems/actionpack-2.2.2/lib/action_view/helpers/url_helper.rb:85:in `send'
    /usr/local/lib/ruby/gems/1.8/gems/actionpack-2.2.2/lib/action_view/helpers/url_helper.rb:85:in `url_for'
    (eval):18:in `forum_topics_path'
    app/views/topics/new.html.erb:2
    /usr/local/lib/ruby/gems/1.8/gems/actionpack-2.2.2/lib/action_view/renderable.rb:39:in `send'
    /usr/local/lib/ruby/gems/1.8/gems/actionpack-2.2.2/lib/action_view/renderable.rb:39:in `render'
    /usr/local/lib/ruby/gems/1.8/gems/actionpack-2.2.2/lib/action_view/template.rb:73:in `render_template'
    /usr/local/lib/ruby/gems/1.8/gems/actionpack-2.2.2/lib/action_view/base.rb:256:in `render_without_mock_proxy'
    /usr/local/lib/ruby/gems/1.8/gems/rspec-rails-1.2.7.1/lib/spec/rails/extensions/action_view/base.rb:27:in `render'
    /usr/local/lib/ruby/gems/1.8/gems/actionpack-2.2.2/lib/action_controller/base.rb:1174:in `render_for_file'
    /usr/local/lib/ruby/gems/1.8/gems/actionpack-2.2.2/lib/action_controller/base.rb:899:in `render_without_benchmark'
    /usr/local/lib/ruby/gems/1.8/gems/actionpack-2.2.2/lib/action_controller/benchmarking.rb:51:in `render'
    /usr/local/lib/ruby/gems/1.8/gems/activesupport-2.2.2/lib/active_support/core_ext/benchmark.rb:8:in `realtime'
    /usr/local/lib/ruby/gems/1.8/gems/actionpack-2.2.2/lib/action_controller/benchmarking.rb:51:in `render'
    /usr/local/lib/ruby/gems/1.8/gems/rspec-rails-1.2.7.1/lib/spec/rails/example/view_example_group.rb:170:in `__send__'
    /usr/local/lib/ruby/gems/1.8/gems/rspec-rails-1.2.7.1/lib/spec/rails/example/view_example_group.rb:170:in `render'
    spec/views/topics/new.html.erb_spec.rb:18
    /usr/local/lib/ruby/gems/1.8/gems/rspec-1.2.7/lib/spec/example/example_methods.rb:40:in `instance_eval'
    /usr/local/lib/ruby/gems/1.8/gems/rspec-1.2.7/lib/spec/example/example_methods.rb:40:in `execute'
    /usr/local/lib/ruby/1.8/timeout.rb:53:in `timeout'
    /usr/local/lib/ruby/gems/1.8/gems/rspec-1.2.7/lib/spec/example/example_methods.rb:37:in `execute'
    /usr/local/lib/ruby/gems/1.8/gems/rspec-1.2.7/lib/spec/example/example_group_methods.rb:207:in `run_examples'
    /usr/local/lib/ruby/gems/1.8/gems/rspec-1.2.7/lib/spec/example/example_group_methods.rb:205:in `each'
    /usr/local/lib/ruby/gems/1.8/gems/rspec-1.2.7/lib/spec/example/example_group_methods.rb:205:in `run_examples'
    /usr/local/lib/ruby/gems/1.8/gems/rspec-1.2.7/lib/spec/example/example_group_methods.rb:103:in `run'
    /usr/local/lib/ruby/gems/1.8/gems/rspec-1.2.7/lib/spec/runner/example_group_runner.rb:23:in `run'
    /usr/local/lib/ruby/gems/1.8/gems/rspec-1.2.7/lib/spec/runner/example_group_runner.rb:22:in `each'
    /usr/local/lib/ruby/gems/1.8/gems/rspec-1.2.7/lib/spec/runner/example_group_runner.rb:22:in `run'
    /usr/local/lib/ruby/gems/1.8/gems/rspec-1.2.7/lib/spec/runner/options.rb:127:in `run_examples'
    /usr/local/lib/ruby/gems/1.8/gems/rspec-1.2.7/lib/spec/runner/command_line.rb:9:in `run'
    /usr/local/lib/ruby/gems/1.8/gems/rspec-1.2.7/bin/spec:4

158)
[31mActionView::TemplateError in '/comments/show.html.erb renders attributes in <p>'
edit_forum_topic_comment_url failed to generate from {:action=>"edit", :controller=>"comments"} - you may have ambiguous routes, or you may need to supply additional parameters for this route.  content_url has the following required parameters: ["forums", :forum_id, "topics", :topic_id, "comments", :id, "edit"] - are they all satisfied?[0m
On line #17 of app/views/comments/show.html.erb

    14: </p>
    15: 
    16: 
    17: <%= link_to 'Edit', edit_forum_topic_comment_path %> |
    18: <%= link_to 'Back', forum_topic_path %>

    /usr/local/lib/ruby/gems/1.8/gems/actionpack-2.2.2/lib/action_controller/routing/route_set.rb:381:in `raise_named_route_error'
    /usr/local/lib/ruby/gems/1.8/gems/actionpack-2.2.2/lib/action_controller/routing/route_set.rb:341:in `generate'
    /usr/local/lib/ruby/gems/1.8/gems/actionpack-2.2.2/lib/action_controller/url_rewriter.rb:208:in `rewrite_path'
    /usr/local/lib/ruby/gems/1.8/gems/actionpack-2.2.2/lib/action_controller/url_rewriter.rb:187:in `rewrite_url'
    /usr/local/lib/ruby/gems/1.8/gems/actionpack-2.2.2/lib/action_controller/url_rewriter.rb:165:in `rewrite'
    /usr/local/lib/ruby/gems/1.8/gems/actionpack-2.2.2/lib/action_controller/base.rb:626:in `url_for'
    /usr/local/lib/ruby/gems/1.8/gems/actionpack-2.2.2/lib/action_view/helpers/url_helper.rb:85:in `send'
    /usr/local/lib/ruby/gems/1.8/gems/actionpack-2.2.2/lib/action_view/helpers/url_helper.rb:85:in `url_for'
    (eval):16:in `edit_forum_topic_comment_path'
    app/views/comments/show.html.erb:17
    /usr/local/lib/ruby/gems/1.8/gems/actionpack-2.2.2/lib/action_view/renderable.rb:39:in `send'
    /usr/local/lib/ruby/gems/1.8/gems/actionpack-2.2.2/lib/action_view/renderable.rb:39:in `render'
    /usr/local/lib/ruby/gems/1.8/gems/actionpack-2.2.2/lib/action_view/template.rb:73:in `render_template'
    /usr/local/lib/ruby/gems/1.8/gems/actionpack-2.2.2/lib/action_view/base.rb:256:in `render_without_mock_proxy'
    /usr/local/lib/ruby/gems/1.8/gems/rspec-rails-1.2.7.1/lib/spec/rails/extensions/action_view/base.rb:27:in `render'
    /usr/local/lib/ruby/gems/1.8/gems/actionpack-2.2.2/lib/action_controller/base.rb:1174:in `render_for_file'
    /usr/local/lib/ruby/gems/1.8/gems/actionpack-2.2.2/lib/action_controller/base.rb:899:in `render_without_benchmark'
    /usr/local/lib/ruby/gems/1.8/gems/actionpack-2.2.2/lib/action_controller/benchmarking.rb:51:in `render'
    /usr/local/lib/ruby/gems/1.8/gems/activesupport-2.2.2/lib/active_support/core_ext/benchmark.rb:8:in `realtime'
    /usr/local/lib/ruby/gems/1.8/gems/actionpack-2.2.2/lib/action_controller/benchmarking.rb:51:in `render'
    /usr/local/lib/ruby/gems/1.8/gems/rspec-rails-1.2.7.1/lib/spec/rails/example/view_example_group.rb:170:in `__send__'
    /usr/local/lib/ruby/gems/1.8/gems/rspec-rails-1.2.7.1/lib/spec/rails/example/view_example_group.rb:170:in `render'
    spec/views/comments/show.html.erb_spec.rb:15
    /usr/local/lib/ruby/gems/1.8/gems/rspec-1.2.7/lib/spec/example/example_methods.rb:40:in `instance_eval'
    /usr/local/lib/ruby/gems/1.8/gems/rspec-1.2.7/lib/spec/example/example_methods.rb:40:in `execute'
    /usr/local/lib/ruby/1.8/timeout.rb:53:in `timeout'
    /usr/local/lib/ruby/gems/1.8/gems/rspec-1.2.7/lib/spec/example/example_methods.rb:37:in `execute'
    /usr/local/lib/ruby/gems/1.8/gems/rspec-1.2.7/lib/spec/example/example_group_methods.rb:207:in `run_examples'
    /usr/local/lib/ruby/gems/1.8/gems/rspec-1.2.7/lib/spec/example/example_group_methods.rb:205:in `each'
    /usr/local/lib/ruby/gems/1.8/gems/rspec-1.2.7/lib/spec/example/example_group_methods.rb:205:in `run_examples'
    /usr/local/lib/ruby/gems/1.8/gems/rspec-1.2.7/lib/spec/example/example_group_methods.rb:103:in `run'
    /usr/local/lib/ruby/gems/1.8/gems/rspec-1.2.7/lib/spec/runner/example_group_runner.rb:23:in `run'
    /usr/local/lib/ruby/gems/1.8/gems/rspec-1.2.7/lib/spec/runner/example_group_runner.rb:22:in `each'
    /usr/local/lib/ruby/gems/1.8/gems/rspec-1.2.7/lib/spec/runner/example_group_runner.rb:22:in `run'
    /usr/local/lib/ruby/gems/1.8/gems/rspec-1.2.7/lib/spec/runner/options.rb:127:in `run_examples'
    /usr/local/lib/ruby/gems/1.8/gems/rspec-1.2.7/lib/spec/runner/command_line.rb:9:in `run'
    /usr/local/lib/ruby/gems/1.8/gems/rspec-1.2.7/bin/spec:4

159)
[31mActiveRecord::RecordInvalid in 'Comment should create a new instance given valid attributes'
Validation failed: Content is too short (minimum is 20 characters)[0m
./spec/models/comment_spec.rb:14:

160)
[31mActionView::TemplateError in '/comments/new.html.erb renders new comment form'
forum_topic_comments_url failed to generate from {:action=>"index", :controller=>"comments"} - you may have ambiguous routes, or you may need to supply additional parameters for this route.  content_url has the following required parameters: ["forums", :forum_id, "topics", :topic_id, "comments"] - are they all satisfied?[0m
On line #3 of app/views/comments/new.html.erb

    1: <h1>Êñ∞ËØÑËÆ∫</h1>
    2: 
    3: <% form_for(@comment, :url => forum_topic_comments_path) do |f| %>
    4:   <%= f.error_messages %>
    5: 
    6:   <p class="fckeditor">

    /usr/local/lib/ruby/gems/1.8/gems/actionpack-2.2.2/lib/action_controller/routing/route_set.rb:381:in `raise_named_route_error'
    /usr/local/lib/ruby/gems/1.8/gems/actionpack-2.2.2/lib/action_controller/routing/route_set.rb:341:in `generate'
    /usr/local/lib/ruby/gems/1.8/gems/actionpack-2.2.2/lib/action_controller/url_rewriter.rb:208:in `rewrite_path'
    /usr/local/lib/ruby/gems/1.8/gems/actionpack-2.2.2/lib/action_controller/url_rewriter.rb:187:in `rewrite_url'
    /usr/local/lib/ruby/gems/1.8/gems/actionpack-2.2.2/lib/action_controller/url_rewriter.rb:165:in `rewrite'
    /usr/local/lib/ruby/gems/1.8/gems/actionpack-2.2.2/lib/action_controller/base.rb:626:in `url_for'
    /usr/local/lib/ruby/gems/1.8/gems/actionpack-2.2.2/lib/action_view/helpers/url_helper.rb:85:in `send'
    /usr/local/lib/ruby/gems/1.8/gems/actionpack-2.2.2/lib/action_view/helpers/url_helper.rb:85:in `url_for'
    (eval):18:in `forum_topic_comments_path'
    app/views/comments/new.html.erb:3
    /usr/local/lib/ruby/gems/1.8/gems/actionpack-2.2.2/lib/action_view/renderable.rb:39:in `send'
    /usr/local/lib/ruby/gems/1.8/gems/actionpack-2.2.2/lib/action_view/renderable.rb:39:in `render'
    /usr/local/lib/ruby/gems/1.8/gems/actionpack-2.2.2/lib/action_view/template.rb:73:in `render_template'
    /usr/local/lib/ruby/gems/1.8/gems/actionpack-2.2.2/lib/action_view/base.rb:256:in `render_without_mock_proxy'
    /usr/local/lib/ruby/gems/1.8/gems/rspec-rails-1.2.7.1/lib/spec/rails/extensions/action_view/base.rb:27:in `render'
    /usr/local/lib/ruby/gems/1.8/gems/actionpack-2.2.2/lib/action_controller/base.rb:1174:in `render_for_file'
    /usr/local/lib/ruby/gems/1.8/gems/actionpack-2.2.2/lib/action_controller/base.rb:899:in `render_without_benchmark'
    /usr/local/lib/ruby/gems/1.8/gems/actionpack-2.2.2/lib/action_controller/benchmarking.rb:51:in `render'
    /usr/local/lib/ruby/gems/1.8/gems/activesupport-2.2.2/lib/active_support/core_ext/benchmark.rb:8:in `realtime'
    /usr/local/lib/ruby/gems/1.8/gems/actionpack-2.2.2/lib/action_controller/benchmarking.rb:51:in `render'
    /usr/local/lib/ruby/gems/1.8/gems/rspec-rails-1.2.7.1/lib/spec/rails/example/view_example_group.rb:170:in `__send__'
    /usr/local/lib/ruby/gems/1.8/gems/rspec-rails-1.2.7.1/lib/spec/rails/example/view_example_group.rb:170:in `render'
    spec/views/comments/new.html.erb_spec.rb:17
    /usr/local/lib/ruby/gems/1.8/gems/rspec-1.2.7/lib/spec/example/example_methods.rb:40:in `instance_eval'
    /usr/local/lib/ruby/gems/1.8/gems/rspec-1.2.7/lib/spec/example/example_methods.rb:40:in `execute'
    /usr/local/lib/ruby/1.8/timeout.rb:53:in `timeout'
    /usr/local/lib/ruby/gems/1.8/gems/rspec-1.2.7/lib/spec/example/example_methods.rb:37:in `execute'
    /usr/local/lib/ruby/gems/1.8/gems/rspec-1.2.7/lib/spec/example/example_group_methods.rb:207:in `run_examples'
    /usr/local/lib/ruby/gems/1.8/gems/rspec-1.2.7/lib/spec/example/example_group_methods.rb:205:in `each'
    /usr/local/lib/ruby/gems/1.8/gems/rspec-1.2.7/lib/spec/example/example_group_methods.rb:205:in `run_examples'
    /usr/local/lib/ruby/gems/1.8/gems/rspec-1.2.7/lib/spec/example/example_group_methods.rb:103:in `run'
    /usr/local/lib/ruby/gems/1.8/gems/rspec-1.2.7/lib/spec/runner/example_group_runner.rb:23:in `run'
    /usr/local/lib/ruby/gems/1.8/gems/rspec-1.2.7/lib/spec/runner/example_group_runner.rb:22:in `each'
    /usr/local/lib/ruby/gems/1.8/gems/rspec-1.2.7/lib/spec/runner/example_group_runner.rb:22:in `run'
    /usr/local/lib/ruby/gems/1.8/gems/rspec-1.2.7/lib/spec/runner/options.rb:127:in `run_examples'
    /usr/local/lib/ruby/gems/1.8/gems/rspec-1.2.7/lib/spec/runner/command_line.rb:9:in `run'
    /usr/local/lib/ruby/gems/1.8/gems/rspec-1.2.7/bin/spec:4

161)
[31mActionView::TemplateError in '/comments/edit.html.erb renders the edit comment form'
forum_topic_comment_url failed to generate from {:action=>"show", :controller=>"comments"} - you may have ambiguous routes, or you may need to supply additional parameters for this route.  content_url has the following required parameters: ["forums", :forum_id, "topics", :topic_id, "comments", :id] - are they all satisfied?[0m
On line #4 of app/views/comments/edit.html.erb

    1: <h1>ÁºñËæëËØÑËÆ∫</h1>
    2: <%= error_messages_for 'topic', 'comment' %>
    3: <br />
    4: <% form_for(@comment, :url => forum_topic_comment_path) do |f| %>
    5: 
    6:   <% if @comment == @topic.comments.first %>
    7:       <% fields_for @topic do |topic| %>

    /usr/local/lib/ruby/gems/1.8/gems/actionpack-2.2.2/lib/action_controller/routing/route_set.rb:381:in `raise_named_route_error'
    /usr/local/lib/ruby/gems/1.8/gems/actionpack-2.2.2/lib/action_controller/routing/route_set.rb:341:in `generate'
    /usr/local/lib/ruby/gems/1.8/gems/actionpack-2.2.2/lib/action_controller/url_rewriter.rb:208:in `rewrite_path'
    /usr/local/lib/ruby/gems/1.8/gems/actionpack-2.2.2/lib/action_controller/url_rewriter.rb:187:in `rewrite_url'
    /usr/local/lib/ruby/gems/1.8/gems/actionpack-2.2.2/lib/action_controller/url_rewriter.rb:165:in `rewrite'
    /usr/local/lib/ruby/gems/1.8/gems/actionpack-2.2.2/lib/action_controller/base.rb:626:in `url_for'
    /usr/local/lib/ruby/gems/1.8/gems/actionpack-2.2.2/lib/action_view/helpers/url_helper.rb:85:in `send'
    /usr/local/lib/ruby/gems/1.8/gems/actionpack-2.2.2/lib/action_view/helpers/url_helper.rb:85:in `url_for'
    (eval):16:in `forum_topic_comment_path'
    app/views/comments/edit.html.erb:4
    /usr/local/lib/ruby/gems/1.8/gems/actionpack-2.2.2/lib/action_view/renderable.rb:39:in `send'
    /usr/local/lib/ruby/gems/1.8/gems/actionpack-2.2.2/lib/action_view/renderable.rb:39:in `render'
    /usr/local/lib/ruby/gems/1.8/gems/actionpack-2.2.2/lib/action_view/template.rb:73:in `render_template'
    /usr/local/lib/ruby/gems/1.8/gems/actionpack-2.2.2/lib/action_view/base.rb:256:in `render_without_mock_proxy'
    /usr/local/lib/ruby/gems/1.8/gems/rspec-rails-1.2.7.1/lib/spec/rails/extensions/action_view/base.rb:27:in `render'
    /usr/local/lib/ruby/gems/1.8/gems/actionpack-2.2.2/lib/action_controller/base.rb:1174:in `render_for_file'
    /usr/local/lib/ruby/gems/1.8/gems/actionpack-2.2.2/lib/action_controller/base.rb:899:in `render_without_benchmark'
    /usr/local/lib/ruby/gems/1.8/gems/actionpack-2.2.2/lib/action_controller/benchmarking.rb:51:in `render'
    /usr/local/lib/ruby/gems/1.8/gems/activesupport-2.2.2/lib/active_support/core_ext/benchmark.rb:8:in `realtime'
    /usr/local/lib/ruby/gems/1.8/gems/actionpack-2.2.2/lib/action_controller/benchmarking.rb:51:in `render'
    /usr/local/lib/ruby/gems/1.8/gems/rspec-rails-1.2.7.1/lib/spec/rails/example/view_example_group.rb:170:in `__send__'
    /usr/local/lib/ruby/gems/1.8/gems/rspec-rails-1.2.7.1/lib/spec/rails/example/view_example_group.rb:170:in `render'
    spec/views/comments/edit.html.erb_spec.rb:17
    /usr/local/lib/ruby/gems/1.8/gems/rspec-1.2.7/lib/spec/example/example_methods.rb:40:in `instance_eval'
    /usr/local/lib/ruby/gems/1.8/gems/rspec-1.2.7/lib/spec/example/example_methods.rb:40:in `execute'
    /usr/local/lib/ruby/1.8/timeout.rb:53:in `timeout'
    /usr/local/lib/ruby/gems/1.8/gems/rspec-1.2.7/lib/spec/example/example_methods.rb:37:in `execute'
    /usr/local/lib/ruby/gems/1.8/gems/rspec-1.2.7/lib/spec/example/example_group_methods.rb:207:in `run_examples'
    /usr/local/lib/ruby/gems/1.8/gems/rspec-1.2.7/lib/spec/example/example_group_methods.rb:205:in `each'
    /usr/local/lib/ruby/gems/1.8/gems/rspec-1.2.7/lib/spec/example/example_group_methods.rb:205:in `run_examples'
    /usr/local/lib/ruby/gems/1.8/gems/rspec-1.2.7/lib/spec/example/example_group_methods.rb:103:in `run'
    /usr/local/lib/ruby/gems/1.8/gems/rspec-1.2.7/lib/spec/runner/example_group_runner.rb:23:in `run'
    /usr/local/lib/ruby/gems/1.8/gems/rspec-1.2.7/lib/spec/runner/example_group_runner.rb:22:in `each'
    /usr/local/lib/ruby/gems/1.8/gems/rspec-1.2.7/lib/spec/runner/example_group_runner.rb:22:in `run'
    /usr/local/lib/ruby/gems/1.8/gems/rspec-1.2.7/lib/spec/runner/options.rb:127:in `run_examples'
    /usr/local/lib/ruby/gems/1.8/gems/rspec-1.2.7/lib/spec/runner/command_line.rb:9:in `run'
    /usr/local/lib/ruby/gems/1.8/gems/rspec-1.2.7/bin/spec:4

162)
[31mActionController::RoutingError in 'CommentsController DELETE destroy destroys the requested comment'
No route matches {:action=>"destroy", :controller=>"comments", :id=>"37"}[0m
./spec/controllers/comments_controller_spec.rb:121:

163)
[31mActionController::RoutingError in 'CommentsController DELETE destroy redirects to the comments list'
No route matches {:action=>"destroy", :controller=>"comments", :id=>"1"}[0m
./spec/controllers/comments_controller_spec.rb:126:

164)
[31mActionController::RoutingError in 'CommentsController PUT update with invalid params updates the requested comment'
No route matches {:comment=>{:these=>"params"}, :action=>"update", :controller=>"comments", :id=>"37"}[0m
./spec/controllers/comments_controller_spec.rb:99:

165)
[31mActionController::RoutingError in 'CommentsController PUT update with invalid params assigns the comment as @comment'
No route matches {:action=>"update", :controller=>"comments", :id=>"1"}[0m
./spec/controllers/comments_controller_spec.rb:104:

166)
[31mActionController::RoutingError in 'CommentsController PUT update with invalid params re-renders the 'edit' template'
No route matches {:action=>"update", :controller=>"comments", :id=>"1"}[0m
./spec/controllers/comments_controller_spec.rb:110:

167)
[31mActionController::RoutingError in 'CommentsController PUT update with valid params updates the requested comment'
No route matches {:comment=>{:these=>"params"}, :action=>"update", :controller=>"comments", :id=>"37"}[0m
./spec/controllers/comments_controller_spec.rb:79:

168)
[31mActionController::RoutingError in 'CommentsController PUT update with valid params assigns the requested comment as @comment'
No route matches {:action=>"update", :controller=>"comments", :id=>"1"}[0m
./spec/controllers/comments_controller_spec.rb:84:

169)
[31mActionController::RoutingError in 'CommentsController PUT update with valid params redirects to the comment'
No route matches {:action=>"update", :controller=>"comments", :id=>"1"}[0m
./spec/controllers/comments_controller_spec.rb:90:

170)
[31mActionController::RoutingError in 'CommentsController POST create with invalid params assigns a newly created but unsaved comment as @comment'
No route matches {:comment=>{:these=>"params"}, :action=>"create", :controller=>"comments"}[0m
./spec/controllers/comments_controller_spec.rb:60:

171)
[31mActionController::RoutingError in 'CommentsController POST create with invalid params re-renders the 'new' template'
No route matches {:comment=>{}, :action=>"create", :controller=>"comments"}[0m
./spec/controllers/comments_controller_spec.rb:66:

172)
[31mActionController::RoutingError in 'CommentsController POST create with valid params assigns a newly created comment as @comment'
No route matches {:comment=>{:these=>"params"}, :action=>"create", :controller=>"comments"}[0m
./spec/controllers/comments_controller_spec.rb:46:

173)
[31mActionController::RoutingError in 'CommentsController POST create with valid params redirects to the created comment'
No route matches {:comment=>{}, :action=>"create", :controller=>"comments"}[0m
./spec/controllers/comments_controller_spec.rb:52:

174)
[31mActionController::RoutingError in 'CommentsController GET edit assigns the requested comment as @comment'
No route matches {:action=>"edit", :controller=>"comments", :id=>"37"}[0m
./spec/controllers/comments_controller_spec.rb:36:

175)
[31mActionController::RoutingError in 'CommentsController GET new assigns a new comment as @comment'
No route matches {:action=>"new", :controller=>"comments"}[0m
./spec/controllers/comments_controller_spec.rb:28:

176)
[31mActionController::RoutingError in 'CommentsController GET show assigns the requested comment as @comment'
No route matches {:action=>"show", :controller=>"comments", :id=>"37"}[0m
./spec/controllers/comments_controller_spec.rb:20:

177)
[31mActionController::RoutingError in 'CommentsController GET index assigns all comments as @comments'
No route matches {:action=>"index", :controller=>"comments"}[0m
./spec/controllers/comments_controller_spec.rb:12:

178)
[31mActionController::RoutingError in 'CommentsController route recognition generates params for #index'
No route matches "/comments" with {:method=>:get}[0m
./spec/routing/comments_routing_spec.rb:36:

179)
[31mActionController::RoutingError in 'CommentsController route recognition generates params for #new'
No route matches "/comments/new" with {:method=>:get}[0m
./spec/routing/comments_routing_spec.rb:40:

180)
[31mActionController::RoutingError in 'CommentsController route recognition generates params for #create'
No route matches "/comments" with {:method=>:post}[0m
./spec/routing/comments_routing_spec.rb:44:

181)
[31mActionController::RoutingError in 'CommentsController route recognition generates params for #show'
No route matches "/comments/1" with {:method=>:get}[0m
./spec/routing/comments_routing_spec.rb:48:

182)
[31mActionController::RoutingError in 'CommentsController route recognition generates params for #edit'
No route matches "/comments/1/edit" with {:method=>:get}[0m
./spec/routing/comments_routing_spec.rb:52:

183)
[31mActionController::RoutingError in 'CommentsController route recognition generates params for #update'
No route matches "/comments/1" with {:method=>:put}[0m
./spec/routing/comments_routing_spec.rb:56:

184)
[31mActionController::RoutingError in 'CommentsController route recognition generates params for #destroy'
No route matches "/comments/1" with {:method=>:delete}[0m
./spec/routing/comments_routing_spec.rb:60:

185)
[31mActionController::RoutingError in 'CommentsController route generation maps #index'
No route matches "/comments" with {:method=>:get}[0m
./spec/routing/comments_routing_spec.rb:6:

186)
[31mActionController::RoutingError in 'CommentsController route generation maps #new'
No route matches "/comments/new" with {:method=>:get}[0m
./spec/routing/comments_routing_spec.rb:10:

187)
[31mActionController::RoutingError in 'CommentsController route generation maps #show'
No route matches "/comments/1" with {:method=>:get}[0m
./spec/routing/comments_routing_spec.rb:14:

188)
[31mActionController::RoutingError in 'CommentsController route generation maps #edit'
No route matches "/comments/1/edit" with {:method=>:get}[0m
./spec/routing/comments_routing_spec.rb:18:

189)
[31mActionController::RoutingError in 'CommentsController route generation maps #create'
No route matches "/comments" with {:method=>:post}[0m
./spec/routing/comments_routing_spec.rb:22:

190)
[31mActionController::RoutingError in 'CommentsController route generation maps #update'
No route matches "/comments/1" with {:method=>:put}[0m
./spec/routing/comments_routing_spec.rb:26:

191)
[31mActionController::RoutingError in 'CommentsController route generation maps #destroy'
No route matches "/comments/1" with {:method=>:delete}[0m
./spec/routing/comments_routing_spec.rb:30:

192)
[31mActionView::MissingTemplate in '/comments/index.html.erb renders a list of comments'
Missing template comments/index.html.erb in view path /root/work/knight/app/views:[0m
./spec/views/comments/index.html.erb_spec.rb:24:

193)
[31mActionController::RoutingError in 'BlogCommentsController DELETE destroy destroys the requested blog_comment'
No route matches {:action=>"destroy", :controller=>"blog_comments", :id=>"37"}[0m
./spec/controllers/blog_comments_controller_spec.rb:121:

194)
[31mActionController::RoutingError in 'BlogCommentsController DELETE destroy redirects to the blog_comments list'
No route matches {:action=>"destroy", :controller=>"blog_comments", :id=>"1"}[0m
./spec/controllers/blog_comments_controller_spec.rb:126:

195)
[31mActionController::RoutingError in 'BlogCommentsController PUT update with invalid params updates the requested blog_comment'
No route matches {:action=>"update", :blog_comment=>{:these=>"params"}, :controller=>"blog_comments", :id=>"37"}[0m
./spec/controllers/blog_comments_controller_spec.rb:99:

196)
[31mActionController::RoutingError in 'BlogCommentsController PUT update with invalid params assigns the blog_comment as @blog_comment'
No route matches {:action=>"update", :controller=>"blog_comments", :id=>"1"}[0m
./spec/controllers/blog_comments_controller_spec.rb:104:

197)
[31mActionController::RoutingError in 'BlogCommentsController PUT update with invalid params re-renders the 'edit' template'
No route matches {:action=>"update", :controller=>"blog_comments", :id=>"1"}[0m
./spec/controllers/blog_comments_controller_spec.rb:110:

198)
[31mActionController::RoutingError in 'BlogCommentsController PUT update with valid params updates the requested blog_comment'
No route matches {:action=>"update", :blog_comment=>{:these=>"params"}, :controller=>"blog_comments", :id=>"37"}[0m
./spec/controllers/blog_comments_controller_spec.rb:79:

199)
[31mActionController::RoutingError in 'BlogCommentsController PUT update with valid params assigns the requested blog_comment as @blog_comment'
No route matches {:action=>"update", :controller=>"blog_comments", :id=>"1"}[0m
./spec/controllers/blog_comments_controller_spec.rb:84:

200)
[31mActionController::RoutingError in 'BlogCommentsController PUT update with valid params redirects to the blog_comment'
No route matches {:action=>"update", :controller=>"blog_comments", :id=>"1"}[0m
./spec/controllers/blog_comments_controller_spec.rb:90:

201)
[31mActionController::RoutingError in 'BlogCommentsController POST create with invalid params assigns a newly created but unsaved blog_comment as @blog_comment'
No route matches {:action=>"create", :blog_comment=>{:these=>"params"}, :controller=>"blog_comments"}[0m
./spec/controllers/blog_comments_controller_spec.rb:60:

202)
[31mActionController::RoutingError in 'BlogCommentsController POST create with invalid params re-renders the 'new' template'
No route matches {:action=>"create", :blog_comment=>{}, :controller=>"blog_comments"}[0m
./spec/controllers/blog_comments_controller_spec.rb:66:

203)
[31mActionController::RoutingError in 'BlogCommentsController POST create with valid params assigns a newly created blog_comment as @blog_comment'
No route matches {:action=>"create", :blog_comment=>{:these=>"params"}, :controller=>"blog_comments"}[0m
./spec/controllers/blog_comments_controller_spec.rb:46:

204)
[31mActionController::RoutingError in 'BlogCommentsController POST create with valid params redirects to the created blog_comment'
No route matches {:action=>"create", :blog_comment=>{}, :controller=>"blog_comments"}[0m
./spec/controllers/blog_comments_controller_spec.rb:52:

205)
[31mActionController::RoutingError in 'BlogCommentsController GET edit assigns the requested blog_comment as @blog_comment'
No route matches {:action=>"edit", :controller=>"blog_comments", :id=>"37"}[0m
./spec/controllers/blog_comments_controller_spec.rb:36:

206)
[31mActionController::RoutingError in 'BlogCommentsController GET new assigns a new blog_comment as @blog_comment'
No route matches {:action=>"new", :controller=>"blog_comments"}[0m
./spec/controllers/blog_comments_controller_spec.rb:28:

207)
[31mActionController::RoutingError in 'BlogCommentsController GET show assigns the requested blog_comment as @blog_comment'
No route matches {:action=>"show", :controller=>"blog_comments", :id=>"37"}[0m
./spec/controllers/blog_comments_controller_spec.rb:20:

208)
[31mActionController::RoutingError in 'BlogCommentsController GET index assigns all blog_comments as @blog_comments'
No route matches {:action=>"index", :controller=>"blog_comments"}[0m
./spec/controllers/blog_comments_controller_spec.rb:12:

209)
[31mActionController::RoutingError in 'BlogCommentsController route recognition generates params for #index'
No route matches "/blog_comments" with {:method=>:get}[0m
./spec/routing/blog_comments_routing_spec.rb:36:

210)
[31mActionController::RoutingError in 'BlogCommentsController route recognition generates params for #new'
No route matches "/blog_comments/new" with {:method=>:get}[0m
./spec/routing/blog_comments_routing_spec.rb:40:

211)
[31mActionController::RoutingError in 'BlogCommentsController route recognition generates params for #create'
No route matches "/blog_comments" with {:method=>:post}[0m
./spec/routing/blog_comments_routing_spec.rb:44:

212)
[31mActionController::RoutingError in 'BlogCommentsController route recognition generates params for #show'
No route matches "/blog_comments/1" with {:method=>:get}[0m
./spec/routing/blog_comments_routing_spec.rb:48:

213)
[31mActionController::RoutingError in 'BlogCommentsController route recognition generates params for #edit'
No route matches "/blog_comments/1/edit" with {:method=>:get}[0m
./spec/routing/blog_comments_routing_spec.rb:52:

214)
[31mActionController::RoutingError in 'BlogCommentsController route recognition generates params for #update'
No route matches "/blog_comments/1" with {:method=>:put}[0m
./spec/routing/blog_comments_routing_spec.rb:56:

215)
[31mActionController::RoutingError in 'BlogCommentsController route recognition generates params for #destroy'
No route matches "/blog_comments/1" with {:method=>:delete}[0m
./spec/routing/blog_comments_routing_spec.rb:60:

216)
[31mActionController::RoutingError in 'BlogCommentsController route generation maps #index'
No route matches "/blog_comments" with {:method=>:get}[0m
./spec/routing/blog_comments_routing_spec.rb:6:

217)
[31mActionController::RoutingError in 'BlogCommentsController route generation maps #new'
No route matches "/blog_comments/new" with {:method=>:get}[0m
./spec/routing/blog_comments_routing_spec.rb:10:

218)
[31mActionController::RoutingError in 'BlogCommentsController route generation maps #show'
No route matches "/blog_comments/1" with {:method=>:get}[0m
./spec/routing/blog_comments_routing_spec.rb:14:

219)
[31mActionController::RoutingError in 'BlogCommentsController route generation maps #edit'
No route matches "/blog_comments/1/edit" with {:method=>:get}[0m
./spec/routing/blog_comments_routing_spec.rb:18:

220)
[31mActionController::RoutingError in 'BlogCommentsController route generation maps #create'
No route matches "/blog_comments" with {:method=>:post}[0m
./spec/routing/blog_comments_routing_spec.rb:22:

221)
[31mActionController::RoutingError in 'BlogCommentsController route generation maps #update'
No route matches "/blog_comments/1" with {:method=>:put}[0m
./spec/routing/blog_comments_routing_spec.rb:26:

222)
[31mActionController::RoutingError in 'BlogCommentsController route generation maps #destroy'
No route matches "/blog_comments/1" with {:method=>:delete}[0m
./spec/routing/blog_comments_routing_spec.rb:30:

223)
[31mActionView::TemplateError in '/blog_comments/new.html.erb renders new blog_comment form'
user_blog_blog_comments_url failed to generate from {:action=>"index", :controller=>"blog_comments"} - you may have ambiguous routes, or you may need to supply additional parameters for this route.  content_url has the following required parameters: ["users", :user_id, "blogs", :blog_id, "blog_comments"] - are they all satisfied?[0m
On line #5 of app/views/blog_comments/new.html.erb

    2: <br />
    3: <br />
    4: 
    5: <% form_for(@blog_comment, :url => user_blog_blog_comments_path) do |f| %>
    6:   <%= f.error_messages %>
    7:   <p class="fckeditor">
    8:     <%= fckeditor_textarea(:blog_comment, :content,:width=>'80%', :height=>'500px' ) %>

    /usr/local/lib/ruby/gems/1.8/gems/actionpack-2.2.2/lib/action_controller/routing/route_set.rb:381:in `raise_named_route_error'
    /usr/local/lib/ruby/gems/1.8/gems/actionpack-2.2.2/lib/action_controller/routing/route_set.rb:341:in `generate'
    /usr/local/lib/ruby/gems/1.8/gems/actionpack-2.2.2/lib/action_controller/url_rewriter.rb:208:in `rewrite_path'
    /usr/local/lib/ruby/gems/1.8/gems/actionpack-2.2.2/lib/action_controller/url_rewriter.rb:187:in `rewrite_url'
    /usr/local/lib/ruby/gems/1.8/gems/actionpack-2.2.2/lib/action_controller/url_rewriter.rb:165:in `rewrite'
    /usr/local/lib/ruby/gems/1.8/gems/actionpack-2.2.2/lib/action_controller/base.rb:626:in `url_for'
    /usr/local/lib/ruby/gems/1.8/gems/actionpack-2.2.2/lib/action_view/helpers/url_helper.rb:85:in `send'
    /usr/local/lib/ruby/gems/1.8/gems/actionpack-2.2.2/lib/action_view/helpers/url_helper.rb:85:in `url_for'
    (eval):18:in `user_blog_blog_comments_path'
    app/views/blog_comments/new.html.erb:5
    /usr/local/lib/ruby/gems/1.8/gems/actionpack-2.2.2/lib/action_view/renderable.rb:39:in `send'
    /usr/local/lib/ruby/gems/1.8/gems/actionpack-2.2.2/lib/action_view/renderable.rb:39:in `render'
    /usr/local/lib/ruby/gems/1.8/gems/actionpack-2.2.2/lib/action_view/template.rb:73:in `render_template'
    /usr/local/lib/ruby/gems/1.8/gems/actionpack-2.2.2/lib/action_view/base.rb:256:in `render_without_mock_proxy'
    /usr/local/lib/ruby/gems/1.8/gems/rspec-rails-1.2.7.1/lib/spec/rails/extensions/action_view/base.rb:27:in `render'
    /usr/local/lib/ruby/gems/1.8/gems/actionpack-2.2.2/lib/action_controller/base.rb:1174:in `render_for_file'
    /usr/local/lib/ruby/gems/1.8/gems/actionpack-2.2.2/lib/action_controller/base.rb:899:in `render_without_benchmark'
    /usr/local/lib/ruby/gems/1.8/gems/actionpack-2.2.2/lib/action_controller/benchmarking.rb:51:in `render'
    /usr/local/lib/ruby/gems/1.8/gems/activesupport-2.2.2/lib/active_support/core_ext/benchmark.rb:8:in `realtime'
    /usr/local/lib/ruby/gems/1.8/gems/actionpack-2.2.2/lib/action_controller/benchmarking.rb:51:in `render'
    /usr/local/lib/ruby/gems/1.8/gems/rspec-rails-1.2.7.1/lib/spec/rails/example/view_example_group.rb:170:in `__send__'
    /usr/local/lib/ruby/gems/1.8/gems/rspec-rails-1.2.7.1/lib/spec/rails/example/view_example_group.rb:170:in `render'
    spec/views/blog_comments/new.html.erb_spec.rb:16
    /usr/local/lib/ruby/gems/1.8/gems/rspec-1.2.7/lib/spec/example/example_methods.rb:40:in `instance_eval'
    /usr/local/lib/ruby/gems/1.8/gems/rspec-1.2.7/lib/spec/example/example_methods.rb:40:in `execute'
    /usr/local/lib/ruby/1.8/timeout.rb:53:in `timeout'
    /usr/local/lib/ruby/gems/1.8/gems/rspec-1.2.7/lib/spec/example/example_methods.rb:37:in `execute'
    /usr/local/lib/ruby/gems/1.8/gems/rspec-1.2.7/lib/spec/example/example_group_methods.rb:207:in `run_examples'
    /usr/local/lib/ruby/gems/1.8/gems/rspec-1.2.7/lib/spec/example/example_group_methods.rb:205:in `each'
    /usr/local/lib/ruby/gems/1.8/gems/rspec-1.2.7/lib/spec/example/example_group_methods.rb:205:in `run_examples'
    /usr/local/lib/ruby/gems/1.8/gems/rspec-1.2.7/lib/spec/example/example_group_methods.rb:103:in `run'
    /usr/local/lib/ruby/gems/1.8/gems/rspec-1.2.7/lib/spec/runner/example_group_runner.rb:23:in `run'
    /usr/local/lib/ruby/gems/1.8/gems/rspec-1.2.7/lib/spec/runner/example_group_runner.rb:22:in `each'
    /usr/local/lib/ruby/gems/1.8/gems/rspec-1.2.7/lib/spec/runner/example_group_runner.rb:22:in `run'
    /usr/local/lib/ruby/gems/1.8/gems/rspec-1.2.7/lib/spec/runner/options.rb:127:in `run_examples'
    /usr/local/lib/ruby/gems/1.8/gems/rspec-1.2.7/lib/spec/runner/command_line.rb:9:in `run'
    /usr/local/lib/ruby/gems/1.8/gems/rspec-1.2.7/bin/spec:4

224)
[31mActionView::TemplateError in '/blog_comments/edit.html.erb renders the edit blog_comment form'
user_blog_blog_comment_url failed to generate from {:action=>"show", :controller=>"blog_comments"} - you may have ambiguous routes, or you may need to supply additional parameters for this route.  content_url has the following required parameters: ["users", :user_id, "blogs", :blog_id, "blog_comments", :id] - are they all satisfied?[0m
On line #5 of app/views/blog_comments/edit.html.erb

    2: <br />
    3: <br />
    4: 
    5: <% form_for(@blog_comment, :url => user_blog_blog_comment_path) do |f| %>
    6:   <%= f.error_messages %>
    7:   <p class="fckeditor">
    8:     <%= fckeditor_textarea(:blog_comment, :content,:width=>'80%', :height=>'500px' ) %>

    /usr/local/lib/ruby/gems/1.8/gems/actionpack-2.2.2/lib/action_controller/routing/route_set.rb:381:in `raise_named_route_error'
    /usr/local/lib/ruby/gems/1.8/gems/actionpack-2.2.2/lib/action_controller/routing/route_set.rb:341:in `generate'
    /usr/local/lib/ruby/gems/1.8/gems/actionpack-2.2.2/lib/action_controller/url_rewriter.rb:208:in `rewrite_path'
    /usr/local/lib/ruby/gems/1.8/gems/actionpack-2.2.2/lib/action_controller/url_rewriter.rb:187:in `rewrite_url'
    /usr/local/lib/ruby/gems/1.8/gems/actionpack-2.2.2/lib/action_controller/url_rewriter.rb:165:in `rewrite'
    /usr/local/lib/ruby/gems/1.8/gems/actionpack-2.2.2/lib/action_controller/base.rb:626:in `url_for'
    /usr/local/lib/ruby/gems/1.8/gems/actionpack-2.2.2/lib/action_view/helpers/url_helper.rb:85:in `send'
    /usr/local/lib/ruby/gems/1.8/gems/actionpack-2.2.2/lib/action_view/helpers/url_helper.rb:85:in `url_for'
    (eval):16:in `user_blog_blog_comment_path'
    app/views/blog_comments/edit.html.erb:5
    /usr/local/lib/ruby/gems/1.8/gems/actionpack-2.2.2/lib/action_view/renderable.rb:39:in `send'
    /usr/local/lib/ruby/gems/1.8/gems/actionpack-2.2.2/lib/action_view/renderable.rb:39:in `render'
    /usr/local/lib/ruby/gems/1.8/gems/actionpack-2.2.2/lib/action_view/template.rb:73:in `render_template'
    /usr/local/lib/ruby/gems/1.8/gems/actionpack-2.2.2/lib/action_view/base.rb:256:in `render_without_mock_proxy'
    /usr/local/lib/ruby/gems/1.8/gems/rspec-rails-1.2.7.1/lib/spec/rails/extensions/action_view/base.rb:27:in `render'
    /usr/local/lib/ruby/gems/1.8/gems/actionpack-2.2.2/lib/action_controller/base.rb:1174:in `render_for_file'
    /usr/local/lib/ruby/gems/1.8/gems/actionpack-2.2.2/lib/action_controller/base.rb:899:in `render_without_benchmark'
    /usr/local/lib/ruby/gems/1.8/gems/actionpack-2.2.2/lib/action_controller/benchmarking.rb:51:in `render'
    /usr/local/lib/ruby/gems/1.8/gems/activesupport-2.2.2/lib/active_support/core_ext/benchmark.rb:8:in `realtime'
    /usr/local/lib/ruby/gems/1.8/gems/actionpack-2.2.2/lib/action_controller/benchmarking.rb:51:in `render'
    /usr/local/lib/ruby/gems/1.8/gems/rspec-rails-1.2.7.1/lib/spec/rails/example/view_example_group.rb:170:in `__send__'
    /usr/local/lib/ruby/gems/1.8/gems/rspec-rails-1.2.7.1/lib/spec/rails/example/view_example_group.rb:170:in `render'
    spec/views/blog_comments/edit.html.erb_spec.rb:16
    /usr/local/lib/ruby/gems/1.8/gems/rspec-1.2.7/lib/spec/example/example_methods.rb:40:in `instance_eval'
    /usr/local/lib/ruby/gems/1.8/gems/rspec-1.2.7/lib/spec/example/example_methods.rb:40:in `execute'
    /usr/local/lib/ruby/1.8/timeout.rb:53:in `timeout'
    /usr/local/lib/ruby/gems/1.8/gems/rspec-1.2.7/lib/spec/example/example_methods.rb:37:in `execute'
    /usr/local/lib/ruby/gems/1.8/gems/rspec-1.2.7/lib/spec/example/example_group_methods.rb:207:in `run_examples'
    /usr/local/lib/ruby/gems/1.8/gems/rspec-1.2.7/lib/spec/example/example_group_methods.rb:205:in `each'
    /usr/local/lib/ruby/gems/1.8/gems/rspec-1.2.7/lib/spec/example/example_group_methods.rb:205:in `run_examples'
    /usr/local/lib/ruby/gems/1.8/gems/rspec-1.2.7/lib/spec/example/example_group_methods.rb:103:in `run'
    /usr/local/lib/ruby/gems/1.8/gems/rspec-1.2.7/lib/spec/runner/example_group_runner.rb:23:in `run'
    /usr/local/lib/ruby/gems/1.8/gems/rspec-1.2.7/lib/spec/runner/example_group_runner.rb:22:in `each'
    /usr/local/lib/ruby/gems/1.8/gems/rspec-1.2.7/lib/spec/runner/example_group_runner.rb:22:in `run'
    /usr/local/lib/ruby/gems/1.8/gems/rspec-1.2.7/lib/spec/runner/options.rb:127:in `run_examples'
    /usr/local/lib/ruby/gems/1.8/gems/rspec-1.2.7/lib/spec/runner/command_line.rb:9:in `run'
    /usr/local/lib/ruby/gems/1.8/gems/rspec-1.2.7/bin/spec:4

225)
[31mActionView::MissingTemplate in '/blog_comments/show.html.erb renders attributes in <p>'
Missing template blog_comments/show.html.erb in view path /root/work/knight/app/views:[0m
./spec/views/blog_comments/show.html.erb_spec.rb:14:

226)
[31mActionView::MissingTemplate in '/blog_comments/index.html.erb renders a list of blog_comments'
Missing template blog_comments/index.html.erb in view path /root/work/knight/app/views:[0m
./spec/views/blog_comments/index.html.erb_spec.rb:22:

227)
[31mActionView::MissingTemplate in '/banners/index.html.erb renders a list of banners'
Missing template banners/index.html.erb in view path /root/work/knight/app/views:[0m
./spec/views/banners/index.html.erb_spec.rb:30:

228)
[31mNameError in '/banners/new.html.erb renders new banner form'
undefined local variable or method `banners_path' for #<Spec::Rails::Example::ViewExampleGroup::Subclass_15:0x7fc02115a728>[0m
./spec/views/banners/new.html.erb_spec.rb:22:

229)
[31mActionController::RoutingError in 'BannersController route recognition generates params for #index'
No route matches "/banners" with {:method=>:get}[0m
./spec/routing/banners_routing_spec.rb:36:

230)
[31mActionController::RoutingError in 'BannersController route recognition generates params for #new'
No route matches "/banners/new" with {:method=>:get}[0m
./spec/routing/banners_routing_spec.rb:40:

231)
[31mActionController::RoutingError in 'BannersController route recognition generates params for #create'
No route matches "/banners" with {:method=>:post}[0m
./spec/routing/banners_routing_spec.rb:44:

232)
[31mActionController::RoutingError in 'BannersController route recognition generates params for #show'
No route matches "/banners/1" with {:method=>:get}[0m
./spec/routing/banners_routing_spec.rb:48:

233)
[31mActionController::RoutingError in 'BannersController route recognition generates params for #edit'
No route matches "/banners/1/edit" with {:method=>:get}[0m
./spec/routing/banners_routing_spec.rb:52:

234)
[31mActionController::RoutingError in 'BannersController route recognition generates params for #update'
No route matches "/banners/1" with {:method=>:put}[0m
./spec/routing/banners_routing_spec.rb:56:

235)
[31mActionController::RoutingError in 'BannersController route recognition generates params for #destroy'
No route matches "/banners/1" with {:method=>:delete}[0m
./spec/routing/banners_routing_spec.rb:60:

236)
[31mActionController::RoutingError in 'BannersController route generation maps #index'
No route matches "/banners" with {:method=>:get}[0m
./spec/routing/banners_routing_spec.rb:6:

237)
[31mActionController::RoutingError in 'BannersController route generation maps #new'
No route matches "/banners/new" with {:method=>:get}[0m
./spec/routing/banners_routing_spec.rb:10:

238)
[31mActionController::RoutingError in 'BannersController route generation maps #show'
No route matches "/banners/1" with {:method=>:get}[0m
./spec/routing/banners_routing_spec.rb:14:

239)
[31mActionController::RoutingError in 'BannersController route generation maps #edit'
No route matches "/banners/1/edit" with {:method=>:get}[0m
./spec/routing/banners_routing_spec.rb:18:

240)
[31mActionController::RoutingError in 'BannersController route generation maps #create'
No route matches "/banners" with {:method=>:post}[0m
./spec/routing/banners_routing_spec.rb:22:

241)
[31mActionController::RoutingError in 'BannersController route generation maps #update'
No route matches "/banners/1" with {:method=>:put}[0m
./spec/routing/banners_routing_spec.rb:26:

242)
[31mActionController::RoutingError in 'BannersController route generation maps #destroy'
No route matches "/banners/1" with {:method=>:delete}[0m
./spec/routing/banners_routing_spec.rb:30:

243)
[31mActionView::MissingTemplate in '/banners/edit.html.erb renders the edit banner form'
Missing template banners/edit.html.erb in view path /root/work/knight/app/views:[0m
./spec/views/banners/edit.html.erb_spec.rb:20:

244)
[31mActionController::RoutingError in 'BannersController DELETE destroy destroys the requested banner'
No route matches {:action=>"destroy", :controller=>"banners", :id=>"37"}[0m
./spec/controllers/banners_controller_spec.rb:121:

245)
[31mActionController::RoutingError in 'BannersController DELETE destroy redirects to the banners list'
No route matches {:action=>"destroy", :controller=>"banners", :id=>"1"}[0m
./spec/controllers/banners_controller_spec.rb:126:

246)
[31mActionController::RoutingError in 'BannersController PUT update with invalid params updates the requested banner'
No route matches {:banner=>{:these=>"params"}, :action=>"update", :controller=>"banners", :id=>"37"}[0m
./spec/controllers/banners_controller_spec.rb:99:

247)
[31mActionController::RoutingError in 'BannersController PUT update with invalid params assigns the banner as @banner'
No route matches {:action=>"update", :controller=>"banners", :id=>"1"}[0m
./spec/controllers/banners_controller_spec.rb:104:

248)
[31mActionController::RoutingError in 'BannersController PUT update with invalid params re-renders the 'edit' template'
No route matches {:action=>"update", :controller=>"banners", :id=>"1"}[0m
./spec/controllers/banners_controller_spec.rb:110:

249)
[31mActionController::RoutingError in 'BannersController PUT update with valid params updates the requested banner'
No route matches {:banner=>{:these=>"params"}, :action=>"update", :controller=>"banners", :id=>"37"}[0m
./spec/controllers/banners_controller_spec.rb:79:

250)
[31mActionController::RoutingError in 'BannersController PUT update with valid params assigns the requested banner as @banner'
No route matches {:action=>"update", :controller=>"banners", :id=>"1"}[0m
./spec/controllers/banners_controller_spec.rb:84:

251)
[31mActionController::RoutingError in 'BannersController PUT update with valid params redirects to the banner'
No route matches {:action=>"update", :controller=>"banners", :id=>"1"}[0m
./spec/controllers/banners_controller_spec.rb:90:

252)
[31mActionController::RoutingError in 'BannersController POST create with invalid params assigns a newly created but unsaved banner as @banner'
No route matches {:banner=>{:these=>"params"}, :action=>"create", :controller=>"banners"}[0m
./spec/controllers/banners_controller_spec.rb:60:

253)
[31mActionController::RoutingError in 'BannersController POST create with invalid params re-renders the 'new' template'
No route matches {:banner=>{}, :action=>"create", :controller=>"banners"}[0m
./spec/controllers/banners_controller_spec.rb:66:

254)
[31mActionController::RoutingError in 'BannersController POST create with valid params assigns a newly created banner as @banner'
No route matches {:banner=>{:these=>"params"}, :action=>"create", :controller=>"banners"}[0m
./spec/controllers/banners_controller_spec.rb:46:

255)
[31mActionController::RoutingError in 'BannersController POST create with valid params redirects to the created banner'
No route matches {:banner=>{}, :action=>"create", :controller=>"banners"}[0m
./spec/controllers/banners_controller_spec.rb:52:

256)
[31mActionController::RoutingError in 'BannersController GET edit assigns the requested banner as @banner'
No route matches {:action=>"edit", :controller=>"banners", :id=>"37"}[0m
./spec/controllers/banners_controller_spec.rb:36:

257)
[31mActionController::RoutingError in 'BannersController GET new assigns a new banner as @banner'
No route matches {:action=>"new", :controller=>"banners"}[0m
./spec/controllers/banners_controller_spec.rb:28:

258)
[31mActionController::RoutingError in 'BannersController GET show assigns the requested banner as @banner'
No route matches {:action=>"show", :controller=>"banners", :id=>"37"}[0m
./spec/controllers/banners_controller_spec.rb:20:

259)
[31mActionController::RoutingError in 'BannersController GET index assigns all banners as @banners'
No route matches {:action=>"index", :controller=>"banners"}[0m
./spec/controllers/banners_controller_spec.rb:12:

260)
[31mActionView::MissingTemplate in '/banners/show.html.erb renders attributes in <p>'
Missing template banners/show.html.erb in view path /root/work/knight/app/views:[0m
./spec/views/banners/show.html.erb_spec.rb:18:

261)
[31mActionView::TemplateError in '/covers/index.html.erb renders a list of covers'
user_cover_url failed to generate from {:action=>"show", :controller=>"covers", :id=>1190}, expected: {:action=>"show", :controller=>"covers"}, diff: {:id=>1190}[0m
On line #6 of app/views/covers/index.html.erb

    3:   <% for cover in @covers %>
    4:       <tr>
    5:           <td class="show_title" ><%=h cover.title %></td>
    6:           <td class="show_image" ><%= link_to cover_thumbnail(cover) , user_cover_path( :id=> cover.id)  %></td>
    7:           <% if rule  %>
    8:               <td><%= link_to 'Êü•Áúã', user_cover_path( :id=> cover.id) %></td>
    9:               <td><%= link_to 'ÁºñËæë', edit_user_cover_path(:id => cover.id) %></td>

    /usr/local/lib/ruby/gems/1.8/gems/actionpack-2.2.2/lib/action_controller/routing/route_set.rb:377:in `raise_named_route_error'
    /usr/local/lib/ruby/gems/1.8/gems/actionpack-2.2.2/lib/action_controller/routing/route_set.rb:341:in `generate'
    /usr/local/lib/ruby/gems/1.8/gems/actionpack-2.2.2/lib/action_controller/url_rewriter.rb:208:in `rewrite_path'
    /usr/local/lib/ruby/gems/1.8/gems/actionpack-2.2.2/lib/action_controller/url_rewriter.rb:187:in `rewrite_url'
    /usr/local/lib/ruby/gems/1.8/gems/actionpack-2.2.2/lib/action_controller/url_rewriter.rb:165:in `rewrite'
    /usr/local/lib/ruby/gems/1.8/gems/actionpack-2.2.2/lib/action_controller/base.rb:626:in `url_for'
    /usr/local/lib/ruby/gems/1.8/gems/actionpack-2.2.2/lib/action_view/helpers/url_helper.rb:85:in `send'
    /usr/local/lib/ruby/gems/1.8/gems/actionpack-2.2.2/lib/action_view/helpers/url_helper.rb:85:in `url_for'
    (eval):16:in `user_cover_path'
    app/views/covers/index.html.erb:6
    app/views/covers/index.html.erb:3:in `each'
    app/views/covers/index.html.erb:3
    /usr/local/lib/ruby/gems/1.8/gems/actionpack-2.2.2/lib/action_view/renderable.rb:39:in `send'
    /usr/local/lib/ruby/gems/1.8/gems/actionpack-2.2.2/lib/action_view/renderable.rb:39:in `render'
    /usr/local/lib/ruby/gems/1.8/gems/actionpack-2.2.2/lib/action_view/template.rb:73:in `render_template'
    /usr/local/lib/ruby/gems/1.8/gems/actionpack-2.2.2/lib/action_view/base.rb:256:in `render_without_mock_proxy'
    /usr/local/lib/ruby/gems/1.8/gems/rspec-rails-1.2.7.1/lib/spec/rails/extensions/action_view/base.rb:27:in `render'
    /usr/local/lib/ruby/gems/1.8/gems/actionpack-2.2.2/lib/action_controller/base.rb:1174:in `render_for_file'
    /usr/local/lib/ruby/gems/1.8/gems/actionpack-2.2.2/lib/action_controller/base.rb:899:in `render_without_benchmark'
    /usr/local/lib/ruby/gems/1.8/gems/actionpack-2.2.2/lib/action_controller/benchmarking.rb:51:in `render'
    /usr/local/lib/ruby/gems/1.8/gems/activesupport-2.2.2/lib/active_support/core_ext/benchmark.rb:8:in `realtime'
    /usr/local/lib/ruby/gems/1.8/gems/actionpack-2.2.2/lib/action_controller/benchmarking.rb:51:in `render'
    /usr/local/lib/ruby/gems/1.8/gems/rspec-rails-1.2.7.1/lib/spec/rails/example/view_example_group.rb:170:in `__send__'
    /usr/local/lib/ruby/gems/1.8/gems/rspec-rails-1.2.7.1/lib/spec/rails/example/view_example_group.rb:170:in `render'
    spec/views/covers/index.html.erb_spec.rb:24
    /usr/local/lib/ruby/gems/1.8/gems/rspec-1.2.7/lib/spec/example/example_methods.rb:40:in `instance_eval'
    /usr/local/lib/ruby/gems/1.8/gems/rspec-1.2.7/lib/spec/example/example_methods.rb:40:in `execute'
    /usr/local/lib/ruby/1.8/timeout.rb:53:in `timeout'
    /usr/local/lib/ruby/gems/1.8/gems/rspec-1.2.7/lib/spec/example/example_methods.rb:37:in `execute'
    /usr/local/lib/ruby/gems/1.8/gems/rspec-1.2.7/lib/spec/example/example_group_methods.rb:207:in `run_examples'
    /usr/local/lib/ruby/gems/1.8/gems/rspec-1.2.7/lib/spec/example/example_group_methods.rb:205:in `each'
    /usr/local/lib/ruby/gems/1.8/gems/rspec-1.2.7/lib/spec/example/example_group_methods.rb:205:in `run_examples'
    /usr/local/lib/ruby/gems/1.8/gems/rspec-1.2.7/lib/spec/example/example_group_methods.rb:103:in `run'
    /usr/local/lib/ruby/gems/1.8/gems/rspec-1.2.7/lib/spec/runner/example_group_runner.rb:23:in `run'
    /usr/local/lib/ruby/gems/1.8/gems/rspec-1.2.7/lib/spec/runner/example_group_runner.rb:22:in `each'
    /usr/local/lib/ruby/gems/1.8/gems/rspec-1.2.7/lib/spec/runner/example_group_runner.rb:22:in `run'
    /usr/local/lib/ruby/gems/1.8/gems/rspec-1.2.7/lib/spec/runner/options.rb:127:in `run_examples'
    /usr/local/lib/ruby/gems/1.8/gems/rspec-1.2.7/lib/spec/runner/command_line.rb:9:in `run'
    /usr/local/lib/ruby/gems/1.8/gems/rspec-1.2.7/bin/spec:4

262)
[31mActionController::RoutingError in 'CoversController route recognition generates params for #index'
No route matches "/covers" with {:method=>:get}[0m
./spec/routing/covers_routing_spec.rb:36:

263)
[31mActionController::RoutingError in 'CoversController route recognition generates params for #new'
No route matches "/covers/new" with {:method=>:get}[0m
./spec/routing/covers_routing_spec.rb:40:

264)
[31mActionController::RoutingError in 'CoversController route recognition generates params for #create'
No route matches "/covers" with {:method=>:post}[0m
./spec/routing/covers_routing_spec.rb:44:

265)
[31mActionController::RoutingError in 'CoversController route recognition generates params for #show'
No route matches "/covers/1" with {:method=>:get}[0m
./spec/routing/covers_routing_spec.rb:48:

266)
[31mActionController::RoutingError in 'CoversController route recognition generates params for #edit'
No route matches "/covers/1/edit" with {:method=>:get}[0m
./spec/routing/covers_routing_spec.rb:52:

267)
[31mActionController::RoutingError in 'CoversController route recognition generates params for #update'
No route matches "/covers/1" with {:method=>:put}[0m
./spec/routing/covers_routing_spec.rb:56:

268)
[31mActionController::RoutingError in 'CoversController route recognition generates params for #destroy'
No route matches "/covers/1" with {:method=>:delete}[0m
./spec/routing/covers_routing_spec.rb:60:

269)
[31mActionController::RoutingError in 'CoversController route generation maps #index'
No route matches "/covers" with {:method=>:get}[0m
./spec/routing/covers_routing_spec.rb:6:

270)
[31mActionController::RoutingError in 'CoversController route generation maps #new'
No route matches "/covers/new" with {:method=>:get}[0m
./spec/routing/covers_routing_spec.rb:10:

271)
[31mActionController::RoutingError in 'CoversController route generation maps #show'
No route matches "/covers/1" with {:method=>:get}[0m
./spec/routing/covers_routing_spec.rb:14:

272)
[31mActionController::RoutingError in 'CoversController route generation maps #edit'
No route matches "/covers/1/edit" with {:method=>:get}[0m
./spec/routing/covers_routing_spec.rb:18:

273)
[31mActionController::RoutingError in 'CoversController route generation maps #create'
No route matches "/covers" with {:method=>:post}[0m
./spec/routing/covers_routing_spec.rb:22:

274)
[31mActionController::RoutingError in 'CoversController route generation maps #update'
No route matches "/covers/1" with {:method=>:put}[0m
./spec/routing/covers_routing_spec.rb:26:

275)
[31mActionController::RoutingError in 'CoversController route generation maps #destroy'
No route matches "/covers/1" with {:method=>:delete}[0m
./spec/routing/covers_routing_spec.rb:30:

276)
[31mActionView::TemplateError in '/covers/edit.html.erb renders the edit cover form'
user_cover_url failed to generate from {:action=>"show", :controller=>"covers"} - you may have ambiguous routes, or you may need to supply additional parameters for this route.  content_url has the following required parameters: ["users", :user_id, "covers", :id] - are they all satisfied?[0m
On line #8 of app/views/covers/edit.html.erb

    5:   <p>
    6: 
    7: 
    8: <% form_for(@cover, :url => user_cover_path) do |f| %>
    9:   <%= f.error_messages %>
    10: 
    11:     <b>Â§áÊ≥®</b><br />

    /usr/local/lib/ruby/gems/1.8/gems/actionpack-2.2.2/lib/action_controller/routing/route_set.rb:381:in `raise_named_route_error'
    /usr/local/lib/ruby/gems/1.8/gems/actionpack-2.2.2/lib/action_controller/routing/route_set.rb:341:in `generate'
    /usr/local/lib/ruby/gems/1.8/gems/actionpack-2.2.2/lib/action_controller/url_rewriter.rb:208:in `rewrite_path'
    /usr/local/lib/ruby/gems/1.8/gems/actionpack-2.2.2/lib/action_controller/url_rewriter.rb:187:in `rewrite_url'
    /usr/local/lib/ruby/gems/1.8/gems/actionpack-2.2.2/lib/action_controller/url_rewriter.rb:165:in `rewrite'
    /usr/local/lib/ruby/gems/1.8/gems/actionpack-2.2.2/lib/action_controller/base.rb:626:in `url_for'
    /usr/local/lib/ruby/gems/1.8/gems/actionpack-2.2.2/lib/action_view/helpers/url_helper.rb:85:in `send'
    /usr/local/lib/ruby/gems/1.8/gems/actionpack-2.2.2/lib/action_view/helpers/url_helper.rb:85:in `url_for'
    (eval):16:in `user_cover_path'
    app/views/covers/edit.html.erb:8
    /usr/local/lib/ruby/gems/1.8/gems/actionpack-2.2.2/lib/action_view/renderable.rb:39:in `send'
    /usr/local/lib/ruby/gems/1.8/gems/actionpack-2.2.2/lib/action_view/renderable.rb:39:in `render'
    /usr/local/lib/ruby/gems/1.8/gems/actionpack-2.2.2/lib/action_view/template.rb:73:in `render_template'
    /usr/local/lib/ruby/gems/1.8/gems/actionpack-2.2.2/lib/action_view/base.rb:256:in `render_without_mock_proxy'
    /usr/local/lib/ruby/gems/1.8/gems/rspec-rails-1.2.7.1/lib/spec/rails/extensions/action_view/base.rb:27:in `render'
    /usr/local/lib/ruby/gems/1.8/gems/actionpack-2.2.2/lib/action_controller/base.rb:1174:in `render_for_file'
    /usr/local/lib/ruby/gems/1.8/gems/actionpack-2.2.2/lib/action_controller/base.rb:899:in `render_without_benchmark'
    /usr/local/lib/ruby/gems/1.8/gems/actionpack-2.2.2/lib/action_controller/benchmarking.rb:51:in `render'
    /usr/local/lib/ruby/gems/1.8/gems/activesupport-2.2.2/lib/active_support/core_ext/benchmark.rb:8:in `realtime'
    /usr/local/lib/ruby/gems/1.8/gems/actionpack-2.2.2/lib/action_controller/benchmarking.rb:51:in `render'
    /usr/local/lib/ruby/gems/1.8/gems/rspec-rails-1.2.7.1/lib/spec/rails/example/view_example_group.rb:170:in `__send__'
    /usr/local/lib/ruby/gems/1.8/gems/rspec-rails-1.2.7.1/lib/spec/rails/example/view_example_group.rb:170:in `render'
    spec/views/covers/edit.html.erb_spec.rb:17
    /usr/local/lib/ruby/gems/1.8/gems/rspec-1.2.7/lib/spec/example/example_methods.rb:40:in `instance_eval'
    /usr/local/lib/ruby/gems/1.8/gems/rspec-1.2.7/lib/spec/example/example_methods.rb:40:in `execute'
    /usr/local/lib/ruby/1.8/timeout.rb:53:in `timeout'
    /usr/local/lib/ruby/gems/1.8/gems/rspec-1.2.7/lib/spec/example/example_methods.rb:37:in `execute'
    /usr/local/lib/ruby/gems/1.8/gems/rspec-1.2.7/lib/spec/example/example_group_methods.rb:207:in `run_examples'
    /usr/local/lib/ruby/gems/1.8/gems/rspec-1.2.7/lib/spec/example/example_group_methods.rb:205:in `each'
    /usr/local/lib/ruby/gems/1.8/gems/rspec-1.2.7/lib/spec/example/example_group_methods.rb:205:in `run_examples'
    /usr/local/lib/ruby/gems/1.8/gems/rspec-1.2.7/lib/spec/example/example_group_methods.rb:103:in `run'
    /usr/local/lib/ruby/gems/1.8/gems/rspec-1.2.7/lib/spec/runner/example_group_runner.rb:23:in `run'
    /usr/local/lib/ruby/gems/1.8/gems/rspec-1.2.7/lib/spec/runner/example_group_runner.rb:22:in `each'
    /usr/local/lib/ruby/gems/1.8/gems/rspec-1.2.7/lib/spec/runner/example_group_runner.rb:22:in `run'
    /usr/local/lib/ruby/gems/1.8/gems/rspec-1.2.7/lib/spec/runner/options.rb:127:in `run_examples'
    /usr/local/lib/ruby/gems/1.8/gems/rspec-1.2.7/lib/spec/runner/command_line.rb:9:in `run'
    /usr/local/lib/ruby/gems/1.8/gems/rspec-1.2.7/bin/spec:4

277)
[31mActionView::TemplateError in '/covers/new.html.erb renders new cover form'
user_covers_url failed to generate from {:action=>"index", :controller=>"covers"} - you may have ambiguous routes, or you may need to supply additional parameters for this route.  content_url has the following required parameters: ["users", :user_id, "covers"] - are they all satisfied?[0m
On line #2 of app/views/covers/new.html.erb

    1: 
    2: <% form_for(@cover, :url => user_covers_path) do |f| %>
    3:   <%= f.error_messages %>
    4: 
    5:   <p>

    /usr/local/lib/ruby/gems/1.8/gems/actionpack-2.2.2/lib/action_controller/routing/route_set.rb:381:in `raise_named_route_error'
    /usr/local/lib/ruby/gems/1.8/gems/actionpack-2.2.2/lib/action_controller/routing/route_set.rb:341:in `generate'
    /usr/local/lib/ruby/gems/1.8/gems/actionpack-2.2.2/lib/action_controller/url_rewriter.rb:208:in `rewrite_path'
    /usr/local/lib/ruby/gems/1.8/gems/actionpack-2.2.2/lib/action_controller/url_rewriter.rb:187:in `rewrite_url'
    /usr/local/lib/ruby/gems/1.8/gems/actionpack-2.2.2/lib/action_controller/url_rewriter.rb:165:in `rewrite'
    /usr/local/lib/ruby/gems/1.8/gems/actionpack-2.2.2/lib/action_controller/base.rb:626:in `url_for'
    /usr/local/lib/ruby/gems/1.8/gems/actionpack-2.2.2/lib/action_view/helpers/url_helper.rb:85:in `send'
    /usr/local/lib/ruby/gems/1.8/gems/actionpack-2.2.2/lib/action_view/helpers/url_helper.rb:85:in `url_for'
    (eval):18:in `user_covers_path'
    app/views/covers/new.html.erb:2
    /usr/local/lib/ruby/gems/1.8/gems/actionpack-2.2.2/lib/action_view/renderable.rb:39:in `send'
    /usr/local/lib/ruby/gems/1.8/gems/actionpack-2.2.2/lib/action_view/renderable.rb:39:in `render'
    /usr/local/lib/ruby/gems/1.8/gems/actionpack-2.2.2/lib/action_view/template.rb:73:in `render_template'
    /usr/local/lib/ruby/gems/1.8/gems/actionpack-2.2.2/lib/action_view/base.rb:256:in `render_without_mock_proxy'
    /usr/local/lib/ruby/gems/1.8/gems/rspec-rails-1.2.7.1/lib/spec/rails/extensions/action_view/base.rb:27:in `render'
    /usr/local/lib/ruby/gems/1.8/gems/actionpack-2.2.2/lib/action_controller/base.rb:1174:in `render_for_file'
    /usr/local/lib/ruby/gems/1.8/gems/actionpack-2.2.2/lib/action_controller/base.rb:899:in `render_without_benchmark'
    /usr/local/lib/ruby/gems/1.8/gems/actionpack-2.2.2/lib/action_controller/benchmarking.rb:51:in `render'
    /usr/local/lib/ruby/gems/1.8/gems/activesupport-2.2.2/lib/active_support/core_ext/benchmark.rb:8:in `realtime'
    /usr/local/lib/ruby/gems/1.8/gems/actionpack-2.2.2/lib/action_controller/benchmarking.rb:51:in `render'
    /usr/local/lib/ruby/gems/1.8/gems/rspec-rails-1.2.7.1/lib/spec/rails/example/view_example_group.rb:170:in `__send__'
    /usr/local/lib/ruby/gems/1.8/gems/rspec-rails-1.2.7.1/lib/spec/rails/example/view_example_group.rb:170:in `render'
    spec/views/covers/new.html.erb_spec.rb:17
    /usr/local/lib/ruby/gems/1.8/gems/rspec-1.2.7/lib/spec/example/example_methods.rb:40:in `instance_eval'
    /usr/local/lib/ruby/gems/1.8/gems/rspec-1.2.7/lib/spec/example/example_methods.rb:40:in `execute'
    /usr/local/lib/ruby/1.8/timeout.rb:53:in `timeout'
    /usr/local/lib/ruby/gems/1.8/gems/rspec-1.2.7/lib/spec/example/example_methods.rb:37:in `execute'
    /usr/local/lib/ruby/gems/1.8/gems/rspec-1.2.7/lib/spec/example/example_group_methods.rb:207:in `run_examples'
    /usr/local/lib/ruby/gems/1.8/gems/rspec-1.2.7/lib/spec/example/example_group_methods.rb:205:in `each'
    /usr/local/lib/ruby/gems/1.8/gems/rspec-1.2.7/lib/spec/example/example_group_methods.rb:205:in `run_examples'
    /usr/local/lib/ruby/gems/1.8/gems/rspec-1.2.7/lib/spec/example/example_group_methods.rb:103:in `run'
    /usr/local/lib/ruby/gems/1.8/gems/rspec-1.2.7/lib/spec/runner/example_group_runner.rb:23:in `run'
    /usr/local/lib/ruby/gems/1.8/gems/rspec-1.2.7/lib/spec/runner/example_group_runner.rb:22:in `each'
    /usr/local/lib/ruby/gems/1.8/gems/rspec-1.2.7/lib/spec/runner/example_group_runner.rb:22:in `run'
    /usr/local/lib/ruby/gems/1.8/gems/rspec-1.2.7/lib/spec/runner/options.rb:127:in `run_examples'
    /usr/local/lib/ruby/gems/1.8/gems/rspec-1.2.7/lib/spec/runner/command_line.rb:9:in `run'
    /usr/local/lib/ruby/gems/1.8/gems/rspec-1.2.7/bin/spec:4

278)
[31mActionView::TemplateError in '/covers/show.html.erb renders attributes in <p>'
user_covers_url failed to generate from {:action=>"index", :controller=>"covers"} - you may have ambiguous routes, or you may need to supply additional parameters for this route.  content_url has the following required parameters: ["users", :user_id, "covers"] - are they all satisfied?[0m
On line #35 of app/views/covers/show.html.erb

    32: <br />
    33: 
    34: <%= (link_to 'ÁºñËæë', edit_user_cover_path ) if rule %>&nbsp;
    35: <%= link_to 'ËøîÂõû', user_covers_path %>

    /usr/local/lib/ruby/gems/1.8/gems/actionpack-2.2.2/lib/action_controller/routing/route_set.rb:381:in `raise_named_route_error'
    /usr/local/lib/ruby/gems/1.8/gems/actionpack-2.2.2/lib/action_controller/routing/route_set.rb:341:in `generate'
    /usr/local/lib/ruby/gems/1.8/gems/actionpack-2.2.2/lib/action_controller/url_rewriter.rb:208:in `rewrite_path'
    /usr/local/lib/ruby/gems/1.8/gems/actionpack-2.2.2/lib/action_controller/url_rewriter.rb:187:in `rewrite_url'
    /usr/local/lib/ruby/gems/1.8/gems/actionpack-2.2.2/lib/action_controller/url_rewriter.rb:165:in `rewrite'
    /usr/local/lib/ruby/gems/1.8/gems/actionpack-2.2.2/lib/action_controller/base.rb:626:in `url_for'
    /usr/local/lib/ruby/gems/1.8/gems/actionpack-2.2.2/lib/action_view/helpers/url_helper.rb:85:in `send'
    /usr/local/lib/ruby/gems/1.8/gems/actionpack-2.2.2/lib/action_view/helpers/url_helper.rb:85:in `url_for'
    (eval):18:in `user_covers_path'
    app/views/covers/show.html.erb:35
    /usr/local/lib/ruby/gems/1.8/gems/actionpack-2.2.2/lib/action_view/renderable.rb:39:in `send'
    /usr/local/lib/ruby/gems/1.8/gems/actionpack-2.2.2/lib/action_view/renderable.rb:39:in `render'
    /usr/local/lib/ruby/gems/1.8/gems/actionpack-2.2.2/lib/action_view/template.rb:73:in `render_template'
    /usr/local/lib/ruby/gems/1.8/gems/actionpack-2.2.2/lib/action_view/base.rb:256:in `render_without_mock_proxy'
    /usr/local/lib/ruby/gems/1.8/gems/rspec-rails-1.2.7.1/lib/spec/rails/extensions/action_view/base.rb:27:in `render'
    /usr/local/lib/ruby/gems/1.8/gems/actionpack-2.2.2/lib/action_controller/base.rb:1174:in `render_for_file'
    /usr/local/lib/ruby/gems/1.8/gems/actionpack-2.2.2/lib/action_controller/base.rb:899:in `render_without_benchmark'
    /usr/local/lib/ruby/gems/1.8/gems/actionpack-2.2.2/lib/action_controller/benchmarking.rb:51:in `render'
    /usr/local/lib/ruby/gems/1.8/gems/activesupport-2.2.2/lib/active_support/core_ext/benchmark.rb:8:in `realtime'
    /usr/local/lib/ruby/gems/1.8/gems/actionpack-2.2.2/lib/action_controller/benchmarking.rb:51:in `render'
    /usr/local/lib/ruby/gems/1.8/gems/rspec-rails-1.2.7.1/lib/spec/rails/example/view_example_group.rb:170:in `__send__'
    /usr/local/lib/ruby/gems/1.8/gems/rspec-rails-1.2.7.1/lib/spec/rails/example/view_example_group.rb:170:in `render'
    spec/views/covers/show.html.erb_spec.rb:15
    /usr/local/lib/ruby/gems/1.8/gems/rspec-1.2.7/lib/spec/example/example_methods.rb:40:in `instance_eval'
    /usr/local/lib/ruby/gems/1.8/gems/rspec-1.2.7/lib/spec/example/example_methods.rb:40:in `execute'
    /usr/local/lib/ruby/1.8/timeout.rb:53:in `timeout'
    /usr/local/lib/ruby/gems/1.8/gems/rspec-1.2.7/lib/spec/example/example_methods.rb:37:in `execute'
    /usr/local/lib/ruby/gems/1.8/gems/rspec-1.2.7/lib/spec/example/example_group_methods.rb:207:in `run_examples'
    /usr/local/lib/ruby/gems/1.8/gems/rspec-1.2.7/lib/spec/example/example_group_methods.rb:205:in `each'
    /usr/local/lib/ruby/gems/1.8/gems/rspec-1.2.7/lib/spec/example/example_group_methods.rb:205:in `run_examples'
    /usr/local/lib/ruby/gems/1.8/gems/rspec-1.2.7/lib/spec/example/example_group_methods.rb:103:in `run'
    /usr/local/lib/ruby/gems/1.8/gems/rspec-1.2.7/lib/spec/runner/example_group_runner.rb:23:in `run'
    /usr/local/lib/ruby/gems/1.8/gems/rspec-1.2.7/lib/spec/runner/example_group_runner.rb:22:in `each'
    /usr/local/lib/ruby/gems/1.8/gems/rspec-1.2.7/lib/spec/runner/example_group_runner.rb:22:in `run'
    /usr/local/lib/ruby/gems/1.8/gems/rspec-1.2.7/lib/spec/runner/options.rb:127:in `run_examples'
    /usr/local/lib/ruby/gems/1.8/gems/rspec-1.2.7/lib/spec/runner/command_line.rb:9:in `run'
    /usr/local/lib/ruby/gems/1.8/gems/rspec-1.2.7/bin/spec:4

279)
[31mActionController::RoutingError in 'CoversController DELETE destroy destroys the requested cover'
No route matches {:action=>"destroy", :controller=>"covers", :id=>"37"}[0m
./spec/controllers/covers_controller_spec.rb:121:

280)
[31mActionController::RoutingError in 'CoversController DELETE destroy redirects to the covers list'
No route matches {:action=>"destroy", :controller=>"covers", :id=>"1"}[0m
./spec/controllers/covers_controller_spec.rb:126:

281)
[31mActionController::RoutingError in 'CoversController PUT update with invalid params updates the requested cover'
No route matches {:action=>"update", :controller=>"covers", :id=>"37", :cover=>{:these=>"params"}}[0m
./spec/controllers/covers_controller_spec.rb:99:

282)
[31mActionController::RoutingError in 'CoversController PUT update with invalid params assigns the cover as @cover'
No route matches {:action=>"update", :controller=>"covers", :id=>"1"}[0m
./spec/controllers/covers_controller_spec.rb:104:

283)
[31mActionController::RoutingError in 'CoversController PUT update with invalid params re-renders the 'edit' template'
No route matches {:action=>"update", :controller=>"covers", :id=>"1"}[0m
./spec/controllers/covers_controller_spec.rb:110:

284)
[31mActionController::RoutingError in 'CoversController PUT update with valid params updates the requested cover'
No route matches {:action=>"update", :controller=>"covers", :id=>"37", :cover=>{:these=>"params"}}[0m
./spec/controllers/covers_controller_spec.rb:79:

285)
[31mActionController::RoutingError in 'CoversController PUT update with valid params assigns the requested cover as @cover'
No route matches {:action=>"update", :controller=>"covers", :id=>"1"}[0m
./spec/controllers/covers_controller_spec.rb:84:

286)
[31mActionController::RoutingError in 'CoversController PUT update with valid params redirects to the cover'
No route matches {:action=>"update", :controller=>"covers", :id=>"1"}[0m
./spec/controllers/covers_controller_spec.rb:90:

287)
[31mActionController::RoutingError in 'CoversController POST create with invalid params assigns a newly created but unsaved cover as @cover'
No route matches {:action=>"create", :controller=>"covers", :cover=>{:these=>"params"}}[0m
./spec/controllers/covers_controller_spec.rb:60:

288)
[31mActionController::RoutingError in 'CoversController POST create with invalid params re-renders the 'new' template'
No route matches {:action=>"create", :controller=>"covers", :cover=>{}}[0m
./spec/controllers/covers_controller_spec.rb:66:

289)
[31mActionController::RoutingError in 'CoversController POST create with valid params assigns a newly created cover as @cover'
No route matches {:action=>"create", :controller=>"covers", :cover=>{:these=>"params"}}[0m
./spec/controllers/covers_controller_spec.rb:46:

290)
[31mActionController::RoutingError in 'CoversController POST create with valid params redirects to the created cover'
No route matches {:action=>"create", :controller=>"covers", :cover=>{}}[0m
./spec/controllers/covers_controller_spec.rb:52:

291)
[31mActionController::RoutingError in 'CoversController GET edit assigns the requested cover as @cover'
No route matches {:action=>"edit", :controller=>"covers", :id=>"37"}[0m
./spec/controllers/covers_controller_spec.rb:36:

292)
[31mActionController::RoutingError in 'CoversController GET new assigns a new cover as @cover'
No route matches {:action=>"new", :controller=>"covers"}[0m
./spec/controllers/covers_controller_spec.rb:28:

293)
[31mActionController::RoutingError in 'CoversController GET show assigns the requested cover as @cover'
No route matches {:action=>"show", :controller=>"covers", :id=>"37"}[0m
./spec/controllers/covers_controller_spec.rb:20:

294)
[31mActionController::RoutingError in 'CoversController GET index assigns all covers as @covers'
No route matches {:action=>"index", :controller=>"covers"}[0m
./spec/controllers/covers_controller_spec.rb:12:

295)
[31mActionView::TemplateError in '/images/new.html.erb renders new image form'
user_cover_images_url failed to generate from {:action=>"index", :controller=>"images"} - you may have ambiguous routes, or you may need to supply additional parameters for this route.  content_url has the following required parameters: ["users", :user_id, "covers", :cover_id, "images"] - are they all satisfied?[0m
On line #2 of app/views/images/new.html.erb

    1: 
    2: <% form_for(@image, :url => user_cover_images_path, :html => {:multipart=> true }) do |f| %>
    3:   <%= f.error_messages %>
    4: 
    5:   <p>

    /usr/local/lib/ruby/gems/1.8/gems/actionpack-2.2.2/lib/action_controller/routing/route_set.rb:381:in `raise_named_route_error'
    /usr/local/lib/ruby/gems/1.8/gems/actionpack-2.2.2/lib/action_controller/routing/route_set.rb:341:in `generate'
    /usr/local/lib/ruby/gems/1.8/gems/actionpack-2.2.2/lib/action_controller/url_rewriter.rb:208:in `rewrite_path'
    /usr/local/lib/ruby/gems/1.8/gems/actionpack-2.2.2/lib/action_controller/url_rewriter.rb:187:in `rewrite_url'
    /usr/local/lib/ruby/gems/1.8/gems/actionpack-2.2.2/lib/action_controller/url_rewriter.rb:165:in `rewrite'
    /usr/local/lib/ruby/gems/1.8/gems/actionpack-2.2.2/lib/action_controller/base.rb:626:in `url_for'
    /usr/local/lib/ruby/gems/1.8/gems/actionpack-2.2.2/lib/action_view/helpers/url_helper.rb:85:in `send'
    /usr/local/lib/ruby/gems/1.8/gems/actionpack-2.2.2/lib/action_view/helpers/url_helper.rb:85:in `url_for'
    (eval):18:in `user_cover_images_path'
    app/views/images/new.html.erb:2
    /usr/local/lib/ruby/gems/1.8/gems/actionpack-2.2.2/lib/action_view/renderable.rb:39:in `send'
    /usr/local/lib/ruby/gems/1.8/gems/actionpack-2.2.2/lib/action_view/renderable.rb:39:in `render'
    /usr/local/lib/ruby/gems/1.8/gems/actionpack-2.2.2/lib/action_view/template.rb:73:in `render_template'
    /usr/local/lib/ruby/gems/1.8/gems/actionpack-2.2.2/lib/action_view/base.rb:256:in `render_without_mock_proxy'
    /usr/local/lib/ruby/gems/1.8/gems/rspec-rails-1.2.7.1/lib/spec/rails/extensions/action_view/base.rb:27:in `render'
    /usr/local/lib/ruby/gems/1.8/gems/actionpack-2.2.2/lib/action_controller/base.rb:1174:in `render_for_file'
    /usr/local/lib/ruby/gems/1.8/gems/actionpack-2.2.2/lib/action_controller/base.rb:899:in `render_without_benchmark'
    /usr/local/lib/ruby/gems/1.8/gems/actionpack-2.2.2/lib/action_controller/benchmarking.rb:51:in `render'
    /usr/local/lib/ruby/gems/1.8/gems/activesupport-2.2.2/lib/active_support/core_ext/benchmark.rb:8:in `realtime'
    /usr/local/lib/ruby/gems/1.8/gems/actionpack-2.2.2/lib/action_controller/benchmarking.rb:51:in `render'
    /usr/local/lib/ruby/gems/1.8/gems/rspec-rails-1.2.7.1/lib/spec/rails/example/view_example_group.rb:170:in `__send__'
    /usr/local/lib/ruby/gems/1.8/gems/rspec-rails-1.2.7.1/lib/spec/rails/example/view_example_group.rb:170:in `render'
    spec/views/images/new.html.erb_spec.rb:23
    /usr/local/lib/ruby/gems/1.8/gems/rspec-1.2.7/lib/spec/example/example_methods.rb:40:in `instance_eval'
    /usr/local/lib/ruby/gems/1.8/gems/rspec-1.2.7/lib/spec/example/example_methods.rb:40:in `execute'
    /usr/local/lib/ruby/1.8/timeout.rb:53:in `timeout'
    /usr/local/lib/ruby/gems/1.8/gems/rspec-1.2.7/lib/spec/example/example_methods.rb:37:in `execute'
    /usr/local/lib/ruby/gems/1.8/gems/rspec-1.2.7/lib/spec/example/example_group_methods.rb:207:in `run_examples'
    /usr/local/lib/ruby/gems/1.8/gems/rspec-1.2.7/lib/spec/example/example_group_methods.rb:205:in `each'
    /usr/local/lib/ruby/gems/1.8/gems/rspec-1.2.7/lib/spec/example/example_group_methods.rb:205:in `run_examples'
    /usr/local/lib/ruby/gems/1.8/gems/rspec-1.2.7/lib/spec/example/example_group_methods.rb:103:in `run'
    /usr/local/lib/ruby/gems/1.8/gems/rspec-1.2.7/lib/spec/runner/example_group_runner.rb:23:in `run'
    /usr/local/lib/ruby/gems/1.8/gems/rspec-1.2.7/lib/spec/runner/example_group_runner.rb:22:in `each'
    /usr/local/lib/ruby/gems/1.8/gems/rspec-1.2.7/lib/spec/runner/example_group_runner.rb:22:in `run'
    /usr/local/lib/ruby/gems/1.8/gems/rspec-1.2.7/lib/spec/runner/options.rb:127:in `run_examples'
    /usr/local/lib/ruby/gems/1.8/gems/rspec-1.2.7/lib/spec/runner/command_line.rb:9:in `run'
    /usr/local/lib/ruby/gems/1.8/gems/rspec-1.2.7/bin/spec:4

296)
[31mActionView::TemplateError in '/images/show.html.erb renders attributes in <p>'
user_cover_url failed to generate from {:action=>"show", :controller=>"covers", :id=>nil}, expected: {:action=>"show", :controller=>"covers"}, diff: {:id=>nil}[0m
On line #12 of app/views/images/show.html.erb

    9: </p>
    10: 
    11: 
    12: <%= link_to 'ÊäòÂõûÂÖ•Âè£', user_cover_path(:id => params[:cover_id]) %> 
    13: <% if rule %>
    14: <p>
    15:   <%= button_to 'ËÆæ‰∏∫Â∞ÅÈù¢Ôºü', set_cover_user_cover_image_path %>

    /usr/local/lib/ruby/gems/1.8/gems/actionpack-2.2.2/lib/action_controller/routing/route_set.rb:377:in `raise_named_route_error'
    /usr/local/lib/ruby/gems/1.8/gems/actionpack-2.2.2/lib/action_controller/routing/route_set.rb:341:in `generate'
    /usr/local/lib/ruby/gems/1.8/gems/actionpack-2.2.2/lib/action_controller/url_rewriter.rb:208:in `rewrite_path'
    /usr/local/lib/ruby/gems/1.8/gems/actionpack-2.2.2/lib/action_controller/url_rewriter.rb:187:in `rewrite_url'
    /usr/local/lib/ruby/gems/1.8/gems/actionpack-2.2.2/lib/action_controller/url_rewriter.rb:165:in `rewrite'
    /usr/local/lib/ruby/gems/1.8/gems/actionpack-2.2.2/lib/action_controller/base.rb:626:in `url_for'
    /usr/local/lib/ruby/gems/1.8/gems/actionpack-2.2.2/lib/action_view/helpers/url_helper.rb:85:in `send'
    /usr/local/lib/ruby/gems/1.8/gems/actionpack-2.2.2/lib/action_view/helpers/url_helper.rb:85:in `url_for'
    (eval):16:in `user_cover_path'
    app/views/images/show.html.erb:12
    /usr/local/lib/ruby/gems/1.8/gems/actionpack-2.2.2/lib/action_view/renderable.rb:39:in `send'
    /usr/local/lib/ruby/gems/1.8/gems/actionpack-2.2.2/lib/action_view/renderable.rb:39:in `render'
    /usr/local/lib/ruby/gems/1.8/gems/actionpack-2.2.2/lib/action_view/template.rb:73:in `render_template'
    /usr/local/lib/ruby/gems/1.8/gems/actionpack-2.2.2/lib/action_view/base.rb:256:in `render_without_mock_proxy'
    /usr/local/lib/ruby/gems/1.8/gems/rspec-rails-1.2.7.1/lib/spec/rails/extensions/action_view/base.rb:27:in `render'
    /usr/local/lib/ruby/gems/1.8/gems/actionpack-2.2.2/lib/action_controller/base.rb:1174:in `render_for_file'
    /usr/local/lib/ruby/gems/1.8/gems/actionpack-2.2.2/lib/action_controller/base.rb:899:in `render_without_benchmark'
    /usr/local/lib/ruby/gems/1.8/gems/actionpack-2.2.2/lib/action_controller/benchmarking.rb:51:in `render'
    /usr/local/lib/ruby/gems/1.8/gems/activesupport-2.2.2/lib/active_support/core_ext/benchmark.rb:8:in `realtime'
    /usr/local/lib/ruby/gems/1.8/gems/actionpack-2.2.2/lib/action_controller/benchmarking.rb:51:in `render'
    /usr/local/lib/ruby/gems/1.8/gems/rspec-rails-1.2.7.1/lib/spec/rails/example/view_example_group.rb:170:in `__send__'
    /usr/local/lib/ruby/gems/1.8/gems/rspec-rails-1.2.7.1/lib/spec/rails/example/view_example_group.rb:170:in `render'
    spec/views/images/show.html.erb_spec.rb:21
    /usr/local/lib/ruby/gems/1.8/gems/rspec-1.2.7/lib/spec/example/example_methods.rb:40:in `instance_eval'
    /usr/local/lib/ruby/gems/1.8/gems/rspec-1.2.7/lib/spec/example/example_methods.rb:40:in `execute'
    /usr/local/lib/ruby/1.8/timeout.rb:53:in `timeout'
    /usr/local/lib/ruby/gems/1.8/gems/rspec-1.2.7/lib/spec/example/example_methods.rb:37:in `execute'
    /usr/local/lib/ruby/gems/1.8/gems/rspec-1.2.7/lib/spec/example/example_group_methods.rb:207:in `run_examples'
    /usr/local/lib/ruby/gems/1.8/gems/rspec-1.2.7/lib/spec/example/example_group_methods.rb:205:in `each'
    /usr/local/lib/ruby/gems/1.8/gems/rspec-1.2.7/lib/spec/example/example_group_methods.rb:205:in `run_examples'
    /usr/local/lib/ruby/gems/1.8/gems/rspec-1.2.7/lib/spec/example/example_group_methods.rb:103:in `run'
    /usr/local/lib/ruby/gems/1.8/gems/rspec-1.2.7/lib/spec/runner/example_group_runner.rb:23:in `run'
    /usr/local/lib/ruby/gems/1.8/gems/rspec-1.2.7/lib/spec/runner/example_group_runner.rb:22:in `each'
    /usr/local/lib/ruby/gems/1.8/gems/rspec-1.2.7/lib/spec/runner/example_group_runner.rb:22:in `run'
    /usr/local/lib/ruby/gems/1.8/gems/rspec-1.2.7/lib/spec/runner/options.rb:127:in `run_examples'
    /usr/local/lib/ruby/gems/1.8/gems/rspec-1.2.7/lib/spec/runner/command_line.rb:9:in `run'
    /usr/local/lib/ruby/gems/1.8/gems/rspec-1.2.7/bin/spec:4

297)
[31mActionController::RoutingError in 'ImagesController DELETE destroy destroys the requested image'
No route matches {:action=>"destroy", :controller=>"images", :id=>"37"}[0m
./spec/controllers/images_controller_spec.rb:121:

298)
[31mActionController::RoutingError in 'ImagesController DELETE destroy redirects to the images list'
No route matches {:action=>"destroy", :controller=>"images", :id=>"1"}[0m
./spec/controllers/images_controller_spec.rb:126:

299)
[31mActionController::RoutingError in 'ImagesController PUT update with invalid params updates the requested image'
No route matches {:action=>"update", :controller=>"images", :id=>"37", :image=>{:these=>"params"}}[0m
./spec/controllers/images_controller_spec.rb:99:

300)
[31mActionController::RoutingError in 'ImagesController PUT update with invalid params assigns the image as @image'
No route matches {:action=>"update", :controller=>"images", :id=>"1"}[0m
./spec/controllers/images_controller_spec.rb:104:

301)
[31mActionController::RoutingError in 'ImagesController PUT update with invalid params re-renders the 'edit' template'
No route matches {:action=>"update", :controller=>"images", :id=>"1"}[0m
./spec/controllers/images_controller_spec.rb:110:

302)
[31mActionController::RoutingError in 'ImagesController PUT update with valid params updates the requested image'
No route matches {:action=>"update", :controller=>"images", :id=>"37", :image=>{:these=>"params"}}[0m
./spec/controllers/images_controller_spec.rb:79:

303)
[31mActionController::RoutingError in 'ImagesController PUT update with valid params assigns the requested image as @image'
No route matches {:action=>"update", :controller=>"images", :id=>"1"}[0m
./spec/controllers/images_controller_spec.rb:84:

304)
[31mActionController::RoutingError in 'ImagesController PUT update with valid params redirects to the image'
No route matches {:action=>"update", :controller=>"images", :id=>"1"}[0m
./spec/controllers/images_controller_spec.rb:90:

305)
[31mActionController::RoutingError in 'ImagesController POST create with invalid params assigns a newly created but unsaved image as @image'
No route matches {:action=>"create", :controller=>"images", :image=>{:these=>"params"}}[0m
./spec/controllers/images_controller_spec.rb:60:

306)
[31mActionController::RoutingError in 'ImagesController POST create with invalid params re-renders the 'new' template'
No route matches {:action=>"create", :controller=>"images", :image=>{}}[0m
./spec/controllers/images_controller_spec.rb:66:

307)
[31mActionController::RoutingError in 'ImagesController POST create with valid params assigns a newly created image as @image'
No route matches {:action=>"create", :controller=>"images", :image=>{:these=>"params"}}[0m
./spec/controllers/images_controller_spec.rb:46:

308)
[31mActionController::RoutingError in 'ImagesController POST create with valid params redirects to the created image'
No route matches {:action=>"create", :controller=>"images", :image=>{}}[0m
./spec/controllers/images_controller_spec.rb:52:

309)
[31mActionController::RoutingError in 'ImagesController GET edit assigns the requested image as @image'
No route matches {:action=>"edit", :controller=>"images", :id=>"37"}[0m
./spec/controllers/images_controller_spec.rb:36:

310)
[31mActionController::RoutingError in 'ImagesController GET new assigns a new image as @image'
No route matches {:action=>"new", :controller=>"images"}[0m
./spec/controllers/images_controller_spec.rb:28:

311)
[31mActionController::RoutingError in 'ImagesController GET show assigns the requested image as @image'
No route matches {:action=>"show", :controller=>"images", :id=>"37"}[0m
./spec/controllers/images_controller_spec.rb:20:

312)
[31mActionController::RoutingError in 'ImagesController GET index assigns all images as @images'
No route matches {:action=>"index", :controller=>"images"}[0m
./spec/controllers/images_controller_spec.rb:12:

313)
[31mActionController::RoutingError in 'ImagesController route recognition generates params for #index'
No route matches "/images" with {:method=>:get}[0m
./spec/routing/images_routing_spec.rb:36:

314)
[31mActionController::RoutingError in 'ImagesController route recognition generates params for #new'
No route matches "/images/new" with {:method=>:get}[0m
./spec/routing/images_routing_spec.rb:40:

315)
[31mActionController::RoutingError in 'ImagesController route recognition generates params for #create'
No route matches "/images" with {:method=>:post}[0m
./spec/routing/images_routing_spec.rb:44:

316)
[31mActionController::RoutingError in 'ImagesController route recognition generates params for #show'
No route matches "/images/1" with {:method=>:get}[0m
./spec/routing/images_routing_spec.rb:48:

317)
[31mActionController::RoutingError in 'ImagesController route recognition generates params for #edit'
No route matches "/images/1/edit" with {:method=>:get}[0m
./spec/routing/images_routing_spec.rb:52:

318)
[31mActionController::RoutingError in 'ImagesController route recognition generates params for #update'
No route matches "/images/1" with {:method=>:put}[0m
./spec/routing/images_routing_spec.rb:56:

319)
[31mActionController::RoutingError in 'ImagesController route recognition generates params for #destroy'
No route matches "/images/1" with {:method=>:delete}[0m
./spec/routing/images_routing_spec.rb:60:

320)
[31mActionController::RoutingError in 'ImagesController route generation maps #index'
No route matches "/images" with {:method=>:get}[0m
./spec/routing/images_routing_spec.rb:6:

321)
[31mActionController::RoutingError in 'ImagesController route generation maps #new'
No route matches "/images/new" with {:method=>:get}[0m
./spec/routing/images_routing_spec.rb:10:

322)
[31mActionController::RoutingError in 'ImagesController route generation maps #show'
No route matches "/images/1" with {:method=>:get}[0m
./spec/routing/images_routing_spec.rb:14:

323)
[31mActionController::RoutingError in 'ImagesController route generation maps #edit'
No route matches "/images/1/edit" with {:method=>:get}[0m
./spec/routing/images_routing_spec.rb:18:

324)
[31mActionController::RoutingError in 'ImagesController route generation maps #create'
No route matches "/images" with {:method=>:post}[0m
./spec/routing/images_routing_spec.rb:22:

325)
[31mActionController::RoutingError in 'ImagesController route generation maps #update'
No route matches "/images/1" with {:method=>:put}[0m
./spec/routing/images_routing_spec.rb:26:

326)
[31mActionController::RoutingError in 'ImagesController route generation maps #destroy'
No route matches "/images/1" with {:method=>:delete}[0m
./spec/routing/images_routing_spec.rb:30:

327)
[31mActionView::TemplateError in '/images/edit.html.erb renders the edit image form'
undefined local variable or method `cover_image_path' for #<ActionView::Base:0x7fc02140e690>[0m
On line #2 of app/views/images/edit.html.erb

    1: 
    2: <% form_for(@image, :url=> cover_image_path ) do |f| %>
    3:   <%= f.error_messages %>
    4: 
    5:   <p>

    app/views/images/edit.html.erb:2
    /usr/local/lib/ruby/gems/1.8/gems/actionpack-2.2.2/lib/action_view/renderable.rb:39:in `send'
    /usr/local/lib/ruby/gems/1.8/gems/actionpack-2.2.2/lib/action_view/renderable.rb:39:in `render'
    /usr/local/lib/ruby/gems/1.8/gems/actionpack-2.2.2/lib/action_view/template.rb:73:in `render_template'
    /usr/local/lib/ruby/gems/1.8/gems/actionpack-2.2.2/lib/action_view/base.rb:256:in `render_without_mock_proxy'
    /usr/local/lib/ruby/gems/1.8/gems/rspec-rails-1.2.7.1/lib/spec/rails/extensions/action_view/base.rb:27:in `render'
    /usr/local/lib/ruby/gems/1.8/gems/actionpack-2.2.2/lib/action_controller/base.rb:1174:in `render_for_file'
    /usr/local/lib/ruby/gems/1.8/gems/actionpack-2.2.2/lib/action_controller/base.rb:899:in `render_without_benchmark'
    /usr/local/lib/ruby/gems/1.8/gems/actionpack-2.2.2/lib/action_controller/benchmarking.rb:51:in `render'
    /usr/local/lib/ruby/gems/1.8/gems/activesupport-2.2.2/lib/active_support/core_ext/benchmark.rb:8:in `realtime'
    /usr/local/lib/ruby/gems/1.8/gems/actionpack-2.2.2/lib/action_controller/benchmarking.rb:51:in `render'
    /usr/local/lib/ruby/gems/1.8/gems/rspec-rails-1.2.7.1/lib/spec/rails/example/view_example_group.rb:170:in `__send__'
    /usr/local/lib/ruby/gems/1.8/gems/rspec-rails-1.2.7.1/lib/spec/rails/example/view_example_group.rb:170:in `render'
    spec/views/images/edit.html.erb_spec.rb:23
    /usr/local/lib/ruby/gems/1.8/gems/rspec-1.2.7/lib/spec/example/example_methods.rb:40:in `instance_eval'
    /usr/local/lib/ruby/gems/1.8/gems/rspec-1.2.7/lib/spec/example/example_methods.rb:40:in `execute'
    /usr/local/lib/ruby/1.8/timeout.rb:53:in `timeout'
    /usr/local/lib/ruby/gems/1.8/gems/rspec-1.2.7/lib/spec/example/example_methods.rb:37:in `execute'
    /usr/local/lib/ruby/gems/1.8/gems/rspec-1.2.7/lib/spec/example/example_group_methods.rb:207:in `run_examples'
    /usr/local/lib/ruby/gems/1.8/gems/rspec-1.2.7/lib/spec/example/example_group_methods.rb:205:in `each'
    /usr/local/lib/ruby/gems/1.8/gems/rspec-1.2.7/lib/spec/example/example_group_methods.rb:205:in `run_examples'
    /usr/local/lib/ruby/gems/1.8/gems/rspec-1.2.7/lib/spec/example/example_group_methods.rb:103:in `run'
    /usr/local/lib/ruby/gems/1.8/gems/rspec-1.2.7/lib/spec/runner/example_group_runner.rb:23:in `run'
    /usr/local/lib/ruby/gems/1.8/gems/rspec-1.2.7/lib/spec/runner/example_group_runner.rb:22:in `each'
    /usr/local/lib/ruby/gems/1.8/gems/rspec-1.2.7/lib/spec/runner/example_group_runner.rb:22:in `run'
    /usr/local/lib/ruby/gems/1.8/gems/rspec-1.2.7/lib/spec/runner/options.rb:127:in `run_examples'
    /usr/local/lib/ruby/gems/1.8/gems/rspec-1.2.7/lib/spec/runner/command_line.rb:9:in `run'
    /usr/local/lib/ruby/gems/1.8/gems/rspec-1.2.7/bin/spec:4

328)
[31mActionView::MissingTemplate in '/images/index.html.erb renders a list of images'
Missing template images/index.html.erb in view path /root/work/knight/app/views:[0m
./spec/views/images/index.html.erb_spec.rb:36:

329)
[31mActionController::RoutingError in 'BlogsController route recognition generates params for #index'
No route matches "users/1/blogs" with {:method=>:get}[0m
./spec/routing/blogs_routing_spec.rb:46:

330)
[31mActionController::RoutingError in 'BlogsController route recognition generates params for #new'
No route matches "users/1/blogs/new" with {:method=>:get}[0m
./spec/routing/blogs_routing_spec.rb:51:

331)
[31mActionController::RoutingError in 'BlogsController route recognition generates params for #create'
No route matches "users/1/blogs" with {:method=>:post}[0m
./spec/routing/blogs_routing_spec.rb:55:

332)
[31mActionController::RoutingError in 'BlogsController route recognition generates params for #show'
No route matches "users/1/blogs/1" with {:method=>:get}[0m
./spec/routing/blogs_routing_spec.rb:59:

333)
[31mActionController::RoutingError in 'BlogsController route recognition generates params for #edit'
No route matches "users/1/blogs/1/edit" with {:method=>:get}[0m
./spec/routing/blogs_routing_spec.rb:63:

334)
[31mActionController::RoutingError in 'BlogsController route recognition generates params for #update'
No route matches "users/1/blogs/1" with {:method=>:put}[0m
./spec/routing/blogs_routing_spec.rb:67:

335)
[31mActionController::RoutingError in 'BlogsController route recognition generates params for #destroy'
No route matches "users/1/blogs/1" with {:method=>:delete}[0m
./spec/routing/blogs_routing_spec.rb:71:

336)
[31mSpec::Mocks::MockExpectationError in 'AdminsController DELETE destroy destroys the requested admin'
<Admin(id: integer, area: string, info: text, user_id: integer, name: string, created_at: datetime, updated_at: datetime) (class)> expected :find with ("37") once, but received it 0 times[0m
./spec/controllers/admins_controller_spec.rb:119:

337)
[31m'AdminsController DELETE destroy redirects to the admins list' FAILED
expected redirect to "http://test.host/admins", got redirect to "http://test.host/admin/sessions/new"[0m
./spec/controllers/admins_controller_spec.rb:127:

338)
[31mSpec::Mocks::MockExpectationError in 'AdminsController PUT update with invalid params updates the requested admin'
<Admin(id: integer, area: string, info: text, user_id: integer, name: string, created_at: datetime, updated_at: datetime) (class)> expected :find with ("37") once, but received it 0 times[0m
./spec/controllers/admins_controller_spec.rb:97:

339)
[31m'AdminsController PUT update with invalid params assigns the admin as @admin' FAILED

expected #<Admin:70231583016000> => #<Admin:0x3fe0108ec440 @name="Admin_1235">
     got #<NilClass:4> => nil

Compared using equal?, which compares object identity,
but expected and actual are not the same object. Use
'actual.should == expected' if you don't care about
object identity in this example.

[0m
./spec/controllers/admins_controller_spec.rb:105:

340)
[31m'AdminsController PUT update with invalid params re-renders the 'edit' template' FAILED
expected "edit", got ""[0m
./spec/controllers/admins_controller_spec.rb:111:

341)
[31mSpec::Mocks::MockExpectationError in 'AdminsController PUT update with valid params updates the requested admin'
<Admin(id: integer, area: string, info: text, user_id: integer, name: string, created_at: datetime, updated_at: datetime) (class)> expected :find with ("37") once, but received it 0 times[0m
./spec/controllers/admins_controller_spec.rb:77:

342)
[31m'AdminsController PUT update with valid params assigns the requested admin as @admin' FAILED

expected #<Admin:70231582839600> => #<Admin:0x3fe0108c1330 @name="Admin_1238">
     got #<NilClass:4> => nil

Compared using equal?, which compares object identity,
but expected and actual are not the same object. Use
'actual.should == expected' if you don't care about
object identity in this example.

[0m
./spec/controllers/admins_controller_spec.rb:85:

343)
[31m'AdminsController PUT update with valid params redirects to the admin' FAILED
expected redirect to "http://test.host/admins/1239", got redirect to "http://test.host/admin/sessions/new"[0m
./spec/controllers/admins_controller_spec.rb:91:

344)
[31m'AdminsController POST create with invalid params assigns a newly created but unsaved admin as @admin' FAILED

expected #<Admin:70231582671400> => #<Admin:0x3fe010898228 @name="Admin_1240">
     got #<NilClass:4> => nil

Compared using equal?, which compares object identity,
but expected and actual are not the same object. Use
'actual.should == expected' if you don't care about
object identity in this example.

[0m
./spec/controllers/admins_controller_spec.rb:61:

345)
[31m'AdminsController POST create with invalid params re-renders the 'new' template' FAILED
expected "new", got ""[0m
./spec/controllers/admins_controller_spec.rb:67:

346)
[31m'AdminsController POST create with valid params assigns a newly created admin as @admin' FAILED

expected #<Admin:70231582546300> => #<Admin:0x3fe01087997c @name="Admin_1242">
     got #<NilClass:4> => nil

Compared using equal?, which compares object identity,
but expected and actual are not the same object. Use
'actual.should == expected' if you don't care about
object identity in this example.

[0m
./spec/controllers/admins_controller_spec.rb:47:

347)
[31m'AdminsController POST create with valid params redirects to the created admin' FAILED
expected redirect to "http://test.host/admins/1243", got redirect to "http://test.host/admin/sessions/new"[0m
./spec/controllers/admins_controller_spec.rb:53:

348)
[31m'AdminsController GET edit assigns the requested admin as @admin' FAILED

expected #<Admin:70231582434520> => #<Admin:0x3fe01085e4d8 @name="Admin_1244">
     got #<NilClass:4> => nil

Compared using equal?, which compares object identity,
but expected and actual are not the same object. Use
'actual.should == expected' if you don't care about
object identity in this example.

[0m
./spec/controllers/admins_controller_spec.rb:37:

349)
[31m'AdminsController GET new assigns a new admin as @admin' FAILED

expected #<Admin:70231582369340> => #<Admin:0x3fe01084e63c @name="Admin_1245">
     got #<NilClass:4> => nil

Compared using equal?, which compares object identity,
but expected and actual are not the same object. Use
'actual.should == expected' if you don't care about
object identity in this example.

[0m
./spec/controllers/admins_controller_spec.rb:29:

350)
[31m'AdminsController GET show assigns the requested admin as @admin' FAILED

expected #<Admin:70231582292620> => #<Admin:0x3fe01083ba8c @name="Admin_1246">
     got #<NilClass:4> => nil

Compared using equal?, which compares object identity,
but expected and actual are not the same object. Use
'actual.should == expected' if you don't care about
object identity in this example.

[0m
./spec/controllers/admins_controller_spec.rb:21:

351)
[31m'AdminsController GET index assigns all admins as @admins' FAILED
expected: [#<Admin:0x3fe01082caf0 @name="Admin_1247">],
     got: nil (using ==)[0m
./spec/controllers/admins_controller_spec.rb:13:

352)
[31m'/admins/edit.html.erb renders the edit admin form' FAILED
Expected at least 1 element matching "input#admin_user_id[name='admin[user_id]']", found 0.
<false> is not true.[0m
./spec/views/admins/edit.html.erb_spec.rb:21:
./spec/views/admins/edit.html.erb_spec.rb:18:

353)
[31m'/admins/index.html.erb renders a list of admins' FAILED
2.
<false> is not true.[0m
./spec/views/admins/index.html.erb_spec.rb:25:

354)
[31m'/admins/new.html.erb renders new admin form' FAILED
Expected at least 1 element matching "input#admin_user_id[name='admin[user_id]']", found 0.
<false> is not true.[0m
./spec/views/admins/new.html.erb_spec.rb:21:
./spec/views/admins/new.html.erb_spec.rb:18:

Finished in 3.238162 seconds

[31m434 examples, 354 failures[0m
rake aborted!
Command /usr/local/bin/ruby -I"/usr/local/lib/ruby/gems/1.8/gems/rspec-1.2.7/lib"  "/usr/local/lib/ruby/gems/1.8/gems/rspec-1.2.7/bin/spec" "spec/models/category_spec.rb" "spec/models/comment_spec.rb" "spec/models/image_spec.rb" "spec/models/blog_spec.rb" "spec/models/categorization_spec.rb" "spec/models/user_spec.rb" "spec/models/blog_comment_spec.rb" "spec/models/cover_spec.rb" "spec/models/banner_spec.rb" "spec/models/forum_spec.rb" "spec/models/topic_spec.rb" "spec/models/blog_vote_spec.rb" "spec/models/admin_spec.rb" "spec/models/profile_spec.rb" "spec/controllers/blogs_controller_spec.rb" "spec/controllers/images_controller_spec.rb" "spec/controllers/blog_comments_controller_spec.rb" "spec/controllers/admins_controller_spec.rb" "spec/controllers/users_controller_spec.rb" "spec/controllers/comments_controller_spec.rb" "spec/controllers/forums_controller_spec.rb" "spec/controllers/categories_controller_spec.rb" "spec/controllers/covers_controller_spec.rb" "spec/controllers/topics_controller_spec.rb" "spec/controllers/profiles_controller_spec.rb" "spec/controllers/banners_controller_spec.rb" "spec/helpers/profiles_helper_spec.rb" "spec/helpers/comments_helper_spec.rb" "spec/helpers/blogs_helper_spec.rb" "spec/helpers/covers_helper_spec.rb" "spec/helpers/images_helper_spec.rb" "spec/helpers/banners_helper_spec.rb" "spec/helpers/blog_comments_helper_spec.rb" "spec/helpers/categories_helper_spec.rb" "spec/helpers/topics_helper_spec.rb" "spec/helpers/users_helper_spec.rb" "spec/helpers/forums_helper_spec.rb" "spec/helpers/admins_helper_spec.rb" "spec/routing/categories_routing_spec.rb" "spec/routing/covers_routing_spec.rb" "spec/routing/profiles_routing_spec.rb" "spec/routing/forums_routing_spec.rb" "spec/routing/banners_routing_spec.rb" "spec/routing/users_routing_spec.rb" "spec/routing/admins_routing_spec.rb" "spec/routing/blogs_routing_spec.rb" "spec/routing/blog_comments_routing_spec.rb" "spec/routing/topics_routing_spec.rb" "spec/routing/comments_routing_spec.rb" "spec/routing/images_routing_spec.rb" "spec/integration/blogs_spec.rb" "spec/integration/forums_spec.rb" "spec/integration/profiles_spec.rb" "spec/integration/users_spec.rb" "spec/integration/admins_spec.rb" "spec/integration/blog_comments_spec.rb" "spec/integration/banners_spec.rb" "spec/integration/comments_spec.rb" "spec/integration/topics_spec.rb" "spec/integration/images_spec.rb" "spec/integration/categories_spec.rb" "spec/integration/covers_spec.rb" "spec/views/profiles/new.html.erb_spec.rb" "spec/views/profiles/edit.html.erb_spec.rb" "spec/views/profiles/index.html.erb_spec.rb" "spec/views/profiles/show.html.erb_spec.rb" "spec/views/covers/new.html.erb_spec.rb" "spec/views/covers/edit.html.erb_spec.rb" "spec/views/covers/index.html.erb_spec.rb" "spec/views/covers/show.html.erb_spec.rb" "spec/views/topics/new.html.erb_spec.rb" "spec/views/topics/edit.html.erb_spec.rb" "spec/views/topics/index.html.erb_spec.rb" "spec/views/topics/show.html.erb_spec.rb" "spec/views/images/new.html.erb_spec.rb" "spec/views/images/edit.html.erb_spec.rb" "spec/views/images/index.html.erb_spec.rb" "spec/views/images/show.html.erb_spec.rb" "spec/views/admins/new.html.erb_spec.rb" "spec/views/admins/edit.html.erb_spec.rb" "spec/views/admins/index.html.erb_spec.rb" "spec/views/admins/show.html.erb_spec.rb" "spec/views/forums/new.html.erb_spec.rb" "spec/views/forums/edit.html.erb_spec.rb" "spec/views/forums/index.html.erb_spec.rb" "spec/views/forums/show.html.erb_spec.rb" "spec/views/banners/new.html.erb_spec.rb" "spec/views/banners/edit.html.erb_spec.rb" "spec/views/banners/index.html.erb_spec.rb" "spec/views/banners/show.html.erb_spec.rb" "spec/views/users/new.html.erb_spec.rb" "spec/views/users/edit.html.erb_spec.rb" "spec/views/users/index.html.erb_spec.rb" "spec/views/users/show.html.erb_spec.rb" "spec/views/comments/new.html.erb_spec.rb" "spec/views/comments/edit.html.erb_spec.rb" "spec/views/comments/index.html.erb_spec.rb" "spec/views/comments/show.html.erb_spec.rb" "spec/views/blog_comments/new.html.erb_spec.rb" "spec/views/blog_comments/edit.html.erb_spec.rb" "spec/views/blog_comments/index.html.erb_spec.rb" "spec/views/blog_comments/show.html.erb_spec.rb" "spec/views/blogs/new.html.erb_spec.rb" "spec/views/blogs/edit.html.erb_spec.rb" "spec/views/blogs/index.html.erb_spec.rb" "spec/views/blogs/show.html.erb_spec.rb" "spec/views/categories/new.html.erb_spec.rb" "spec/views/categories/edit.html.erb_spec.rb" "spec/views/categories/index.html.erb_spec.rb" "spec/views/categories/show.html.erb_spec.rb" --options "/root/work/knight/spec/spec.opts" failed

(See full trace by running task with --trace)
]0;root@ubuntu: ~/work/knightroot@ubuntu:~/work/knight# rake
(in /root/work/knight)
/usr/local/bin/ruby -I"lib:test" "/usr/local/lib/ruby/gems/1.8/gems/rake-0.8.7/lib/rake/rake_test_loader.rb"  
/usr/local/bin/ruby -I"lib:test" "/usr/local/lib/ruby/gems/1.8/gems/rake-0.8.7/lib/rake/rake_test_loader.rb"  
/usr/local/bin/ruby -I"lib:test" "/usr/local/lib/ruby/gems/1.8/gems/rake-0.8.7/lib/rake/rake_test_loader.rb"  
]0;root@ubuntu: ~/work/knightroot@ubuntu:~/work/knight# rake --tasks
(in /root/work/knight)
rake db:abort_if_pending_migrations  # Raises an error if there are pending migrations
rake db:charset                      # Retrieves the charset for the current environment's database
rake db:collation                    # Retrieves the collation for the current environment's database
rake db:create                       # Create the database defined in config/database.yml for the current RAILS_ENV
rake db:create:all                   # Create all the local databases defined in config/database.yml
rake db:drop                         # Drops the database for the current RAILS_ENV
rake db:drop:all                     # Drops all the local databases defined in config/database.yml
rake db:fixtures:identify            # Search for a fixture given a LABEL or ID.
rake db:fixtures:load                # Load fixtures into the current environment's database.
rake db:migrate                      # Migrate the database through scripts in db/migrate.
rake db:migrate:down                 # Runs the "down" for a given migration VERSION.
rake db:migrate:redo                 # Rollbacks the database one migration and re migrate up.
rake db:migrate:reset                # Resets your database using your migrations for the current environment
rake db:migrate:up                   # Runs the "up" for a given migration VERSION.
rake db:reset                        # Drops and recreates the database from db/schema.rb for the current environment.
rake db:rollback                     # Rolls the schema back to the previous version.
rake db:schema:dump                  # Create a db/schema.rb file that can be portably used against any DB supported by AR
rake db:schema:load                  # Load a schema.rb file into the database
rake db:sessions:clear               # Clear the sessions table
rake db:sessions:create              # Creates a sessions migration for use with CGI::Session::ActiveRecordStore
rake db:structure:dump               # Dump the database structure to a SQL file
rake db:test:clone                   # Recreate the test database from the current environment's database schema
rake db:test:clone_structure         # Recreate the test databases from the development structure
rake db:test:load                    # Recreate the test database from the current schema.rb
rake db:test:prepare                 # Check for pending migrations and load the test schema
rake db:test:purge                   # Empty the test database
rake db:version                      # Retrieves the current schema version number
rake doc:app                         # Build the RDOC HTML Files
rake doc:clobber_app                 # Remove rdoc products
rake doc:clobber_plugins             # Remove plugin documentation
rake doc:clobber_rails               # Remove rdoc products
rake doc:guides                      # Generate Rails guides
rake doc:plugins                     # Generate documentation for all installed plugins
rake doc:plugins:attachment_fu       # Generate documentation for the attachment_fu plugin
rake doc:plugins:fckeditor           # Generate documentation for the fckeditor plugin
rake doc:plugins:jrails              # Generate documentation for the jrails plugin
rake doc:plugins:will_paginate       # Generate documentation for the will_paginate plugin
rake doc:rails                       # Build the RDOC HTML Files
rake doc:reapp                       # Force a rebuild of the RDOC files
rake doc:rerails                     # Force a rebuild of the RDOC files
rake fckeditor:download              # Update the FCKEditor code to the latest nightly build
rake fckeditor:install               # Install the FCKEditor components
rake gems                            # List the gems that this rails application depends on
rake gems:build                      # Build any native extensions for unpacked gems
rake gems:install                    # Installs all required gems for this application.
rake gems:refresh_specs              # Regenerate gem specifications in correct format.
rake gems:unpack                     # Unpacks the specified gem into vendor/gems.
rake gems:unpack:dependencies        # Unpacks the specified gems and its dependencies into vendor/gems
rake jrails:install:javascripts      # Installs the jQuery and jRails javascripts to public/javascripts
rake jrails:scrub                    # Remove the prototype / script.aculo.us javascript files
rake jrails:update:javascripts       # Copies the jQuery and jRails javascripts to public/javascripts
rake log:clear                       # Truncates all *.log files in log/ to zero bytes
rake notes                           # Enumerate all annotations
rake notes:custom                    # Enumerate a custom annotation, specify with ANNOTATION=WTFHAX
rake notes:fixme                     # Enumerate all FIXME annotations
rake notes:optimize                  # Enumerate all OPTIMIZE annotations
rake notes:todo                      # Enumerate all TODO annotations
rake rails:freeze:edge               # Lock to latest Edge Rails, for a specific release use RELEASE=1.2.0
rake rails:freeze:gems               # Lock this application to the current gems (by unpacking them into vendor/rails)
rake rails:unfreeze                  # Unlock this application from freeze of gems or edge and return to a fluid use of system gems
rake rails:update                    # Update both configs, scripts and public/javascripts from Rails
rake rails:update:configs            # Update config/boot.rb from your current rails install
rake rails:update:javascripts        # Update your javascripts from your current rails install
rake rails:update:scripts            # Add new scripts to the application script/ directory
rake routes                          # Print out all defined routes in match order, with names.
rake secret                          # Generate a crytographically secure secret key.
rake spec                            # Run all specs in spec directory (excluding plugin specs)
rake spec:clobber_rcov               # Remove rcov products for rcov
rake spec:controllers                # Run the code examples in spec/controllers
rake spec:db:fixtures:load           # Load fixtures (from spec/fixtures) into the current environment's database.
rake spec:doc                        # Print Specdoc for all specs (excluding plugin specs)
rake spec:helpers                    # Run the code examples in spec/helpers
rake spec:integration                # Run the code examples in spec/integration
rake spec:lib                        # Run the code examples in spec/lib
rake spec:models                     # Run the code examples in spec/models
rake spec:plugin_doc                 # Print Specdoc for all plugin examples
rake spec:plugins                    # Run the code examples in vendor/plugins (except RSpec's own)
rake spec:plugins:rspec_on_rails     # Runs the examples for rspec_on_rails
rake spec:rcov                       # Run all specs in spec directory with RCov (excluding plugin specs)
rake spec:server:restart             # restart spec_server.
rake spec:server:start               # start spec_server.
rake spec:server:status              # check if spec server is running
rake spec:server:stop                # stop spec_server.
rake spec:views                      # Run the code examples in spec/views
rake stats                           # Report code statistics (KLOCs, etc) from the application
rake test                            # Run all unit, functional and integration tests
rake test:benchmark                  # Run tests for benchmarkdb:test:prepare / Benchmark the performance tests
rake test:functionals                # Run tests for functionalsdb:test:prepare / Run the functional tests in test/functional
rake test:integration                # Run tests for integrationdb:test:prepare / Run the integration tests in test/integration
rake test:plugins                    # Run tests for pluginsenvironment / Run the plugin tests in vendor/plugins/*/**/test (or specify with PLUGIN=name)
rake test:profile                    # Run tests for profiledb:test:prepare / Profile the performance tests
rake test:recent                     # Run tests for recentdb:test:prepare / Test recent changes
rake test:uncommitted                # Run tests for uncommitteddb:test:prepare / Test changes since last checkin (only Subversion and Git)
rake test:units                      # Run tests for unitsdb:test:prepare / Run the unit tests in test/unit
rake time:zones:all                  # Displays names of all time zones recognized by the Rails TimeZone class, grouped by offset.
rake time:zones:local                # Displays names of time zones recognized by the Rails TimeZone class with the same offset as the system local time
rake time:zones:us                   # Displays names of US time zones recognized by the Rails TimeZone class, grouped by offset.
rake tmp:cache:clear                 # Clears all files and directories in tmp/cache
rake tmp:clear                       # Clear session, cache, and socket files from tmp/
rake tmp:create                      # Creates tmp directories for sessions, cache, and sockets
rake tmp:pids:clear                  # Clears all files in tmp/pids
rake tmp:sessions:clear              # Clears all files in tmp/sessions
rake tmp:sockets:clear               # Clears all files in tmp/sockets
]0;root@ubuntu: ~/work/knightroot@ubuntu:~/work/knight# rake db:drop:all
(in /root/work/knight)
]0;root@ubuntu: ~/work/knightroot@ubuntu:~/work/knight# rake db:createa[K:all
(in /root/work/knight)
]0;root@ubuntu: ~/work/knightroot@ubuntu:~/work/knight# rake db:migrate
(in /root/work/knight)
==  CreateUsers: migrating ====================================================
-- create_table(:users)
   -> 0.0030s
==  CreateUsers: migrated (0.0204s) ===========================================

==  Create